(0000) 3000  0011000000000000 (   1)                 .ORIG x3000
(3000) 2803  0010100000000011 (   2)                 LD    R4 x3004
(3001) 2A03  0010101000000011 (   3)                 LD    R5 x3005
(3002) 2C03  0010110000000011 (   4)                 LD    R6 x3006
(3003) 0E03  0000111000000011 (   5)                 BRNZP Fnmain
(3004) 35B9  0011010110111001 (   6)                 .FILL x35B9
(3005) 3563  0011010101100011 (   7)                 .FILL x3563
(3006) 3569  0011010101101001 (   8)                 .FILL x3569
(3007) 2201  0010001000000001 (  10) Fnmain          LD    R1 x3009
(3008) 0E01  0000111000000001 (  11)                 BRNZP LBL7
(3009) F000  1111000000000000 (  12)                 .FILL xF000
(300A) 7301  0111001100000001 (  13) LBL7            STR   R1 R4 #1
(300B) 6301  0110001100000001 (  14)                 LDR   R1 R4 #1
(300C) 733E  0111001100111110 (  15)                 STR   R1 R4 #-2
(300D) E201  1110001000000001 (  16)                 LEA   R1 x300F
(300E) 0E1E  0000111000011110 (  17)                 BRNZP LBL8
(300F) 0054  0000000001010100 (  18)                 .FILL x0054
(3010) 0079  0000000001111001 (  18)                 .FILL x0079
(3011) 0070  0000000001110000 (  18)                 .FILL x0070
(3012) 0065  0000000001100101 (  18)                 .FILL x0065
(3013) 0020  0000000000100000 (  18)                 .FILL x0020
(3014) 0061  0000000001100001 (  18)                 .FILL x0061
(3015) 0020  0000000000100000 (  18)                 .FILL x0020
(3016) 006E  0000000001101110 (  18)                 .FILL x006E
(3017) 0061  0000000001100001 (  18)                 .FILL x0061
(3018) 006D  0000000001101101 (  18)                 .FILL x006D
(3019) 0065  0000000001100101 (  18)                 .FILL x0065
(301A) 0020  0000000000100000 (  18)                 .FILL x0020
(301B) 0061  0000000001100001 (  18)                 .FILL x0061
(301C) 006E  0000000001101110 (  18)                 .FILL x006E
(301D) 0064  0000000001100100 (  18)                 .FILL x0064
(301E) 0020  0000000000100000 (  18)                 .FILL x0020
(301F) 0070  0000000001110000 (  18)                 .FILL x0070
(3020) 0072  0000000001110010 (  18)                 .FILL x0072
(3021) 0065  0000000001100101 (  18)                 .FILL x0065
(3022) 0073  0000000001110011 (  18)                 .FILL x0073
(3023) 0073  0000000001110011 (  18)                 .FILL x0073
(3024) 0020  0000000000100000 (  18)                 .FILL x0020
(3025) 0045  0000000001000101 (  18)                 .FILL x0045
(3026) 006E  0000000001101110 (  18)                 .FILL x006E
(3027) 0074  0000000001110100 (  18)                 .FILL x0074
(3028) 0065  0000000001100101 (  18)                 .FILL x0065
(3029) 0072  0000000001110010 (  18)                 .FILL x0072
(302A) 003A  0000000000111010 (  18)                 .FILL x003A
(302B) 0020  0000000000100000 (  18)                 .FILL x0020
(302C) 0000  0000000000000000 (  18)                 .FILL x0000
(302D) 7301  0111001100000001 (  19) LBL8            STR   R1 R4 #1
(302E) 6101  0110000100000001 (  20)                 LDR   R0 R4 #1
(302F) F022  1111000000100010 (  21)                 TRAP  x22
(3030) 133E  0001001100111110 (  22)                 ADD   R1 R4 #-2
(3031) 7301  0111001100000001 (  23)                 STR   R1 R4 #1
(3032) 6F01  0110111100000001 (  25)                 LDR   R7 R4 #1
(3033) 6FC0  0110111111000000 (  26)                 LDR   R7 R7 #0
(3034) 7F01  0111111100000001 (  27)                 STR   R7 R4 #1
(3035) 6101  0110000100000001 (  29)                 LDR   R0 R4 #1
(3036) 6FBC  0110111110111100 (  30)                 LDR   R7 R6 #-4
(3037) 41C0  0100000111000000 (  31)                 JSRR  R7
(3038) 2201  0010001000000001 (  32)                 LD    R1 x303A
(3039) 0E01  0000111000000001 (  33)                 BRNZP LBL9
(303A) 0000  0000000000000000 (  34)                 .FILL x0000
(303B) 7301  0111001100000001 (  35) LBL9            STR   R1 R4 #1
(303C) 6301  0110001100000001 (  36)                 LDR   R1 R4 #1
(303D) 733D  0111001100111101 (  37)                 STR   R1 R4 #-3
(303E) 2201  0010001000000001 (  38)                 LD    R1 x3040
(303F) 0E01  0000111000000001 (  39)                 BRNZP LBL12
(3040) 4000  0100000000000000 (  40)                 .FILL x4000
(3041) 7301  0111001100000001 (  41) LBL12           STR   R1 R4 #1
(3042) 6301  0110001100000001 (  42)                 LDR   R1 R4 #1
(3043) 733C  0111001100111100 (  43)                 STR   R1 R4 #-4
(3044) 5020  0101000000100000 (  44)                 AND   R0 R0 #0
(3045) 133C  0001001100111100 (  46) LBL11           ADD   R1 R4 #-4
(3046) 7301  0111001100000001 (  47)                 STR   R1 R4 #1
(3047) 6F01  0110111100000001 (  49)                 LDR   R7 R4 #1
(3048) 6FC0  0110111111000000 (  50)                 LDR   R7 R7 #0
(3049) 7F01  0111111100000001 (  51)                 STR   R7 R4 #1
(304A) 2201  0010001000000001 (  53)                 LD    R1 x304C
(304B) 0E01  0000111000000001 (  54)                 BRNZP LBL13
(304C) 0000  0000000000000000 (  55)                 .FILL x0000
(304D) 7302  0111001100000010 (  56) LBL13           STR   R1 R4 #2
(304E) 6502  0110010100000010 (  57)                 LDR   R2 R4 #2
(304F) 6301  0110001100000001 (  58)                 LDR   R1 R4 #1
(3050) 94BF  1001010010111111 (  59)                 NOT   R2 R2
(3051) 14A1  0001010010100001 (  60)                 ADD   R2 R2 #1
(3052) 5020  0101000000100000 (  61)                 AND   R0 R0 #0
(3053) 1242  0001001001000010 (  62)                 ADD   R1 R1 R2
(3054) 0401  0000010000000001 (  63)                 BRZ   LBL14
(3055) 1021  0001000000100001 (  64)                 ADD   R0 R0 #1
(3056) 7101  0111000100000001 (  65) LBL14           STR   R0 R4 #1
(3057) 6101  0110000100000001 (  67)                 LDR   R0 R4 #1
(3058) 04BE  0000010010111110 (  68)                 BRZ   LBL10
(3059) 133C  0001001100111100 (  69)                 ADD   R1 R4 #-4
(305A) 7301  0111001100000001 (  70)                 STR   R1 R4 #1
(305B) 6F01  0110111100000001 (  72)                 LDR   R7 R4 #1
(305C) 6FC0  0110111111000000 (  73)                 LDR   R7 R7 #0
(305D) 7F01  0111111100000001 (  74)                 STR   R7 R4 #1
(305E) 2201  0010001000000001 (  76)                 LD    R1 x3060
(305F) 0E01  0000111000000001 (  77)                 BRNZP LBL15
(3060) 0001  0000000000000001 (  78)                 .FILL x0001
(3061) 7302  0111001100000010 (  79) LBL15           STR   R1 R4 #2
(3062) 6502  0110010100000010 (  80)                 LDR   R2 R4 #2
(3063) 6301  0110001100000001 (  81)                 LDR   R1 R4 #1
(3064) 1242  0001001001000010 (  82)                 ADD   R1 R1 R2
(3065) 7301  0111001100000001 (  83)                 STR   R1 R4 #1
(3066) 6F01  0110111100000001 (  85)                 LDR   R7 R4 #1
(3067) 6FC0  0110111111000000 (  86)                 LDR   R7 R7 #0
(3068) 7F01  0111111100000001 (  87)                 STR   R7 R4 #1
(3069) 6301  0110001100000001 (  89)                 LDR   R1 R4 #1
(306A) 733B  0111001100111011 (  90)                 STR   R1 R4 #-5
(306B) 133C  0001001100111100 (  91)                 ADD   R1 R4 #-4
(306C) 7301  0111001100000001 (  92)                 STR   R1 R4 #1
(306D) 6F01  0110111100000001 (  94)                 LDR   R7 R4 #1
(306E) 6FC0  0110111111000000 (  95)                 LDR   R7 R7 #0
(306F) 7F01  0111111100000001 (  96)                 STR   R7 R4 #1
(3070) 2201  0010001000000001 (  98)                 LD    R1 x3072
(3071) 0E01  0000111000000001 (  99)                 BRNZP LBL16
(3072) 0003  0000000000000011 ( 100)                 .FILL x0003
(3073) 7302  0111001100000010 ( 101) LBL16           STR   R1 R4 #2
(3074) 6502  0110010100000010 ( 102)                 LDR   R2 R4 #2
(3075) 6301  0110001100000001 ( 103)                 LDR   R1 R4 #1
(3076) 1242  0001001001000010 ( 104)                 ADD   R1 R1 R2
(3077) 7301  0111001100000001 ( 105)                 STR   R1 R4 #1
(3078) 6F01  0110111100000001 ( 107)                 LDR   R7 R4 #1
(3079) 6FC0  0110111111000000 ( 108)                 LDR   R7 R7 #0
(307A) 7F01  0111111100000001 ( 109)                 STR   R7 R4 #1
(307B) 6301  0110001100000001 ( 111)                 LDR   R1 R4 #1
(307C) 733A  0111001100111010 ( 112)                 STR   R1 R4 #-6
(307D) 133C  0001001100111100 ( 113)                 ADD   R1 R4 #-4
(307E) 7301  0111001100000001 ( 114)                 STR   R1 R4 #1
(307F) 6F01  0110111100000001 ( 116)                 LDR   R7 R4 #1
(3080) 6FC0  0110111111000000 ( 117)                 LDR   R7 R7 #0
(3081) 7F01  0111111100000001 ( 118)                 STR   R7 R4 #1
(3082) 2201  0010001000000001 ( 120)                 LD    R1 x3084
(3083) 0E01  0000111000000001 ( 121)                 BRNZP LBL17
(3084) 0002  0000000000000010 ( 122)                 .FILL x0002
(3085) 7302  0111001100000010 ( 123) LBL17           STR   R1 R4 #2
(3086) 6502  0110010100000010 ( 124)                 LDR   R2 R4 #2
(3087) 6301  0110001100000001 ( 125)                 LDR   R1 R4 #1
(3088) 1242  0001001001000010 ( 126)                 ADD   R1 R1 R2
(3089) 7301  0111001100000001 ( 127)                 STR   R1 R4 #1
(308A) 6F01  0110111100000001 ( 129)                 LDR   R7 R4 #1
(308B) 6FC0  0110111111000000 ( 130)                 LDR   R7 R7 #0
(308C) 7F01  0111111100000001 ( 131)                 STR   R7 R4 #1
(308D) 6301  0110001100000001 ( 133)                 LDR   R1 R4 #1
(308E) 7339  0111001100111001 ( 134)                 STR   R1 R4 #-7
(308F) 6340  0110001101000000 ( 135)                 LDR   R1 R5 #0
(3090) 7301  0111001100000001 ( 136)                 STR   R1 R4 #1
(3091) 133E  0001001100111110 ( 138)                 ADD   R1 R4 #-2
(3092) 7302  0111001100000010 ( 139)                 STR   R1 R4 #2
(3093) 6F02  0110111100000010 ( 141)                 LDR   R7 R4 #2
(3094) 6FC0  0110111111000000 ( 142)                 LDR   R7 R7 #0
(3095) 7F02  0111111100000010 ( 143)                 STR   R7 R4 #2
(3096) 133A  0001001100111010 ( 145)                 ADD   R1 R4 #-6
(3097) 7303  0111001100000011 ( 146)                 STR   R1 R4 #3
(3098) 6F03  0110111100000011 ( 148)                 LDR   R7 R4 #3
(3099) 6FC0  0110111111000000 ( 149)                 LDR   R7 R7 #0
(309A) 7F03  0111111100000011 ( 150)                 STR   R7 R4 #3
(309B) 6303  0110001100000011 ( 152)                 LDR   R1 R4 #3
(309C) 7303  0111001100000011 ( 154)                 STR   R1 R4 #3
(309D) 6302  0110001100000010 ( 155)                 LDR   R1 R4 #2
(309E) 7302  0111001100000010 ( 157)                 STR   R1 R4 #2
(309F) 5260  0101001001100000 ( 158)                 AND   R1 R1 #0
(30A0) 7305  0111001100000101 ( 159)                 STR   R1 R4 #5
(30A1) 6F01  0110111100000001 ( 160)                 LDR   R7 R4 #1
(30A2) 5260  0101001001100000 ( 161)                 AND   R1 R1 #0
(30A3) 127F  0001001001111111 ( 162)                 ADD   R1 R1 #-1
(30A4) 7301  0111001100000001 ( 163)                 STR   R1 R4 #1
(30A5) 1921  0001100100100001 ( 164)                 ADD   R4 R4 #1
(30A6) 41C0  0100000111000000 ( 165)                 JSRR  R7
(30A7) 7101  0111000100000001 ( 166)                 STR   R0 R4 #1
(30A8) 5FE0  0101111111100000 ( 168)                 AND   R7 R7 #0
(30A9) 6301  0110001100000001 ( 169)                 LDR   R1 R4 #1
(30AA) 0A01  0000101000000001 ( 170)                 BRNP  LBL18
(30AB) 1FE1  0001111111100001 ( 171)                 ADD   R7 R7 #1
(30AC) 7F01  0111111100000001 ( 173) LBL18           STR   R7 R4 #1
(30AD) 6101  0110000100000001 ( 175)                 LDR   R0 R4 #1
(30AE) 0A23  0000101000100011 ( 176)                 BRNP  LBL19
(30AF) 6340  0110001101000000 ( 177)                 LDR   R1 R5 #0
(30B0) 7301  0111001100000001 ( 178)                 STR   R1 R4 #1
(30B1) 133E  0001001100111110 ( 180)                 ADD   R1 R4 #-2
(30B2) 7302  0111001100000010 ( 181)                 STR   R1 R4 #2
(30B3) 6F02  0110111100000010 ( 183)                 LDR   R7 R4 #2
(30B4) 6FC0  0110111111000000 ( 184)                 LDR   R7 R7 #0
(30B5) 7F02  0111111100000010 ( 185)                 STR   R7 R4 #2
(30B6) 1339  0001001100111001 ( 187)                 ADD   R1 R4 #-7
(30B7) 7303  0111001100000011 ( 188)                 STR   R1 R4 #3
(30B8) 6F03  0110111100000011 ( 190)                 LDR   R7 R4 #3
(30B9) 6FC0  0110111111000000 ( 191)                 LDR   R7 R7 #0
(30BA) 7F03  0111111100000011 ( 192)                 STR   R7 R4 #3
(30BB) 6303  0110001100000011 ( 194)                 LDR   R1 R4 #3
(30BC) 7303  0111001100000011 ( 196)                 STR   R1 R4 #3
(30BD) 6302  0110001100000010 ( 197)                 LDR   R1 R4 #2
(30BE) 7302  0111001100000010 ( 199)                 STR   R1 R4 #2
(30BF) 5260  0101001001100000 ( 200)                 AND   R1 R1 #0
(30C0) 7305  0111001100000101 ( 201)                 STR   R1 R4 #5
(30C1) 6F01  0110111100000001 ( 202)                 LDR   R7 R4 #1
(30C2) 5260  0101001001100000 ( 203)                 AND   R1 R1 #0
(30C3) 127F  0001001001111111 ( 204)                 ADD   R1 R1 #-1
(30C4) 7301  0111001100000001 ( 205)                 STR   R1 R4 #1
(30C5) 1921  0001100100100001 ( 206)                 ADD   R4 R4 #1
(30C6) 41C0  0100000111000000 ( 207)                 JSRR  R7
(30C7) 7101  0111000100000001 ( 208)                 STR   R0 R4 #1
(30C8) 5FE0  0101111111100000 ( 210)                 AND   R7 R7 #0
(30C9) 6301  0110001100000001 ( 211)                 LDR   R1 R4 #1
(30CA) 0A01  0000101000000001 ( 212)                 BRNP  LBL21
(30CB) 1FE1  0001111111100001 ( 213)                 ADD   R7 R7 #1
(30CC) 7F01  0111111100000001 ( 215) LBL21           STR   R7 R4 #1
(30CD) 6101  0110000100000001 ( 217)                 LDR   R0 R4 #1
(30CE) 0A03  0000101000000011 ( 218)                 BRNP  LBL19
(30CF) 5260  0101001001100000 ( 219)                 AND   R1 R1 #0
(30D0) 7301  0111001100000001 ( 220)                 STR   R1 R4 #1
(30D1) 0E03  0000111000000011 ( 222)                 BRNZP LBL20
(30D2) 5260  0101001001100000 ( 224) LBL19           AND   R1 R1 #0
(30D3) 1261  0001001001100001 ( 225)                 ADD   R1 R1 #1
(30D4) 7301  0111001100000001 ( 226)                 STR   R1 R4 #1
(30D5) 6101  0110000100000001 ( 229) LBL20           LDR   R0 R4 #1
(30D6) 0431  0000010000110001 ( 230)                 BRZ   LBL22
(30D7) 133A  0001001100111010 ( 231)                 ADD   R1 R4 #-6
(30D8) 7301  0111001100000001 ( 232)                 STR   R1 R4 #1
(30D9) 6F01  0110111100000001 ( 234)                 LDR   R7 R4 #1
(30DA) 6FC0  0110111111000000 ( 235)                 LDR   R7 R7 #0
(30DB) 7F01  0111111100000001 ( 236)                 STR   R7 R4 #1
(30DC) 6101  0110000100000001 ( 238)                 LDR   R0 R4 #1
(30DD) F022  1111000000100010 ( 239)                 TRAP  x22
(30DE) E201  1110001000000001 ( 240)                 LEA   R1 x30E0
(30DF) 0E02  0000111000000010 ( 241)                 BRNZP LBL23
(30E0) 0020  0000000000100000 ( 242)                 .FILL x0020
(30E1) 0000  0000000000000000 ( 242)                 .FILL x0000
(30E2) 7301  0111001100000001 ( 243) LBL23           STR   R1 R4 #1
(30E3) 6101  0110000100000001 ( 244)                 LDR   R0 R4 #1
(30E4) F022  1111000000100010 ( 245)                 TRAP  x22
(30E5) 1339  0001001100111001 ( 246)                 ADD   R1 R4 #-7
(30E6) 7301  0111001100000001 ( 247)                 STR   R1 R4 #1
(30E7) 6F01  0110111100000001 ( 249)                 LDR   R7 R4 #1
(30E8) 6FC0  0110111111000000 ( 250)                 LDR   R7 R7 #0
(30E9) 7F01  0111111100000001 ( 251)                 STR   R7 R4 #1
(30EA) 6101  0110000100000001 ( 253)                 LDR   R0 R4 #1
(30EB) F022  1111000000100010 ( 254)                 TRAP  x22
(30EC) E201  1110001000000001 ( 255)                 LEA   R1 x30EE
(30ED) 0E02  0000111000000010 ( 256)                 BRNZP LBL24
(30EE) 0020  0000000000100000 ( 257)                 .FILL x0020
(30EF) 0000  0000000000000000 ( 257)                 .FILL x0000
(30F0) 7301  0111001100000001 ( 258) LBL24           STR   R1 R4 #1
(30F1) 6101  0110000100000001 ( 259)                 LDR   R0 R4 #1
(30F2) F022  1111000000100010 ( 260)                 TRAP  x22
(30F3) 133B  0001001100111011 ( 261)                 ADD   R1 R4 #-5
(30F4) 7301  0111001100000001 ( 262)                 STR   R1 R4 #1
(30F5) 6F01  0110111100000001 ( 264)                 LDR   R7 R4 #1
(30F6) 6FC0  0110111111000000 ( 265)                 LDR   R7 R7 #0
(30F7) 7F01  0111111100000001 ( 266)                 STR   R7 R4 #1
(30F8) 6101  0110000100000001 ( 268)                 LDR   R0 R4 #1
(30F9) F022  1111000000100010 ( 269)                 TRAP  x22
(30FA) E201  1110001000000001 ( 270)                 LEA   R1 x30FC
(30FB) 0E02  0000111000000010 ( 271)                 BRNZP LBL25
(30FC) 000A  0000000000001010 ( 272)                 .FILL x000A
(30FD) 0000  0000000000000000 ( 272)                 .FILL x0000
(30FE) 7301  0111001100000001 ( 273) LBL25           STR   R1 R4 #1
(30FF) 6101  0110000100000001 ( 274)                 LDR   R0 R4 #1
(3100) F022  1111000000100010 ( 275)                 TRAP  x22
(3101) 133D  0001001100111101 ( 276)                 ADD   R1 R4 #-3
(3102) 7301  0111001100000001 ( 277)                 STR   R1 R4 #1
(3103) 6301  0110001100000001 ( 279)                 LDR   R1 R4 #1
(3104) 6440  0110010001000000 ( 280)                 LDR   R2 R1 #0
(3105) 7501  0111010100000001 ( 281)                 STR   R2 R4 #1
(3106) 14A1  0001010010100001 ( 283)                 ADD   R2 R2 #1
(3107) 7440  0111010001000000 ( 284)                 STR   R2 R1 #0
(3108) 133C  0001001100111100 ( 286) LBL22           ADD   R1 R4 #-4
(3109) 7301  0111001100000001 ( 287)                 STR   R1 R4 #1
(310A) 133C  0001001100111100 ( 289)                 ADD   R1 R4 #-4
(310B) 7302  0111001100000010 ( 290)                 STR   R1 R4 #2
(310C) 6F02  0110111100000010 ( 292)                 LDR   R7 R4 #2
(310D) 6FC0  0110111111000000 ( 293)                 LDR   R7 R7 #0
(310E) 7F02  0111111100000010 ( 294)                 STR   R7 R4 #2
(310F) 6F02  0110111100000010 ( 296)                 LDR   R7 R4 #2
(3110) 6FC0  0110111111000000 ( 297)                 LDR   R7 R7 #0
(3111) 7F02  0111111100000010 ( 298)                 STR   R7 R4 #2
(3112) 6502  0110010100000010 ( 300)                 LDR   R2 R4 #2
(3113) 6301  0110001100000001 ( 301)                 LDR   R1 R4 #1
(3114) 7440  0111010001000000 ( 302)                 STR   R2 R1 #0
(3115) 7501  0111010100000001 ( 303)                 STR   R2 R4 #1
(3116) 0F2E  0000111100101110 ( 305)                 BRNZP LBL11
(3117) 133D  0001001100111101 ( 307) LBL10           ADD   R1 R4 #-3
(3118) 7301  0111001100000001 ( 308)                 STR   R1 R4 #1
(3119) 6F01  0110111100000001 ( 310)                 LDR   R7 R4 #1
(311A) 6FC0  0110111111000000 ( 311)                 LDR   R7 R7 #0
(311B) 7F01  0111111100000001 ( 312)                 STR   R7 R4 #1
(311C) 5FE0  0101111111100000 ( 314)                 AND   R7 R7 #0
(311D) 6301  0110001100000001 ( 315)                 LDR   R1 R4 #1
(311E) 0A01  0000101000000001 ( 316)                 BRNP  LBL26
(311F) 1FE1  0001111111100001 ( 317)                 ADD   R7 R7 #1
(3120) 7F01  0111111100000001 ( 319) LBL26           STR   R7 R4 #1
(3121) 6101  0110000100000001 ( 321)                 LDR   R0 R4 #1
(3122) 040F  0000010000001111 ( 322)                 BRZ   LBL27
(3123) E201  1110001000000001 ( 323)                 LEA   R1 x3125
(3124) 0E0A  0000111000001010 ( 324)                 BRNZP LBL28
(3125) 004E  0000000001001110 ( 325)                 .FILL x004E
(3126) 006F  0000000001101111 ( 325)                 .FILL x006F
(3127) 0020  0000000000100000 ( 325)                 .FILL x0020
(3128) 0045  0000000001000101 ( 325)                 .FILL x0045
(3129) 006E  0000000001101110 ( 325)                 .FILL x006E
(312A) 0074  0000000001110100 ( 325)                 .FILL x0074
(312B) 0072  0000000001110010 ( 325)                 .FILL x0072
(312C) 0079  0000000001111001 ( 325)                 .FILL x0079
(312D) 000A  0000000000001010 ( 325)                 .FILL x000A
(312E) 0000  0000000000000000 ( 325)                 .FILL x0000
(312F) 7301  0111001100000001 ( 326) LBL28           STR   R1 R4 #1
(3130) 6101  0110000100000001 ( 327)                 LDR   R0 R4 #1
(3131) F022  1111000000100010 ( 328)                 TRAP  x22
(3132) 5020  0101000000100000 ( 330) LBL27           AND   R0 R0 #0
(3133) F025  1111000000100101 ( 331) Qmain           TRAP  x25
(3134) 6300  0110001100000000 ( 336) Fnstrcmp        LDR   R1 R4 #0
(3135) 1301  0001001100000001 ( 337)                 ADD   R1 R4 R1
(3136) 7304  0111001100000100 ( 338)                 STR   R1 R4 #4
(3137) 7F03  0111111100000011 ( 339)                 STR   R7 R4 #3
(3138) 1924  0001100100100100 ( 340)                 ADD   R4 R4 #4
(3139) 5020  0101000000100000 ( 341)                 AND   R0 R0 #0
(313A) 133E  0001001100111110 ( 343) LBL1            ADD   R1 R4 #-2
(313B) 7301  0111001100000001 ( 344)                 STR   R1 R4 #1
(313C) 6F01  0110111100000001 ( 346)                 LDR   R7 R4 #1
(313D) 6FC0  0110111111000000 ( 347)                 LDR   R7 R7 #0
(313E) 7F01  0111111100000001 ( 348)                 STR   R7 R4 #1
(313F) 6F01  0110111100000001 ( 350)                 LDR   R7 R4 #1
(3140) 6FC0  0110111111000000 ( 351)                 LDR   R7 R7 #0
(3141) 7F01  0111111100000001 ( 352)                 STR   R7 R4 #1
(3142) 2201  0010001000000001 ( 354)                 LD    R1 x3144
(3143) 0E01  0000111000000001 ( 355)                 BRNZP LBL2
(3144) 0000  0000000000000000 ( 356)                 .FILL x0000
(3145) 7302  0111001100000010 ( 357) LBL2            STR   R1 R4 #2
(3146) 6502  0110010100000010 ( 358)                 LDR   R2 R4 #2
(3147) 6301  0110001100000001 ( 359)                 LDR   R1 R4 #1
(3148) 94BF  1001010010111111 ( 360)                 NOT   R2 R2
(3149) 14A1  0001010010100001 ( 361)                 ADD   R2 R2 #1
(314A) 5020  0101000000100000 ( 362)                 AND   R0 R0 #0
(314B) 1242  0001001001000010 ( 363)                 ADD   R1 R1 R2
(314C) 0401  0000010000000001 ( 364)                 BRZ   LBL3
(314D) 1021  0001000000100001 ( 365)                 ADD   R0 R0 #1
(314E) 7101  0111000100000001 ( 366) LBL3            STR   R0 R4 #1
(314F) 6101  0110000100000001 ( 368)                 LDR   R0 R4 #1
(3150) 041F  0000010000011111 ( 369)                 BRZ   LBL4
(3151) 133E  0001001100111110 ( 370)                 ADD   R1 R4 #-2
(3152) 7301  0111001100000001 ( 371)                 STR   R1 R4 #1
(3153) 6F01  0110111100000001 ( 373)                 LDR   R7 R4 #1
(3154) 6FC0  0110111111000000 ( 374)                 LDR   R7 R7 #0
(3155) 7F01  0111111100000001 ( 375)                 STR   R7 R4 #1
(3156) 6F01  0110111100000001 ( 377)                 LDR   R7 R4 #1
(3157) 6FC0  0110111111000000 ( 378)                 LDR   R7 R7 #0
(3158) 7F01  0111111100000001 ( 379)                 STR   R7 R4 #1
(3159) 133D  0001001100111101 ( 381)                 ADD   R1 R4 #-3
(315A) 7302  0111001100000010 ( 382)                 STR   R1 R4 #2
(315B) 6F02  0110111100000010 ( 384)                 LDR   R7 R4 #2
(315C) 6FC0  0110111111000000 ( 385)                 LDR   R7 R7 #0
(315D) 7F02  0111111100000010 ( 386)                 STR   R7 R4 #2
(315E) 6F02  0110111100000010 ( 388)                 LDR   R7 R4 #2
(315F) 6FC0  0110111111000000 ( 389)                 LDR   R7 R7 #0
(3160) 7F02  0111111100000010 ( 390)                 STR   R7 R4 #2
(3161) 6502  0110010100000010 ( 392)                 LDR   R2 R4 #2
(3162) 6301  0110001100000001 ( 393)                 LDR   R1 R4 #1
(3163) 94BF  1001010010111111 ( 394)                 NOT   R2 R2
(3164) 14A1  0001010010100001 ( 395)                 ADD   R2 R2 #1
(3165) 5020  0101000000100000 ( 396)                 AND   R0 R0 #0
(3166) 1242  0001001001000010 ( 397)                 ADD   R1 R1 R2
(3167) 0A01  0000101000000001 ( 398)                 BRNP  LBL6
(3168) 1021  0001000000100001 ( 399)                 ADD   R0 R0 #1
(3169) 7101  0111000100000001 ( 400) LBL6            STR   R0 R4 #1
(316A) 6101  0110000100000001 ( 402)                 LDR   R0 R4 #1
(316B) 0404  0000010000000100 ( 403)                 BRZ   LBL4
(316C) 5260  0101001001100000 ( 404)                 AND   R1 R1 #0
(316D) 1261  0001001001100001 ( 405)                 ADD   R1 R1 #1
(316E) 7301  0111001100000001 ( 406)                 STR   R1 R4 #1
(316F) 0E02  0000111000000010 ( 408)                 BRNZP LBL5
(3170) 5260  0101001001100000 ( 410) LBL4            AND   R1 R1 #0
(3171) 7301  0111001100000001 ( 411)                 STR   R1 R4 #1
(3172) 6101  0110000100000001 ( 414) LBL5            LDR   R0 R4 #1
(3173) 040F  0000010000001111 ( 415)                 BRZ   LBL0
(3174) 133E  0001001100111110 ( 416)                 ADD   R1 R4 #-2
(3175) 7301  0111001100000001 ( 417)                 STR   R1 R4 #1
(3176) 6301  0110001100000001 ( 419)                 LDR   R1 R4 #1
(3177) 6440  0110010001000000 ( 420)                 LDR   R2 R1 #0
(3178) 14A1  0001010010100001 ( 421)                 ADD   R2 R2 #1
(3179) 7501  0111010100000001 ( 422)                 STR   R2 R4 #1
(317A) 7440  0111010001000000 ( 424)                 STR   R2 R1 #0
(317B) 133D  0001001100111101 ( 425)                 ADD   R1 R4 #-3
(317C) 7301  0111001100000001 ( 426)                 STR   R1 R4 #1
(317D) 6301  0110001100000001 ( 428)                 LDR   R1 R4 #1
(317E) 6440  0110010001000000 ( 429)                 LDR   R2 R1 #0
(317F) 14A1  0001010010100001 ( 430)                 ADD   R2 R2 #1
(3180) 7501  0111010100000001 ( 431)                 STR   R2 R4 #1
(3181) 7440  0111010001000000 ( 433)                 STR   R2 R1 #0
(3182) 0FB7  0000111110110111 ( 434)                 BRNZP LBL1
(3183) 133E  0001001100111110 ( 436) LBL0            ADD   R1 R4 #-2
(3184) 7301  0111001100000001 ( 437)                 STR   R1 R4 #1
(3185) 6F01  0110111100000001 ( 439)                 LDR   R7 R4 #1
(3186) 6FC0  0110111111000000 ( 440)                 LDR   R7 R7 #0
(3187) 7F01  0111111100000001 ( 441)                 STR   R7 R4 #1
(3188) 6F01  0110111100000001 ( 443)                 LDR   R7 R4 #1
(3189) 6FC0  0110111111000000 ( 444)                 LDR   R7 R7 #0
(318A) 7F01  0111111100000001 ( 445)                 STR   R7 R4 #1
(318B) 133D  0001001100111101 ( 447)                 ADD   R1 R4 #-3
(318C) 7302  0111001100000010 ( 448)                 STR   R1 R4 #2
(318D) 6F02  0110111100000010 ( 450)                 LDR   R7 R4 #2
(318E) 6FC0  0110111111000000 ( 451)                 LDR   R7 R7 #0
(318F) 7F02  0111111100000010 ( 452)                 STR   R7 R4 #2
(3190) 6F02  0110111100000010 ( 454)                 LDR   R7 R4 #2
(3191) 6FC0  0110111111000000 ( 455)                 LDR   R7 R7 #0
(3192) 7F02  0111111100000010 ( 456)                 STR   R7 R4 #2
(3193) 6502  0110010100000010 ( 458)                 LDR   R2 R4 #2
(3194) 6301  0110001100000001 ( 459)                 LDR   R1 R4 #1
(3195) 94BF  1001010010111111 ( 460)                 NOT   R2 R2
(3196) 14A1  0001010010100001 ( 461)                 ADD   R2 R2 #1
(3197) 1242  0001001001000010 ( 462)                 ADD   R1 R1 R2
(3198) 7301  0111001100000001 ( 463)                 STR   R1 R4 #1
(3199) 6101  0110000100000001 ( 465)                 LDR   R0 R4 #1
(319A) 0E01  0000111000000001 ( 466)                 BRNZP Qstrcmp
(319B) 5020  0101000000100000 ( 467)                 AND   R0 R0 #0
(319C) 6F3F  0110111100111111 ( 468) Qstrcmp         LDR   R7 R4 #-1
(319D) 6900  0110100100000000 ( 469)                 LDR   R4 R4 #0
(319E) C1C0  1100000111000000 ( 470)                 RET   
(319F) 3E31  0011111000110001 ( 472) CSCANI          ST    R7 CIOR7
(31A0) 3231  0011001000110001 ( 473)                 ST    R1 CIOR1
(31A1) 3431  0011010000110001 ( 474)                 ST    R2 CIOR2
(31A2) 3631  0011011000110001 ( 475)                 ST    R3 CIOR3
(31A3) 2232  0010001000110010 ( 476)                 LD    R1 CSCANBEGINPTR
(31A4) 2E32  0010111000110010 ( 477)                 LD    R7 CSCANENDPTR
(31A5) 9FFF  1001111111111111 ( 478)                 NOT   R7 R7
(31A6) 1FE1  0001111111100001 ( 479)                 ADD   R7 R7 #1
(31A7) 1FC1  0001111111000001 ( 480)                 ADD   R7 R7 R1
(31A8) 0A02  0000101000000010 ( 481)                 BRNP  CSCANIGETI
(31A9) 482E  0100100000101110 ( 482)                 JSR   CSCAN
(31AA) 222B  0010001000101011 ( 483)                 LD    R1 CSCANBEGINPTR
(31AB) 5020  0101000000100000 ( 484) CSCANIGETI      AND   R0 R0 #0
(31AC) 2413  0010010000010011 ( 485)                 LD    R2 CLRANGE
(31AD) 6E40  0110111001000000 ( 486) CGETILOOP       LDR   R7 R1 #0
(31AE) 1FC2  0001111111000010 ( 487)                 ADD   R7 R7 R2
(31AF) 080A  0000100000001010 ( 488)                 BRN   CGETIFINISH
(31B0) 17F7  0001011111110111 ( 489)                 ADD   R3 R7 #-9
(31B1) 0208  0000001000001000 ( 490)                 BRP   CGETIFINISH
(31B2) 1FC0  0001111111000000 ( 491)                 ADD   R7 R7 R0
(31B3) 1FC0  0001111111000000 ( 492)                 ADD   R7 R7 R0
(31B4) 1000  0001000000000000 ( 493)                 ADD   R0 R0 R0
(31B5) 1000  0001000000000000 ( 494)                 ADD   R0 R0 R0
(31B6) 1000  0001000000000000 ( 495)                 ADD   R0 R0 R0
(31B7) 1007  0001000000000111 ( 496)                 ADD   R0 R0 R7
(31B8) 1261  0001001001100001 ( 497)                 ADD   R1 R1 #1
(31B9) 0FF3  0000111111110011 ( 498)                 BRNZP CGETILOOP
(31BA) 321B  0011001000011011 ( 499) CGETIFINISH     ST    R1 CSCANBEGINPTR
(31BB) 2E15  0010111000010101 ( 500)                 LD    R7 CIOR7
(31BC) 2215  0010001000010101 ( 501)                 LD    R1 CIOR1
(31BD) 2415  0010010000010101 ( 502)                 LD    R2 CIOR2
(31BE) 2615  0010011000010101 ( 503)                 LD    R3 CIOR3
(31BF) C1C0  1100000111000000 ( 504)                 RET   
(31C0) FFD0  1111111111010000 ( 505) CLRANGE         .FILL xFFD0
(31C1) 3E0F  0011111000001111 ( 506) CSCANC          ST    R7 CIOR7
(31C2) 320F  0011001000001111 ( 507)                 ST    R1 CIOR1
(31C3) 2212  0010001000010010 ( 508)                 LD    R1 CSCANBEGINPTR
(31C4) 2E12  0010111000010010 ( 509)                 LD    R7 CSCANENDPTR
(31C5) 9FFF  1001111111111111 ( 510)                 NOT   R7 R7
(31C6) 1FE1  0001111111100001 ( 511)                 ADD   R7 R7 #1
(31C7) 1FC1  0001111111000001 ( 512)                 ADD   R7 R7 R1
(31C8) 0A02  0000101000000010 ( 513)                 BRNP  CSCANCGETC
(31C9) 480E  0100100000001110 ( 514)                 JSR   CSCAN
(31CA) 220B  0010001000001011 ( 515)                 LD    R1 CSCANBEGINPTR
(31CB) 6040  0110000001000000 ( 516) CSCANCGETC      LDR   R0 R1 #0
(31CC) 1261  0001001001100001 ( 517)                 ADD   R1 R1 #1
(31CD) 3208  0011001000001000 ( 518)                 ST    R1 CSCANBEGINPTR
(31CE) 2E02  0010111000000010 ( 519)                 LD    R7 CIOR7
(31CF) 2202  0010001000000010 ( 520)                 LD    R1 CIOR1
(31D0) C1C0  1100000111000000 ( 521)                 RET   
(31D1) 0000  0000000000000000 ( 523) CIOR7           .FILL x0000
(31D2) 0000  0000000000000000 ( 524) CIOR1           .FILL x0000
(31D3) 0000  0000000000000000 ( 525) CIOR2           .FILL x0000
(31D4) 0000  0000000000000000 ( 526) CIOR3           .FILL x0000
(31D5) 320D  0011001000001101 ( 526) CSCANPTR        .FILL x320D
(31D6) 320D  0011001000001101 ( 527) CSCANBEGINPTR   .FILL x320D
(31D7) 320D  0011001000001101 ( 528) CSCANENDPTR     .FILL x320D
(31D8) 3E18  0011111000011000 ( 529) CSCAN           ST    R7 CSCANR7
(31D9) 3218  0011001000011000 ( 530)                 ST    R1 CSCANR1
(31DA) 23FA  0010001111111010 ( 531)                 LD    R1 CSCANPTR
(31DB) A013  1010000000010011 ( 532) CWAIT           LDI   R0 CCANSCAN
(31DC) 07FE  0000011111111110 ( 533)                 BRZP  CWAIT
(31DD) A012  1010000000010010 ( 534)                 LDI   R0 CSRCPTR
(31DE) 1E36  0001111000110110 ( 535)                 ADD   R7 R0 #-10
(31DF) 0404  0000010000000100 ( 536)                 BRZ   CSCANGET
(31E0) F021  1111000000100001 ( 537)                 TRAP  x21
(31E1) 7040  0111000001000000 ( 538)                 STR   R0 R1 #0
(31E2) 1261  0001001001100001 ( 539)                 ADD   R1 R1 #1
(31E3) 0FF7  0000111111110111 ( 540)                 BRNZP CWAIT
(31E4) 5FE0  0101111111100000 ( 541) CSCANGET        AND   R7 R7 #0
(31E5) 7E40  0111111001000000 ( 542)                 STR   R7 R1 #0
(31E6) 33F0  0011001111110000 ( 543)                 ST    R1 CSCANENDPTR
(31E7) 23ED  0010001111101101 ( 544)                 LD    R1 CSCANPTR
(31E8) 33ED  0011001111101101 ( 545)                 ST    R1 CSCANBEGINPTR
(31E9) 5020  0101000000100000 ( 546)                 AND   R0 R0 #0
(31EA) 102A  0001000000101010 ( 547)                 ADD   R0 R0 #10
(31EB) F021  1111000000100001 ( 548)                 TRAP  x21
(31EC) 2E04  0010111000000100 ( 549)                 LD    R7 CSCANR7
(31ED) 2204  0010001000000100 ( 550)                 LD    R1 CSCANR1
(31EE) C1C0  1100000111000000 ( 551)                 RET   
(31EF) FE00  1111111000000000 ( 552) CCANSCAN        .FILL xFE00
(31F0) FE02  1111111000000010 ( 553) CSRCPTR         .FILL xFE02
(31F1) 0000  0000000000000000 ( 555) CSCANR7         .FILL x0000
(31F2) 0000  0000000000000000 ( 556) CSCANR1         .FILL x0000
(31F3) 3217  0011001000010111 ( 556) CSCANS          ST    R1 CSCANSR1
(31F4) 3E15  0011111000010101 ( 557)                 ST    R7 CSCANSR7
(31F5) 23E0  0010001111100000 ( 558)                 LD    R1 CSCANBEGINPTR
(31F6) 2FE0  0010111111100000 ( 559)                 LD    R7 CSCANENDPTR
(31F7) 9FFF  1001111111111111 ( 560)                 NOT   R7 R7
(31F8) 1FE1  0001111111100001 ( 561)                 ADD   R7 R7 #1
(31F9) 1FC1  0001111111000001 ( 562)                 ADD   R7 R7 R1
(31FA) 0A04  0000101000000100 ( 563)                 BRNP  CSCANSGETS
(31FB) 3010  0011000000010000 ( 564)                 ST    R0 CSCANSR0
(31FC) 4FDB  0100111111011011 ( 565)                 JSR   CSCAN
(31FD) 200E  0010000000001110 ( 566)                 LD    R0 CSCANSR0
(31FE) 23D7  0010001111010111 ( 567)                 LD    R1 CSCANBEGINPTR
(31FF) 6E40  0110111001000000 ( 568) CSCANSGETS      LDR   R7 R1 #0
(3200) 7E00  0111111000000000 ( 569)                 STR   R7 R0 #0
(3201) 1021  0001000000100001 ( 570)                 ADD   R0 R0 #1
(3202) 1261  0001001001100001 ( 571)                 ADD   R1 R1 #1
(3203) 1FE0  0001111111100000 ( 572)                 ADD   R7 R7 #0
(3204) 0BFA  0000101111111010 ( 573)                 BRNP  CSCANSGETS
(3205) 127F  0001001001111111 ( 574)                 ADD   R1 R1 #-1
(3206) 33CF  0011001111001111 ( 575)                 ST    R1 CSCANBEGINPTR
(3207) 2203  0010001000000011 ( 576)                 LD    R1 CSCANSR1
(3208) 2E01  0010111000000001 ( 577)                 LD    R7 CSCANSR7
(3209) C1C0  1100000111000000 ( 578)                 RET   
(320A) 0000  0000000000000000 ( 580) CSCANSR7        .FILL x0000
(320B) 0000  0000000000000000 ( 581) CSCANSR1        .FILL x0000
(320C) 0000  0000000000000000 ( 582) CSCANSR0        .FILL x0000
(320D) 0000  0000000000000000 ( 583) CSCANBUF        .FILL x0000
(320E) 0000  0000000000000000 ( 583)                 .FILL x0000
(320F) 0000  0000000000000000 ( 583)                 .FILL x0000
(3210) 0000  0000000000000000 ( 583)                 .FILL x0000
(3211) 0000  0000000000000000 ( 583)                 .FILL x0000
(3212) 0000  0000000000000000 ( 583)                 .FILL x0000
(3213) 0000  0000000000000000 ( 583)                 .FILL x0000
(3214) 0000  0000000000000000 ( 583)                 .FILL x0000
(3215) 0000  0000000000000000 ( 583)                 .FILL x0000
(3216) 0000  0000000000000000 ( 583)                 .FILL x0000
(3217) 0000  0000000000000000 ( 583)                 .FILL x0000
(3218) 0000  0000000000000000 ( 583)                 .FILL x0000
(3219) 0000  0000000000000000 ( 583)                 .FILL x0000
(321A) 0000  0000000000000000 ( 583)                 .FILL x0000
(321B) 0000  0000000000000000 ( 583)                 .FILL x0000
(321C) 0000  0000000000000000 ( 583)                 .FILL x0000
(321D) 0000  0000000000000000 ( 583)                 .FILL x0000
(321E) 0000  0000000000000000 ( 583)                 .FILL x0000
(321F) 0000  0000000000000000 ( 583)                 .FILL x0000
(3220) 0000  0000000000000000 ( 583)                 .FILL x0000
(3221) 0000  0000000000000000 ( 583)                 .FILL x0000
(3222) 0000  0000000000000000 ( 583)                 .FILL x0000
(3223) 0000  0000000000000000 ( 583)                 .FILL x0000
(3224) 0000  0000000000000000 ( 583)                 .FILL x0000
(3225) 0000  0000000000000000 ( 583)                 .FILL x0000
(3226) 0000  0000000000000000 ( 583)                 .FILL x0000
(3227) 0000  0000000000000000 ( 583)                 .FILL x0000
(3228) 0000  0000000000000000 ( 583)                 .FILL x0000
(3229) 0000  0000000000000000 ( 583)                 .FILL x0000
(322A) 0000  0000000000000000 ( 583)                 .FILL x0000
(322B) 0000  0000000000000000 ( 583)                 .FILL x0000
(322C) 0000  0000000000000000 ( 583)                 .FILL x0000
(322D) 0000  0000000000000000 ( 583)                 .FILL x0000
(322E) 0000  0000000000000000 ( 583)                 .FILL x0000
(322F) 0000  0000000000000000 ( 583)                 .FILL x0000
(3230) 0000  0000000000000000 ( 583)                 .FILL x0000
(3231) 0000  0000000000000000 ( 583)                 .FILL x0000
(3232) 0000  0000000000000000 ( 583)                 .FILL x0000
(3233) 0000  0000000000000000 ( 583)                 .FILL x0000
(3234) 0000  0000000000000000 ( 583)                 .FILL x0000
(3235) 0000  0000000000000000 ( 583)                 .FILL x0000
(3236) 0000  0000000000000000 ( 583)                 .FILL x0000
(3237) 0000  0000000000000000 ( 583)                 .FILL x0000
(3238) 0000  0000000000000000 ( 583)                 .FILL x0000
(3239) 0000  0000000000000000 ( 583)                 .FILL x0000
(323A) 0000  0000000000000000 ( 583)                 .FILL x0000
(323B) 0000  0000000000000000 ( 583)                 .FILL x0000
(323C) 0000  0000000000000000 ( 583)                 .FILL x0000
(323D) 0000  0000000000000000 ( 583)                 .FILL x0000
(323E) 0000  0000000000000000 ( 583)                 .FILL x0000
(323F) 0000  0000000000000000 ( 583)                 .FILL x0000
(3240) 0000  0000000000000000 ( 583)                 .FILL x0000
(3241) 0000  0000000000000000 ( 583)                 .FILL x0000
(3242) 0000  0000000000000000 ( 583)                 .FILL x0000
(3243) 0000  0000000000000000 ( 583)                 .FILL x0000
(3244) 0000  0000000000000000 ( 583)                 .FILL x0000
(3245) 0000  0000000000000000 ( 583)                 .FILL x0000
(3246) 0000  0000000000000000 ( 583)                 .FILL x0000
(3247) 0000  0000000000000000 ( 583)                 .FILL x0000
(3248) 0000  0000000000000000 ( 583)                 .FILL x0000
(3249) 0000  0000000000000000 ( 583)                 .FILL x0000
(324A) 0000  0000000000000000 ( 583)                 .FILL x0000
(324B) 0000  0000000000000000 ( 583)                 .FILL x0000
(324C) 0000  0000000000000000 ( 583)                 .FILL x0000
(324D) 0000  0000000000000000 ( 583)                 .FILL x0000
(324E) 0000  0000000000000000 ( 583)                 .FILL x0000
(324F) 0000  0000000000000000 ( 583)                 .FILL x0000
(3250) 0000  0000000000000000 ( 583)                 .FILL x0000
(3251) 0000  0000000000000000 ( 583)                 .FILL x0000
(3252) 0000  0000000000000000 ( 583)                 .FILL x0000
(3253) 0000  0000000000000000 ( 583)                 .FILL x0000
(3254) 0000  0000000000000000 ( 583)                 .FILL x0000
(3255) 0000  0000000000000000 ( 583)                 .FILL x0000
(3256) 0000  0000000000000000 ( 583)                 .FILL x0000
(3257) 0000  0000000000000000 ( 583)                 .FILL x0000
(3258) 0000  0000000000000000 ( 583)                 .FILL x0000
(3259) 0000  0000000000000000 ( 583)                 .FILL x0000
(325A) 0000  0000000000000000 ( 583)                 .FILL x0000
(325B) 0000  0000000000000000 ( 583)                 .FILL x0000
(325C) 0000  0000000000000000 ( 583)                 .FILL x0000
(325D) 0000  0000000000000000 ( 583)                 .FILL x0000
(325E) 0000  0000000000000000 ( 583)                 .FILL x0000
(325F) 0000  0000000000000000 ( 583)                 .FILL x0000
(3260) 0000  0000000000000000 ( 583)                 .FILL x0000
(3261) 0000  0000000000000000 ( 583)                 .FILL x0000
(3262) 0000  0000000000000000 ( 583)                 .FILL x0000
(3263) 0000  0000000000000000 ( 583)                 .FILL x0000
(3264) 0000  0000000000000000 ( 583)                 .FILL x0000
(3265) 0000  0000000000000000 ( 583)                 .FILL x0000
(3266) 0000  0000000000000000 ( 583)                 .FILL x0000
(3267) 0000  0000000000000000 ( 583)                 .FILL x0000
(3268) 0000  0000000000000000 ( 583)                 .FILL x0000
(3269) 0000  0000000000000000 ( 583)                 .FILL x0000
(326A) 0000  0000000000000000 ( 583)                 .FILL x0000
(326B) 0000  0000000000000000 ( 583)                 .FILL x0000
(326C) 0000  0000000000000000 ( 583)                 .FILL x0000
(326D) 0000  0000000000000000 ( 583)                 .FILL x0000
(326E) 0000  0000000000000000 ( 583)                 .FILL x0000
(326F) 0000  0000000000000000 ( 583)                 .FILL x0000
(3270) 0000  0000000000000000 ( 583)                 .FILL x0000
(3271) 0000  0000000000000000 ( 583)                 .FILL x0000
(3272) 0000  0000000000000000 ( 583)                 .FILL x0000
(3273) 0000  0000000000000000 ( 583)                 .FILL x0000
(3274) 0000  0000000000000000 ( 583)                 .FILL x0000
(3275) 0000  0000000000000000 ( 583)                 .FILL x0000
(3276) 0000  0000000000000000 ( 583)                 .FILL x0000
(3277) 0000  0000000000000000 ( 583)                 .FILL x0000
(3278) 0000  0000000000000000 ( 583)                 .FILL x0000
(3279) 0000  0000000000000000 ( 583)                 .FILL x0000
(327A) 0000  0000000000000000 ( 583)                 .FILL x0000
(327B) 0000  0000000000000000 ( 583)                 .FILL x0000
(327C) 0000  0000000000000000 ( 583)                 .FILL x0000
(327D) 0000  0000000000000000 ( 583)                 .FILL x0000
(327E) 0000  0000000000000000 ( 583)                 .FILL x0000
(327F) 0000  0000000000000000 ( 583)                 .FILL x0000
(3280) 0000  0000000000000000 ( 583)                 .FILL x0000
(3281) 0000  0000000000000000 ( 583)                 .FILL x0000
(3282) 0000  0000000000000000 ( 583)                 .FILL x0000
(3283) 0000  0000000000000000 ( 583)                 .FILL x0000
(3284) 0000  0000000000000000 ( 583)                 .FILL x0000
(3285) 0000  0000000000000000 ( 583)                 .FILL x0000
(3286) 0000  0000000000000000 ( 583)                 .FILL x0000
(3287) 0000  0000000000000000 ( 583)                 .FILL x0000
(3288) 0000  0000000000000000 ( 583)                 .FILL x0000
(3289) 0000  0000000000000000 ( 583)                 .FILL x0000
(328A) 0000  0000000000000000 ( 583)                 .FILL x0000
(328B) 0000  0000000000000000 ( 583)                 .FILL x0000
(328C) 0000  0000000000000000 ( 583)                 .FILL x0000
(328D) 0000  0000000000000000 ( 583)                 .FILL x0000
(328E) 0000  0000000000000000 ( 583)                 .FILL x0000
(328F) 0000  0000000000000000 ( 583)                 .FILL x0000
(3290) 0000  0000000000000000 ( 583)                 .FILL x0000
(3291) 0000  0000000000000000 ( 583)                 .FILL x0000
(3292) 0000  0000000000000000 ( 583)                 .FILL x0000
(3293) 0000  0000000000000000 ( 583)                 .FILL x0000
(3294) 0000  0000000000000000 ( 583)                 .FILL x0000
(3295) 0000  0000000000000000 ( 583)                 .FILL x0000
(3296) 0000  0000000000000000 ( 583)                 .FILL x0000
(3297) 0000  0000000000000000 ( 583)                 .FILL x0000
(3298) 0000  0000000000000000 ( 583)                 .FILL x0000
(3299) 0000  0000000000000000 ( 583)                 .FILL x0000
(329A) 0000  0000000000000000 ( 583)                 .FILL x0000
(329B) 0000  0000000000000000 ( 583)                 .FILL x0000
(329C) 0000  0000000000000000 ( 583)                 .FILL x0000
(329D) 0000  0000000000000000 ( 583)                 .FILL x0000
(329E) 0000  0000000000000000 ( 583)                 .FILL x0000
(329F) 0000  0000000000000000 ( 583)                 .FILL x0000
(32A0) 0000  0000000000000000 ( 583)                 .FILL x0000
(32A1) 0000  0000000000000000 ( 583)                 .FILL x0000
(32A2) 0000  0000000000000000 ( 583)                 .FILL x0000
(32A3) 0000  0000000000000000 ( 583)                 .FILL x0000
(32A4) 0000  0000000000000000 ( 583)                 .FILL x0000
(32A5) 0000  0000000000000000 ( 583)                 .FILL x0000
(32A6) 0000  0000000000000000 ( 583)                 .FILL x0000
(32A7) 0000  0000000000000000 ( 583)                 .FILL x0000
(32A8) 0000  0000000000000000 ( 583)                 .FILL x0000
(32A9) 0000  0000000000000000 ( 583)                 .FILL x0000
(32AA) 0000  0000000000000000 ( 583)                 .FILL x0000
(32AB) 0000  0000000000000000 ( 583)                 .FILL x0000
(32AC) 0000  0000000000000000 ( 583)                 .FILL x0000
(32AD) 0000  0000000000000000 ( 583)                 .FILL x0000
(32AE) 0000  0000000000000000 ( 583)                 .FILL x0000
(32AF) 0000  0000000000000000 ( 583)                 .FILL x0000
(32B0) 0000  0000000000000000 ( 583)                 .FILL x0000
(32B1) 0000  0000000000000000 ( 583)                 .FILL x0000
(32B2) 0000  0000000000000000 ( 583)                 .FILL x0000
(32B3) 0000  0000000000000000 ( 583)                 .FILL x0000
(32B4) 0000  0000000000000000 ( 583)                 .FILL x0000
(32B5) 0000  0000000000000000 ( 583)                 .FILL x0000
(32B6) 0000  0000000000000000 ( 583)                 .FILL x0000
(32B7) 0000  0000000000000000 ( 583)                 .FILL x0000
(32B8) 0000  0000000000000000 ( 583)                 .FILL x0000
(32B9) 0000  0000000000000000 ( 583)                 .FILL x0000
(32BA) 0000  0000000000000000 ( 583)                 .FILL x0000
(32BB) 0000  0000000000000000 ( 583)                 .FILL x0000
(32BC) 0000  0000000000000000 ( 583)                 .FILL x0000
(32BD) 0000  0000000000000000 ( 583)                 .FILL x0000
(32BE) 0000  0000000000000000 ( 583)                 .FILL x0000
(32BF) 0000  0000000000000000 ( 583)                 .FILL x0000
(32C0) 0000  0000000000000000 ( 583)                 .FILL x0000
(32C1) 0000  0000000000000000 ( 583)                 .FILL x0000
(32C2) 0000  0000000000000000 ( 583)                 .FILL x0000
(32C3) 0000  0000000000000000 ( 583)                 .FILL x0000
(32C4) 0000  0000000000000000 ( 583)                 .FILL x0000
(32C5) 0000  0000000000000000 ( 583)                 .FILL x0000
(32C6) 0000  0000000000000000 ( 583)                 .FILL x0000
(32C7) 0000  0000000000000000 ( 583)                 .FILL x0000
(32C8) 0000  0000000000000000 ( 583)                 .FILL x0000
(32C9) 0000  0000000000000000 ( 583)                 .FILL x0000
(32CA) 0000  0000000000000000 ( 583)                 .FILL x0000
(32CB) 0000  0000000000000000 ( 583)                 .FILL x0000
(32CC) 0000  0000000000000000 ( 583)                 .FILL x0000
(32CD) 0000  0000000000000000 ( 583)                 .FILL x0000
(32CE) 0000  0000000000000000 ( 583)                 .FILL x0000
(32CF) 0000  0000000000000000 ( 583)                 .FILL x0000
(32D0) 0000  0000000000000000 ( 583)                 .FILL x0000
(32D1) 0000  0000000000000000 ( 583)                 .FILL x0000
(32D2) 0000  0000000000000000 ( 583)                 .FILL x0000
(32D3) 0000  0000000000000000 ( 583)                 .FILL x0000
(32D4) 0000  0000000000000000 ( 583)                 .FILL x0000
(32D5) 0000  0000000000000000 ( 583)                 .FILL x0000
(32D6) 0000  0000000000000000 ( 583)                 .FILL x0000
(32D7) 0000  0000000000000000 ( 583)                 .FILL x0000
(32D8) 0000  0000000000000000 ( 583)                 .FILL x0000
(32D9) 0000  0000000000000000 ( 583)                 .FILL x0000
(32DA) 0000  0000000000000000 ( 583)                 .FILL x0000
(32DB) 0000  0000000000000000 ( 583)                 .FILL x0000
(32DC) 0000  0000000000000000 ( 583)                 .FILL x0000
(32DD) 0000  0000000000000000 ( 583)                 .FILL x0000
(32DE) 0000  0000000000000000 ( 583)                 .FILL x0000
(32DF) 0000  0000000000000000 ( 583)                 .FILL x0000
(32E0) 0000  0000000000000000 ( 583)                 .FILL x0000
(32E1) 0000  0000000000000000 ( 583)                 .FILL x0000
(32E2) 0000  0000000000000000 ( 583)                 .FILL x0000
(32E3) 0000  0000000000000000 ( 583)                 .FILL x0000
(32E4) 0000  0000000000000000 ( 583)                 .FILL x0000
(32E5) 0000  0000000000000000 ( 583)                 .FILL x0000
(32E6) 0000  0000000000000000 ( 583)                 .FILL x0000
(32E7) 0000  0000000000000000 ( 583)                 .FILL x0000
(32E8) 0000  0000000000000000 ( 583)                 .FILL x0000
(32E9) 0000  0000000000000000 ( 583)                 .FILL x0000
(32EA) 0000  0000000000000000 ( 583)                 .FILL x0000
(32EB) 0000  0000000000000000 ( 583)                 .FILL x0000
(32EC) 0000  0000000000000000 ( 583)                 .FILL x0000
(32ED) 0000  0000000000000000 ( 583)                 .FILL x0000
(32EE) 0000  0000000000000000 ( 583)                 .FILL x0000
(32EF) 0000  0000000000000000 ( 583)                 .FILL x0000
(32F0) 0000  0000000000000000 ( 583)                 .FILL x0000
(32F1) 0000  0000000000000000 ( 583)                 .FILL x0000
(32F2) 0000  0000000000000000 ( 583)                 .FILL x0000
(32F3) 0000  0000000000000000 ( 583)                 .FILL x0000
(32F4) 0000  0000000000000000 ( 583)                 .FILL x0000
(32F5) 0000  0000000000000000 ( 583)                 .FILL x0000
(32F6) 0000  0000000000000000 ( 583)                 .FILL x0000
(32F7) 0000  0000000000000000 ( 583)                 .FILL x0000
(32F8) 0000  0000000000000000 ( 583)                 .FILL x0000
(32F9) 0000  0000000000000000 ( 583)                 .FILL x0000
(32FA) 0000  0000000000000000 ( 583)                 .FILL x0000
(32FB) 0000  0000000000000000 ( 583)                 .FILL x0000
(32FC) 0000  0000000000000000 ( 583)                 .FILL x0000
(32FD) 0000  0000000000000000 ( 583)                 .FILL x0000
(32FE) 0000  0000000000000000 ( 583)                 .FILL x0000
(32FF) 0000  0000000000000000 ( 583)                 .FILL x0000
(3300) 0000  0000000000000000 ( 583)                 .FILL x0000
(3301) 0000  0000000000000000 ( 583)                 .FILL x0000
(3302) 0000  0000000000000000 ( 583)                 .FILL x0000
(3303) 0000  0000000000000000 ( 583)                 .FILL x0000
(3304) 0000  0000000000000000 ( 583)                 .FILL x0000
(3305) 0000  0000000000000000 ( 583)                 .FILL x0000
(3306) 0000  0000000000000000 ( 583)                 .FILL x0000
(3307) 0000  0000000000000000 ( 583)                 .FILL x0000
(3308) 0000  0000000000000000 ( 583)                 .FILL x0000
(3309) 0000  0000000000000000 ( 583)                 .FILL x0000
(330A) 0000  0000000000000000 ( 583)                 .FILL x0000
(330B) 0000  0000000000000000 ( 583)                 .FILL x0000
(330C) 0000  0000000000000000 ( 583)                 .FILL x0000
(330D) 0000  0000000000000000 ( 583)                 .FILL x0000
(330E) 0000  0000000000000000 ( 583)                 .FILL x0000
(330F) 0000  0000000000000000 ( 583)                 .FILL x0000
(3310) 0000  0000000000000000 ( 583)                 .FILL x0000
(3311) 0000  0000000000000000 ( 583)                 .FILL x0000
(3312) 0000  0000000000000000 ( 583)                 .FILL x0000
(3313) 0000  0000000000000000 ( 583)                 .FILL x0000
(3314) 0000  0000000000000000 ( 583)                 .FILL x0000
(3315) 0000  0000000000000000 ( 583)                 .FILL x0000
(3316) 0000  0000000000000000 ( 583)                 .FILL x0000
(3317) 0000  0000000000000000 ( 583)                 .FILL x0000
(3318) 0000  0000000000000000 ( 583)                 .FILL x0000
(3319) 0000  0000000000000000 ( 583)                 .FILL x0000
(331A) 0000  0000000000000000 ( 583)                 .FILL x0000
(331B) 0000  0000000000000000 ( 583)                 .FILL x0000
(331C) 0000  0000000000000000 ( 583)                 .FILL x0000
(331D) 0000  0000000000000000 ( 583)                 .FILL x0000
(331E) 0000  0000000000000000 ( 583)                 .FILL x0000
(331F) 0000  0000000000000000 ( 583)                 .FILL x0000
(3320) 0000  0000000000000000 ( 583)                 .FILL x0000
(3321) 0000  0000000000000000 ( 583)                 .FILL x0000
(3322) 0000  0000000000000000 ( 583)                 .FILL x0000
(3323) 0000  0000000000000000 ( 583)                 .FILL x0000
(3324) 0000  0000000000000000 ( 583)                 .FILL x0000
(3325) 0000  0000000000000000 ( 583)                 .FILL x0000
(3326) 0000  0000000000000000 ( 583)                 .FILL x0000
(3327) 0000  0000000000000000 ( 583)                 .FILL x0000
(3328) 0000  0000000000000000 ( 583)                 .FILL x0000
(3329) 0000  0000000000000000 ( 583)                 .FILL x0000
(332A) 0000  0000000000000000 ( 583)                 .FILL x0000
(332B) 0000  0000000000000000 ( 583)                 .FILL x0000
(332C) 0000  0000000000000000 ( 583)                 .FILL x0000
(332D) 0000  0000000000000000 ( 583)                 .FILL x0000
(332E) 0000  0000000000000000 ( 583)                 .FILL x0000
(332F) 0000  0000000000000000 ( 583)                 .FILL x0000
(3330) 0000  0000000000000000 ( 583)                 .FILL x0000
(3331) 0000  0000000000000000 ( 583)                 .FILL x0000
(3332) 0000  0000000000000000 ( 583)                 .FILL x0000
(3333) 0000  0000000000000000 ( 583)                 .FILL x0000
(3334) 0000  0000000000000000 ( 583)                 .FILL x0000
(3335) 0000  0000000000000000 ( 583)                 .FILL x0000
(3336) 0000  0000000000000000 ( 583)                 .FILL x0000
(3337) 0000  0000000000000000 ( 583)                 .FILL x0000
(3338) 0000  0000000000000000 ( 583)                 .FILL x0000
(3339) 0000  0000000000000000 ( 583)                 .FILL x0000
(333A) 0000  0000000000000000 ( 583)                 .FILL x0000
(333B) 0000  0000000000000000 ( 583)                 .FILL x0000
(333C) 0000  0000000000000000 ( 583)                 .FILL x0000
(333D) 0000  0000000000000000 ( 583)                 .FILL x0000
(333E) 0000  0000000000000000 ( 583)                 .FILL x0000
(333F) 0000  0000000000000000 ( 583)                 .FILL x0000
(3340) 0000  0000000000000000 ( 583)                 .FILL x0000
(3341) 0000  0000000000000000 ( 583)                 .FILL x0000
(3342) 0000  0000000000000000 ( 583)                 .FILL x0000
(3343) 0000  0000000000000000 ( 583)                 .FILL x0000
(3344) 0000  0000000000000000 ( 583)                 .FILL x0000
(3345) 0000  0000000000000000 ( 583)                 .FILL x0000
(3346) 0000  0000000000000000 ( 583)                 .FILL x0000
(3347) 0000  0000000000000000 ( 583)                 .FILL x0000
(3348) 0000  0000000000000000 ( 583)                 .FILL x0000
(3349) 0000  0000000000000000 ( 583)                 .FILL x0000
(334A) 0000  0000000000000000 ( 583)                 .FILL x0000
(334B) 0000  0000000000000000 ( 583)                 .FILL x0000
(334C) 0000  0000000000000000 ( 583)                 .FILL x0000
(334D) 0000  0000000000000000 ( 583)                 .FILL x0000
(334E) 0000  0000000000000000 ( 583)                 .FILL x0000
(334F) 0000  0000000000000000 ( 583)                 .FILL x0000
(3350) 0000  0000000000000000 ( 583)                 .FILL x0000
(3351) 0000  0000000000000000 ( 583)                 .FILL x0000
(3352) 0000  0000000000000000 ( 583)                 .FILL x0000
(3353) 0000  0000000000000000 ( 583)                 .FILL x0000
(3354) 0000  0000000000000000 ( 583)                 .FILL x0000
(3355) 0000  0000000000000000 ( 583)                 .FILL x0000
(3356) 0000  0000000000000000 ( 583)                 .FILL x0000
(3357) 0000  0000000000000000 ( 583)                 .FILL x0000
(3358) 0000  0000000000000000 ( 583)                 .FILL x0000
(3359) 0000  0000000000000000 ( 583)                 .FILL x0000
(335A) 0000  0000000000000000 ( 583)                 .FILL x0000
(335B) 0000  0000000000000000 ( 583)                 .FILL x0000
(335C) 0000  0000000000000000 ( 583)                 .FILL x0000
(335D) 0000  0000000000000000 ( 583)                 .FILL x0000
(335E) 0000  0000000000000000 ( 583)                 .FILL x0000
(335F) 0000  0000000000000000 ( 583)                 .FILL x0000
(3360) 0000  0000000000000000 ( 583)                 .FILL x0000
(3361) 0000  0000000000000000 ( 583)                 .FILL x0000
(3362) 0000  0000000000000000 ( 583)                 .FILL x0000
(3363) 0000  0000000000000000 ( 583)                 .FILL x0000
(3364) 0000  0000000000000000 ( 583)                 .FILL x0000
(3365) 0000  0000000000000000 ( 583)                 .FILL x0000
(3366) 0000  0000000000000000 ( 583)                 .FILL x0000
(3367) 0000  0000000000000000 ( 583)                 .FILL x0000
(3368) 0000  0000000000000000 ( 583)                 .FILL x0000
(3369) 0000  0000000000000000 ( 583)                 .FILL x0000
(336A) 0000  0000000000000000 ( 583)                 .FILL x0000
(336B) 0000  0000000000000000 ( 583)                 .FILL x0000
(336C) 0000  0000000000000000 ( 583)                 .FILL x0000
(336D) 0000  0000000000000000 ( 583)                 .FILL x0000
(336E) 0000  0000000000000000 ( 583)                 .FILL x0000
(336F) 0000  0000000000000000 ( 583)                 .FILL x0000
(3370) 0000  0000000000000000 ( 583)                 .FILL x0000
(3371) 0000  0000000000000000 ( 583)                 .FILL x0000
(3372) 0000  0000000000000000 ( 583)                 .FILL x0000
(3373) 0000  0000000000000000 ( 583)                 .FILL x0000
(3374) 0000  0000000000000000 ( 583)                 .FILL x0000
(3375) 0000  0000000000000000 ( 583)                 .FILL x0000
(3376) 0000  0000000000000000 ( 583)                 .FILL x0000
(3377) 0000  0000000000000000 ( 583)                 .FILL x0000
(3378) 0000  0000000000000000 ( 583)                 .FILL x0000
(3379) 0000  0000000000000000 ( 583)                 .FILL x0000
(337A) 0000  0000000000000000 ( 583)                 .FILL x0000
(337B) 0000  0000000000000000 ( 583)                 .FILL x0000
(337C) 0000  0000000000000000 ( 583)                 .FILL x0000
(337D) 0000  0000000000000000 ( 583)                 .FILL x0000
(337E) 0000  0000000000000000 ( 583)                 .FILL x0000
(337F) 0000  0000000000000000 ( 583)                 .FILL x0000
(3380) 0000  0000000000000000 ( 583)                 .FILL x0000
(3381) 0000  0000000000000000 ( 583)                 .FILL x0000
(3382) 0000  0000000000000000 ( 583)                 .FILL x0000
(3383) 0000  0000000000000000 ( 583)                 .FILL x0000
(3384) 0000  0000000000000000 ( 583)                 .FILL x0000
(3385) 0000  0000000000000000 ( 583)                 .FILL x0000
(3386) 0000  0000000000000000 ( 583)                 .FILL x0000
(3387) 0000  0000000000000000 ( 583)                 .FILL x0000
(3388) 0000  0000000000000000 ( 583)                 .FILL x0000
(3389) 0000  0000000000000000 ( 583)                 .FILL x0000
(338A) 0000  0000000000000000 ( 583)                 .FILL x0000
(338B) 0000  0000000000000000 ( 583)                 .FILL x0000
(338C) 0000  0000000000000000 ( 583)                 .FILL x0000
(338D) 0000  0000000000000000 ( 583)                 .FILL x0000
(338E) 0000  0000000000000000 ( 583)                 .FILL x0000
(338F) 0000  0000000000000000 ( 583)                 .FILL x0000
(3390) 0000  0000000000000000 ( 583)                 .FILL x0000
(3391) 0000  0000000000000000 ( 583)                 .FILL x0000
(3392) 0000  0000000000000000 ( 583)                 .FILL x0000
(3393) 0000  0000000000000000 ( 583)                 .FILL x0000
(3394) 0000  0000000000000000 ( 583)                 .FILL x0000
(3395) 0000  0000000000000000 ( 583)                 .FILL x0000
(3396) 0000  0000000000000000 ( 583)                 .FILL x0000
(3397) 0000  0000000000000000 ( 583)                 .FILL x0000
(3398) 0000  0000000000000000 ( 583)                 .FILL x0000
(3399) 0000  0000000000000000 ( 583)                 .FILL x0000
(339A) 0000  0000000000000000 ( 583)                 .FILL x0000
(339B) 0000  0000000000000000 ( 583)                 .FILL x0000
(339C) 0000  0000000000000000 ( 583)                 .FILL x0000
(339D) 0000  0000000000000000 ( 583)                 .FILL x0000
(339E) 0000  0000000000000000 ( 583)                 .FILL x0000
(339F) 0000  0000000000000000 ( 583)                 .FILL x0000
(33A0) 0000  0000000000000000 ( 583)                 .FILL x0000
(33A1) 0000  0000000000000000 ( 583)                 .FILL x0000
(33A2) 0000  0000000000000000 ( 583)                 .FILL x0000
(33A3) 0000  0000000000000000 ( 583)                 .FILL x0000
(33A4) 0000  0000000000000000 ( 583)                 .FILL x0000
(33A5) 0000  0000000000000000 ( 583)                 .FILL x0000
(33A6) 0000  0000000000000000 ( 583)                 .FILL x0000
(33A7) 0000  0000000000000000 ( 583)                 .FILL x0000
(33A8) 0000  0000000000000000 ( 583)                 .FILL x0000
(33A9) 0000  0000000000000000 ( 583)                 .FILL x0000
(33AA) 0000  0000000000000000 ( 583)                 .FILL x0000
(33AB) 0000  0000000000000000 ( 583)                 .FILL x0000
(33AC) 0000  0000000000000000 ( 583)                 .FILL x0000
(33AD) 0000  0000000000000000 ( 583)                 .FILL x0000
(33AE) 0000  0000000000000000 ( 583)                 .FILL x0000
(33AF) 0000  0000000000000000 ( 583)                 .FILL x0000
(33B0) 0000  0000000000000000 ( 583)                 .FILL x0000
(33B1) 0000  0000000000000000 ( 583)                 .FILL x0000
(33B2) 0000  0000000000000000 ( 583)                 .FILL x0000
(33B3) 0000  0000000000000000 ( 583)                 .FILL x0000
(33B4) 0000  0000000000000000 ( 583)                 .FILL x0000
(33B5) 0000  0000000000000000 ( 583)                 .FILL x0000
(33B6) 0000  0000000000000000 ( 583)                 .FILL x0000
(33B7) 0000  0000000000000000 ( 583)                 .FILL x0000
(33B8) 0000  0000000000000000 ( 583)                 .FILL x0000
(33B9) 0000  0000000000000000 ( 583)                 .FILL x0000
(33BA) 0000  0000000000000000 ( 583)                 .FILL x0000
(33BB) 0000  0000000000000000 ( 583)                 .FILL x0000
(33BC) 0000  0000000000000000 ( 583)                 .FILL x0000
(33BD) 0000  0000000000000000 ( 583)                 .FILL x0000
(33BE) 0000  0000000000000000 ( 583)                 .FILL x0000
(33BF) 0000  0000000000000000 ( 583)                 .FILL x0000
(33C0) 0000  0000000000000000 ( 583)                 .FILL x0000
(33C1) 0000  0000000000000000 ( 583)                 .FILL x0000
(33C2) 0000  0000000000000000 ( 583)                 .FILL x0000
(33C3) 0000  0000000000000000 ( 583)                 .FILL x0000
(33C4) 0000  0000000000000000 ( 583)                 .FILL x0000
(33C5) 0000  0000000000000000 ( 583)                 .FILL x0000
(33C6) 0000  0000000000000000 ( 583)                 .FILL x0000
(33C7) 0000  0000000000000000 ( 583)                 .FILL x0000
(33C8) 0000  0000000000000000 ( 583)                 .FILL x0000
(33C9) 0000  0000000000000000 ( 583)                 .FILL x0000
(33CA) 0000  0000000000000000 ( 583)                 .FILL x0000
(33CB) 0000  0000000000000000 ( 583)                 .FILL x0000
(33CC) 0000  0000000000000000 ( 583)                 .FILL x0000
(33CD) 0000  0000000000000000 ( 583)                 .FILL x0000
(33CE) 0000  0000000000000000 ( 583)                 .FILL x0000
(33CF) 0000  0000000000000000 ( 583)                 .FILL x0000
(33D0) 0000  0000000000000000 ( 583)                 .FILL x0000
(33D1) 0000  0000000000000000 ( 583)                 .FILL x0000
(33D2) 0000  0000000000000000 ( 583)                 .FILL x0000
(33D3) 0000  0000000000000000 ( 583)                 .FILL x0000
(33D4) 0000  0000000000000000 ( 583)                 .FILL x0000
(33D5) 0000  0000000000000000 ( 583)                 .FILL x0000
(33D6) 0000  0000000000000000 ( 583)                 .FILL x0000
(33D7) 0000  0000000000000000 ( 583)                 .FILL x0000
(33D8) 0000  0000000000000000 ( 583)                 .FILL x0000
(33D9) 0000  0000000000000000 ( 583)                 .FILL x0000
(33DA) 0000  0000000000000000 ( 583)                 .FILL x0000
(33DB) 0000  0000000000000000 ( 583)                 .FILL x0000
(33DC) 0000  0000000000000000 ( 583)                 .FILL x0000
(33DD) 0000  0000000000000000 ( 583)                 .FILL x0000
(33DE) 0000  0000000000000000 ( 583)                 .FILL x0000
(33DF) 0000  0000000000000000 ( 583)                 .FILL x0000
(33E0) 0000  0000000000000000 ( 583)                 .FILL x0000
(33E1) 0000  0000000000000000 ( 583)                 .FILL x0000
(33E2) 0000  0000000000000000 ( 583)                 .FILL x0000
(33E3) 0000  0000000000000000 ( 583)                 .FILL x0000
(33E4) 0000  0000000000000000 ( 583)                 .FILL x0000
(33E5) 0000  0000000000000000 ( 583)                 .FILL x0000
(33E6) 0000  0000000000000000 ( 583)                 .FILL x0000
(33E7) 0000  0000000000000000 ( 583)                 .FILL x0000
(33E8) 0000  0000000000000000 ( 583)                 .FILL x0000
(33E9) 0000  0000000000000000 ( 583)                 .FILL x0000
(33EA) 0000  0000000000000000 ( 583)                 .FILL x0000
(33EB) 0000  0000000000000000 ( 583)                 .FILL x0000
(33EC) 0000  0000000000000000 ( 583)                 .FILL x0000
(33ED) 0000  0000000000000000 ( 583)                 .FILL x0000
(33EE) 0000  0000000000000000 ( 583)                 .FILL x0000
(33EF) 0000  0000000000000000 ( 583)                 .FILL x0000
(33F0) 0000  0000000000000000 ( 583)                 .FILL x0000
(33F1) 0000  0000000000000000 ( 583)                 .FILL x0000
(33F2) 0000  0000000000000000 ( 583)                 .FILL x0000
(33F3) 0000  0000000000000000 ( 583)                 .FILL x0000
(33F4) 0000  0000000000000000 ( 583)                 .FILL x0000
(33F5) 0000  0000000000000000 ( 583)                 .FILL x0000
(33F6) 0000  0000000000000000 ( 583)                 .FILL x0000
(33F7) 0000  0000000000000000 ( 583)                 .FILL x0000
(33F8) 0000  0000000000000000 ( 583)                 .FILL x0000
(33F9) 0000  0000000000000000 ( 583)                 .FILL x0000
(33FA) 0000  0000000000000000 ( 583)                 .FILL x0000
(33FB) 0000  0000000000000000 ( 583)                 .FILL x0000
(33FC) 0000  0000000000000000 ( 583)                 .FILL x0000
(33FD) 0000  0000000000000000 ( 583)                 .FILL x0000
(33FE) 0000  0000000000000000 ( 583)                 .FILL x0000
(33FF) 0000  0000000000000000 ( 583)                 .FILL x0000
(3400) 0000  0000000000000000 ( 583)                 .FILL x0000
(3401) 0000  0000000000000000 ( 583)                 .FILL x0000
(3402) 0000  0000000000000000 ( 583)                 .FILL x0000
(3403) 0000  0000000000000000 ( 583)                 .FILL x0000
(3404) 0000  0000000000000000 ( 583)                 .FILL x0000
(3405) 0000  0000000000000000 ( 583)                 .FILL x0000
(3406) 0000  0000000000000000 ( 583)                 .FILL x0000
(3407) 0000  0000000000000000 ( 583)                 .FILL x0000
(3408) 0000  0000000000000000 ( 583)                 .FILL x0000
(3409) 0000  0000000000000000 ( 583)                 .FILL x0000
(340A) 0000  0000000000000000 ( 583)                 .FILL x0000
(340B) 0000  0000000000000000 ( 583)                 .FILL x0000
(340C) 0000  0000000000000000 ( 583)                 .FILL x0000
(340D) 0000  0000000000000000 ( 583)                 .FILL x0000
(340E) 0000  0000000000000000 ( 583)                 .FILL x0000
(340F) 0000  0000000000000000 ( 583)                 .FILL x0000
(3410) 0000  0000000000000000 ( 583)                 .FILL x0000
(3411) 0000  0000000000000000 ( 583)                 .FILL x0000
(3412) 0000  0000000000000000 ( 583)                 .FILL x0000
(3413) 0000  0000000000000000 ( 583)                 .FILL x0000
(3414) 0000  0000000000000000 ( 583)                 .FILL x0000
(3415) 0000  0000000000000000 ( 583)                 .FILL x0000
(3416) 0000  0000000000000000 ( 583)                 .FILL x0000
(3417) 0000  0000000000000000 ( 583)                 .FILL x0000
(3418) 0000  0000000000000000 ( 583)                 .FILL x0000
(3419) 0000  0000000000000000 ( 583)                 .FILL x0000
(341A) 0000  0000000000000000 ( 583)                 .FILL x0000
(341B) 0000  0000000000000000 ( 583)                 .FILL x0000
(341C) 0000  0000000000000000 ( 583)                 .FILL x0000
(341D) 0000  0000000000000000 ( 583)                 .FILL x0000
(341E) 0000  0000000000000000 ( 583)                 .FILL x0000
(341F) 0000  0000000000000000 ( 583)                 .FILL x0000
(3420) 0000  0000000000000000 ( 583)                 .FILL x0000
(3421) 0000  0000000000000000 ( 583)                 .FILL x0000
(3422) 0000  0000000000000000 ( 583)                 .FILL x0000
(3423) 0000  0000000000000000 ( 583)                 .FILL x0000
(3424) 0000  0000000000000000 ( 583)                 .FILL x0000
(3425) 0000  0000000000000000 ( 583)                 .FILL x0000
(3426) 0000  0000000000000000 ( 583)                 .FILL x0000
(3427) 0000  0000000000000000 ( 583)                 .FILL x0000
(3428) 0000  0000000000000000 ( 583)                 .FILL x0000
(3429) 0000  0000000000000000 ( 583)                 .FILL x0000
(342A) 0000  0000000000000000 ( 583)                 .FILL x0000
(342B) 0000  0000000000000000 ( 583)                 .FILL x0000
(342C) 0000  0000000000000000 ( 583)                 .FILL x0000
(342D) 0000  0000000000000000 ( 583)                 .FILL x0000
(342E) 0000  0000000000000000 ( 583)                 .FILL x0000
(342F) 0000  0000000000000000 ( 583)                 .FILL x0000
(3430) 0000  0000000000000000 ( 583)                 .FILL x0000
(3431) 0000  0000000000000000 ( 583)                 .FILL x0000
(3432) 0000  0000000000000000 ( 583)                 .FILL x0000
(3433) 0000  0000000000000000 ( 583)                 .FILL x0000
(3434) 0000  0000000000000000 ( 583)                 .FILL x0000
(3435) 0000  0000000000000000 ( 583)                 .FILL x0000
(3436) 0000  0000000000000000 ( 583)                 .FILL x0000
(3437) 0000  0000000000000000 ( 583)                 .FILL x0000
(3438) 0000  0000000000000000 ( 583)                 .FILL x0000
(3439) 0000  0000000000000000 ( 583)                 .FILL x0000
(343A) 0000  0000000000000000 ( 583)                 .FILL x0000
(343B) 0000  0000000000000000 ( 583)                 .FILL x0000
(343C) 0000  0000000000000000 ( 583)                 .FILL x0000
(343D) 0000  0000000000000000 ( 583)                 .FILL x0000
(343E) 0000  0000000000000000 ( 583)                 .FILL x0000
(343F) 0000  0000000000000000 ( 583)                 .FILL x0000
(3440) 0000  0000000000000000 ( 583)                 .FILL x0000
(3441) 0000  0000000000000000 ( 583)                 .FILL x0000
(3442) 0000  0000000000000000 ( 583)                 .FILL x0000
(3443) 0000  0000000000000000 ( 583)                 .FILL x0000
(3444) 0000  0000000000000000 ( 583)                 .FILL x0000
(3445) 0000  0000000000000000 ( 583)                 .FILL x0000
(3446) 0000  0000000000000000 ( 583)                 .FILL x0000
(3447) 0000  0000000000000000 ( 583)                 .FILL x0000
(3448) 0000  0000000000000000 ( 583)                 .FILL x0000
(3449) 0000  0000000000000000 ( 583)                 .FILL x0000
(344A) 0000  0000000000000000 ( 583)                 .FILL x0000
(344B) 0000  0000000000000000 ( 583)                 .FILL x0000
(344C) 0000  0000000000000000 ( 583)                 .FILL x0000
(344D) 0000  0000000000000000 ( 583)                 .FILL x0000
(344E) 0000  0000000000000000 ( 583)                 .FILL x0000
(344F) 0000  0000000000000000 ( 583)                 .FILL x0000
(3450) 0000  0000000000000000 ( 583)                 .FILL x0000
(3451) 0000  0000000000000000 ( 583)                 .FILL x0000
(3452) 0000  0000000000000000 ( 583)                 .FILL x0000
(3453) 0000  0000000000000000 ( 583)                 .FILL x0000
(3454) 0000  0000000000000000 ( 583)                 .FILL x0000
(3455) 0000  0000000000000000 ( 583)                 .FILL x0000
(3456) 0000  0000000000000000 ( 583)                 .FILL x0000
(3457) 0000  0000000000000000 ( 583)                 .FILL x0000
(3458) 0000  0000000000000000 ( 583)                 .FILL x0000
(3459) 0000  0000000000000000 ( 583)                 .FILL x0000
(345A) 0000  0000000000000000 ( 583)                 .FILL x0000
(345B) 0000  0000000000000000 ( 583)                 .FILL x0000
(345C) 0000  0000000000000000 ( 583)                 .FILL x0000
(345D) 0000  0000000000000000 ( 583)                 .FILL x0000
(345E) 0000  0000000000000000 ( 583)                 .FILL x0000
(345F) 0000  0000000000000000 ( 583)                 .FILL x0000
(3460) 0000  0000000000000000 ( 583)                 .FILL x0000
(3461) 0000  0000000000000000 ( 583)                 .FILL x0000
(3462) 0000  0000000000000000 ( 583)                 .FILL x0000
(3463) 0000  0000000000000000 ( 583)                 .FILL x0000
(3464) 0000  0000000000000000 ( 583)                 .FILL x0000
(3465) 0000  0000000000000000 ( 583)                 .FILL x0000
(3466) 0000  0000000000000000 ( 583)                 .FILL x0000
(3467) 0000  0000000000000000 ( 583)                 .FILL x0000
(3468) 0000  0000000000000000 ( 583)                 .FILL x0000
(3469) 0000  0000000000000000 ( 583)                 .FILL x0000
(346A) 0000  0000000000000000 ( 583)                 .FILL x0000
(346B) 0000  0000000000000000 ( 583)                 .FILL x0000
(346C) 0000  0000000000000000 ( 583)                 .FILL x0000
(346D) 0000  0000000000000000 ( 583)                 .FILL x0000
(346E) 0000  0000000000000000 ( 583)                 .FILL x0000
(346F) 0000  0000000000000000 ( 583)                 .FILL x0000
(3470) 0000  0000000000000000 ( 583)                 .FILL x0000
(3471) 0000  0000000000000000 ( 583)                 .FILL x0000
(3472) 0000  0000000000000000 ( 583)                 .FILL x0000
(3473) 0000  0000000000000000 ( 583)                 .FILL x0000
(3474) 0000  0000000000000000 ( 583)                 .FILL x0000
(3475) 0000  0000000000000000 ( 583)                 .FILL x0000
(3476) 0000  0000000000000000 ( 583)                 .FILL x0000
(3477) 0000  0000000000000000 ( 583)                 .FILL x0000
(3478) 0000  0000000000000000 ( 583)                 .FILL x0000
(3479) 0000  0000000000000000 ( 583)                 .FILL x0000
(347A) 0000  0000000000000000 ( 583)                 .FILL x0000
(347B) 0000  0000000000000000 ( 583)                 .FILL x0000
(347C) 0000  0000000000000000 ( 583)                 .FILL x0000
(347D) 0000  0000000000000000 ( 583)                 .FILL x0000
(347E) 0000  0000000000000000 ( 583)                 .FILL x0000
(347F) 0000  0000000000000000 ( 583)                 .FILL x0000
(3480) 0000  0000000000000000 ( 583)                 .FILL x0000
(3481) 0000  0000000000000000 ( 583)                 .FILL x0000
(3482) 0000  0000000000000000 ( 583)                 .FILL x0000
(3483) 0000  0000000000000000 ( 583)                 .FILL x0000
(3484) 0000  0000000000000000 ( 583)                 .FILL x0000
(3485) 0000  0000000000000000 ( 583)                 .FILL x0000
(3486) 0000  0000000000000000 ( 583)                 .FILL x0000
(3487) 0000  0000000000000000 ( 583)                 .FILL x0000
(3488) 0000  0000000000000000 ( 583)                 .FILL x0000
(3489) 0000  0000000000000000 ( 583)                 .FILL x0000
(348A) 0000  0000000000000000 ( 583)                 .FILL x0000
(348B) 0000  0000000000000000 ( 583)                 .FILL x0000
(348C) 0000  0000000000000000 ( 583)                 .FILL x0000
(348D) 0000  0000000000000000 ( 583)                 .FILL x0000
(348E) 0000  0000000000000000 ( 583)                 .FILL x0000
(348F) 0000  0000000000000000 ( 583)                 .FILL x0000
(3490) 0000  0000000000000000 ( 583)                 .FILL x0000
(3491) 0000  0000000000000000 ( 583)                 .FILL x0000
(3492) 0000  0000000000000000 ( 583)                 .FILL x0000
(3493) 0000  0000000000000000 ( 583)                 .FILL x0000
(3494) 0000  0000000000000000 ( 583)                 .FILL x0000
(3495) 0000  0000000000000000 ( 583)                 .FILL x0000
(3496) 0000  0000000000000000 ( 583)                 .FILL x0000
(3497) 0000  0000000000000000 ( 583)                 .FILL x0000
(3498) 0000  0000000000000000 ( 583)                 .FILL x0000
(3499) 0000  0000000000000000 ( 583)                 .FILL x0000
(349A) 0000  0000000000000000 ( 583)                 .FILL x0000
(349B) 0000  0000000000000000 ( 583)                 .FILL x0000
(349C) 0000  0000000000000000 ( 583)                 .FILL x0000
(349D) 0000  0000000000000000 ( 583)                 .FILL x0000
(349E) 0000  0000000000000000 ( 583)                 .FILL x0000
(349F) 0000  0000000000000000 ( 583)                 .FILL x0000
(34A0) 0000  0000000000000000 ( 583)                 .FILL x0000
(34A1) 0000  0000000000000000 ( 583)                 .FILL x0000
(34A2) 0000  0000000000000000 ( 583)                 .FILL x0000
(34A3) 0000  0000000000000000 ( 583)                 .FILL x0000
(34A4) 0000  0000000000000000 ( 583)                 .FILL x0000
(34A5) 0000  0000000000000000 ( 583)                 .FILL x0000
(34A6) 0000  0000000000000000 ( 583)                 .FILL x0000
(34A7) 0000  0000000000000000 ( 583)                 .FILL x0000
(34A8) 0000  0000000000000000 ( 583)                 .FILL x0000
(34A9) 0000  0000000000000000 ( 583)                 .FILL x0000
(34AA) 0000  0000000000000000 ( 583)                 .FILL x0000
(34AB) 0000  0000000000000000 ( 583)                 .FILL x0000
(34AC) 0000  0000000000000000 ( 583)                 .FILL x0000
(34AD) 0000  0000000000000000 ( 583)                 .FILL x0000
(34AE) 0000  0000000000000000 ( 583)                 .FILL x0000
(34AF) 0000  0000000000000000 ( 583)                 .FILL x0000
(34B0) 0000  0000000000000000 ( 583)                 .FILL x0000
(34B1) 0000  0000000000000000 ( 583)                 .FILL x0000
(34B2) 0000  0000000000000000 ( 583)                 .FILL x0000
(34B3) 0000  0000000000000000 ( 583)                 .FILL x0000
(34B4) 0000  0000000000000000 ( 583)                 .FILL x0000
(34B5) 0000  0000000000000000 ( 583)                 .FILL x0000
(34B6) 0000  0000000000000000 ( 583)                 .FILL x0000
(34B7) 0000  0000000000000000 ( 583)                 .FILL x0000
(34B8) 0000  0000000000000000 ( 583)                 .FILL x0000
(34B9) 0000  0000000000000000 ( 583)                 .FILL x0000
(34BA) 0000  0000000000000000 ( 583)                 .FILL x0000
(34BB) 0000  0000000000000000 ( 583)                 .FILL x0000
(34BC) 0000  0000000000000000 ( 583)                 .FILL x0000
(34BD) 0000  0000000000000000 ( 583)                 .FILL x0000
(34BE) 0000  0000000000000000 ( 583)                 .FILL x0000
(34BF) 0000  0000000000000000 ( 583)                 .FILL x0000
(34C0) 0000  0000000000000000 ( 583)                 .FILL x0000
(34C1) 0000  0000000000000000 ( 583)                 .FILL x0000
(34C2) 0000  0000000000000000 ( 583)                 .FILL x0000
(34C3) 0000  0000000000000000 ( 583)                 .FILL x0000
(34C4) 0000  0000000000000000 ( 583)                 .FILL x0000
(34C5) 0000  0000000000000000 ( 583)                 .FILL x0000
(34C6) 0000  0000000000000000 ( 583)                 .FILL x0000
(34C7) 0000  0000000000000000 ( 583)                 .FILL x0000
(34C8) 0000  0000000000000000 ( 583)                 .FILL x0000
(34C9) 0000  0000000000000000 ( 583)                 .FILL x0000
(34CA) 0000  0000000000000000 ( 583)                 .FILL x0000
(34CB) 0000  0000000000000000 ( 583)                 .FILL x0000
(34CC) 0000  0000000000000000 ( 583)                 .FILL x0000
(34CD) 0000  0000000000000000 ( 583)                 .FILL x0000
(34CE) 0000  0000000000000000 ( 583)                 .FILL x0000
(34CF) 0000  0000000000000000 ( 583)                 .FILL x0000
(34D0) 0000  0000000000000000 ( 583)                 .FILL x0000
(34D1) 0000  0000000000000000 ( 583)                 .FILL x0000
(34D2) 0000  0000000000000000 ( 583)                 .FILL x0000
(34D3) 0000  0000000000000000 ( 583)                 .FILL x0000
(34D4) 0000  0000000000000000 ( 583)                 .FILL x0000
(34D5) 0000  0000000000000000 ( 583)                 .FILL x0000
(34D6) 0000  0000000000000000 ( 583)                 .FILL x0000
(34D7) 0000  0000000000000000 ( 583)                 .FILL x0000
(34D8) 0000  0000000000000000 ( 583)                 .FILL x0000
(34D9) 0000  0000000000000000 ( 583)                 .FILL x0000
(34DA) 0000  0000000000000000 ( 583)                 .FILL x0000
(34DB) 0000  0000000000000000 ( 583)                 .FILL x0000
(34DC) 0000  0000000000000000 ( 583)                 .FILL x0000
(34DD) 0000  0000000000000000 ( 583)                 .FILL x0000
(34DE) 0000  0000000000000000 ( 583)                 .FILL x0000
(34DF) 0000  0000000000000000 ( 583)                 .FILL x0000
(34E0) 0000  0000000000000000 ( 583)                 .FILL x0000
(34E1) 0000  0000000000000000 ( 583)                 .FILL x0000
(34E2) 0000  0000000000000000 ( 583)                 .FILL x0000
(34E3) 0000  0000000000000000 ( 583)                 .FILL x0000
(34E4) 0000  0000000000000000 ( 583)                 .FILL x0000
(34E5) 0000  0000000000000000 ( 583)                 .FILL x0000
(34E6) 0000  0000000000000000 ( 583)                 .FILL x0000
(34E7) 0000  0000000000000000 ( 583)                 .FILL x0000
(34E8) 0000  0000000000000000 ( 583)                 .FILL x0000
(34E9) 0000  0000000000000000 ( 583)                 .FILL x0000
(34EA) 0000  0000000000000000 ( 583)                 .FILL x0000
(34EB) 0000  0000000000000000 ( 583)                 .FILL x0000
(34EC) 0000  0000000000000000 ( 583)                 .FILL x0000
(34ED) 0000  0000000000000000 ( 583)                 .FILL x0000
(34EE) 0000  0000000000000000 ( 583)                 .FILL x0000
(34EF) 0000  0000000000000000 ( 583)                 .FILL x0000
(34F0) 0000  0000000000000000 ( 583)                 .FILL x0000
(34F1) 0000  0000000000000000 ( 583)                 .FILL x0000
(34F2) 0000  0000000000000000 ( 583)                 .FILL x0000
(34F3) 0000  0000000000000000 ( 583)                 .FILL x0000
(34F4) 0000  0000000000000000 ( 583)                 .FILL x0000
(34F5) 0000  0000000000000000 ( 583)                 .FILL x0000
(34F6) 0000  0000000000000000 ( 583)                 .FILL x0000
(34F7) 0000  0000000000000000 ( 583)                 .FILL x0000
(34F8) 0000  0000000000000000 ( 583)                 .FILL x0000
(34F9) 0000  0000000000000000 ( 583)                 .FILL x0000
(34FA) 0000  0000000000000000 ( 583)                 .FILL x0000
(34FB) 0000  0000000000000000 ( 583)                 .FILL x0000
(34FC) 0000  0000000000000000 ( 583)                 .FILL x0000
(34FD) 0000  0000000000000000 ( 583)                 .FILL x0000
(34FE) 0000  0000000000000000 ( 583)                 .FILL x0000
(34FF) 0000  0000000000000000 ( 583)                 .FILL x0000
(3500) 0000  0000000000000000 ( 583)                 .FILL x0000
(3501) 0000  0000000000000000 ( 583)                 .FILL x0000
(3502) 0000  0000000000000000 ( 583)                 .FILL x0000
(3503) 0000  0000000000000000 ( 583)                 .FILL x0000
(3504) 0000  0000000000000000 ( 583)                 .FILL x0000
(3505) 0000  0000000000000000 ( 583)                 .FILL x0000
(3506) 0000  0000000000000000 ( 583)                 .FILL x0000
(3507) 0000  0000000000000000 ( 583)                 .FILL x0000
(3508) 0000  0000000000000000 ( 583)                 .FILL x0000
(3509) 0000  0000000000000000 ( 583)                 .FILL x0000
(350A) 0000  0000000000000000 ( 583)                 .FILL x0000
(350B) 0000  0000000000000000 ( 583)                 .FILL x0000
(350C) 0000  0000000000000000 ( 583)                 .FILL x0000
(350D) 0000  0000000000000000 ( 583)                 .FILL x0000
(350E) 3E47  0011111001000111 ( 583) CPRINTI         ST    R7 CPRR7
(350F) 3247  0011001001000111 ( 584)                 ST    R1 CPRR1
(3510) 3447  0011010001000111 ( 585)                 ST    R2 CPRR2
(3511) 54A0  0101010010100000 ( 586)                 AND   R2 R2 #0
(3512) 1220  0001001000100000 ( 587)                 ADD   R1 R0 #0
(3513) 0208  0000001000001000 ( 588)                 BRP   CPPRINT4
(3514) 0803  0000100000000011 ( 589)                 BRN   CPPRINTREV
(3515) 2043  0010000001000011 ( 590)                 LD    R0 CIBASCII
(3516) F021  1111000000100001 ( 591)                 TRAP  x21
(3517) 0E3A  0000111000111010 ( 592)                 BRNZP CPPRINTFINISH
(3518) 927F  1001001001111111 ( 593) CPPRINTREV      NOT   R1 R1
(3519) 2040  0010000001000000 ( 594)                 LD    R0 CIBSGN
(351A) F021  1111000000100001 ( 595)                 TRAP  x21
(351B) 1261  0001001001100001 ( 596)                 ADD   R1 R1 #1
(351C) 5020  0101000000100000 ( 597) CPPRINT4        AND   R0 R0 #0
(351D) 2E3D  0010111000111101 ( 598)                 LD    R7 CIBIT4
(351E) 13C1  0001001111000001 ( 599) CPPRINT4N       ADD   R1 R7 R1
(351F) 0802  0000100000000010 ( 600)                 BRN   CPPRINT3
(3520) 1021  0001000000100001 ( 601)                 ADD   R0 R0 #1
(3521) 0FFC  0000111111111100 ( 602)                 BRNZP CPPRINT4N
(3522) 2E3C  0010111000111100 ( 603) CPPRINT3        LD    R7 CIRBIT4
(3523) 1247  0001001001000111 ( 604)                 ADD   R1 R1 R7
(3524) 1420  0001010000100000 ( 605)                 ADD   R2 R0 #0
(3525) 0C03  0000110000000011 ( 606)                 BRNZ  CPPRINT3Y
(3526) 2E32  0010111000110010 ( 607)                 LD    R7 CIBASCII
(3527) 1007  0001000000000111 ( 608)                 ADD   R0 R0 R7
(3528) F021  1111000000100001 ( 609)                 TRAP  x21
(3529) 2E32  0010111000110010 ( 610) CPPRINT3Y       LD    R7 CIBIT3
(352A) 5020  0101000000100000 ( 611)                 AND   R0 R0 #0
(352B) 13C1  0001001111000001 ( 612) CPPRINT3N       ADD   R1 R7 R1
(352C) 0802  0000100000000010 ( 613)                 BRN   CPPRINT2
(352D) 1021  0001000000100001 ( 614)                 ADD   R0 R0 #1
(352E) 0FFC  0000111111111100 ( 615)                 BRNZP CPPRINT3N
(352F) 2E30  0010111000110000 ( 616) CPPRINT2        LD    R7 CIRBIT3
(3530) 1247  0001001001000111 ( 617)                 ADD   R1 R1 R7
(3531) 1420  0001010000100000 ( 618)                 ADD   R2 R0 #0
(3532) 0C03  0000110000000011 ( 619)                 BRNZ  CPPRINT2Y
(3533) 2E25  0010111000100101 ( 620)                 LD    R7 CIBASCII
(3534) 1007  0001000000000111 ( 621)                 ADD   R0 R0 R7
(3535) F021  1111000000100001 ( 622)                 TRAP  x21
(3536) 2E26  0010111000100110 ( 623) CPPRINT2Y       LD    R7 CIBIT2
(3537) 5020  0101000000100000 ( 624)                 AND   R0 R0 #0
(3538) 13C1  0001001111000001 ( 625) CPPRINT2N       ADD   R1 R7 R1
(3539) 0802  0000100000000010 ( 626)                 BRN   CPPRINT1
(353A) 1021  0001000000100001 ( 627)                 ADD   R0 R0 #1
(353B) 0FFC  0000111111111100 ( 628)                 BRNZP CPPRINT2N
(353C) 2E24  0010111000100100 ( 629) CPPRINT1        LD    R7 CIRBIT2
(353D) 1247  0001001001000111 ( 630)                 ADD   R1 R1 R7
(353E) 1420  0001010000100000 ( 631)                 ADD   R2 R0 #0
(353F) 0C03  0000110000000011 ( 632)                 BRNZ  CPPRINT1Y
(3540) 2E18  0010111000011000 ( 633)                 LD    R7 CIBASCII
(3541) 1007  0001000000000111 ( 634)                 ADD   R0 R0 R7
(3542) F021  1111000000100001 ( 635)                 TRAP  x21
(3543) 2E1A  0010111000011010 ( 636) CPPRINT1Y       LD    R7 CIBIT1
(3544) 5020  0101000000100000 ( 637)                 AND   R0 R0 #0
(3545) 13C1  0001001111000001 ( 638) CPPRINT1N       ADD   R1 R7 R1
(3546) 0802  0000100000000010 ( 639)                 BRN   CPPRINT0
(3547) 1021  0001000000100001 ( 640)                 ADD   R0 R0 #1
(3548) 0FFC  0000111111111100 ( 641)                 BRNZP CPPRINT1N
(3549) 126A  0001001001101010 ( 642) CPPRINT0        ADD   R1 R1 #10
(354A) 1420  0001010000100000 ( 643)                 ADD   R2 R0 #0
(354B) 0C03  0000110000000011 ( 644)                 BRNZ  CPP0
(354C) 2E0C  0010111000001100 ( 645)                 LD    R7 CIBASCII
(354D) 1007  0001000000000111 ( 646)                 ADD   R0 R0 R7
(354E) F021  1111000000100001 ( 647)                 TRAP  x21
(354F) 2E09  0010111000001001 ( 648) CPP0            LD    R7 CIBASCII
(3550) 1047  0001000001000111 ( 649)                 ADD   R0 R1 R7
(3551) F021  1111000000100001 ( 650)                 TRAP  x21
(3552) 2E03  0010111000000011 ( 651) CPPRINTFINISH   LD    R7 CPRR7
(3553) 2203  0010001000000011 ( 652)                 LD    R1 CPRR1
(3554) 2403  0010010000000011 ( 653)                 LD    R2 CPRR2
(3555) C1C0  1100000111000000 ( 654)                 RET   
(3556) 0000  0000000000000000 ( 656) CPRR7           .FILL x0000
(3557) 0000  0000000000000000 ( 657) CPRR1           .FILL x0000
(3558) 0000  0000000000000000 ( 658) CPRR2           .FILL x0000
(3559) 0030  0000000000110000 ( 658) CIBASCII        .FILL x0030
(355A) 002D  0000000000101101 ( 659) CIBSGN          .FILL x002D
(355B) D8F0  1101100011110000 ( 660) CIBIT4          .FILL xD8F0
(355C) FC18  1111110000011000 ( 661) CIBIT3          .FILL xFC18
(355D) FF9C  1111111110011100 ( 662) CIBIT2          .FILL xFF9C
(355E) FFF6  1111111111110110 ( 663) CIBIT1          .FILL xFFF6
(355F) 2710  0010011100010000 ( 664) CIRBIT4         .FILL x2710
(3560) 03E8  0000001111101000 ( 665) CIRBIT3         .FILL x03E8
(3561) 0064  0000000001100100 ( 666) CIRBIT2         .FILL x0064
(3562) 000A  0000000000001010 ( 667) CIRBIT1         .FILL x000A
(3563) 3134  0011000100110100 ( 669) FUNCTION        .FILL x3134
(3564) 3007  0011000000000111 ( 670)                 .FILL x3007
(3565) 31F3  0011000111110011 ( 671)                 .FILL x31F3
(3566) 350E  0011010100001110 ( 672)                 .FILL x350E
(3567) 319F  0011000110011111 ( 673)                 .FILL x319F
(3568) 31C1  0011000111000001 ( 674)                 .FILL x31C1
(3569) 0000  0000000000000000 ( 676) STATIC          .FILL x0000
(356A) 0000  0000000000000000 ( 676)                 .FILL x0000
(356B) 0000  0000000000000000 ( 676)                 .FILL x0000
(356C) 0000  0000000000000000 ( 676)                 .FILL x0000
(356D) 0000  0000000000000000 ( 676)                 .FILL x0000
(356E) 0000  0000000000000000 ( 676)                 .FILL x0000
(356F) 0000  0000000000000000 ( 676)                 .FILL x0000
(3570) 0000  0000000000000000 ( 676)                 .FILL x0000
(3571) 0000  0000000000000000 ( 676)                 .FILL x0000
(3572) 0000  0000000000000000 ( 676)                 .FILL x0000
(3573) 0000  0000000000000000 ( 676)                 .FILL x0000
(3574) 0000  0000000000000000 ( 676)                 .FILL x0000
(3575) 0000  0000000000000000 ( 676)                 .FILL x0000
(3576) 0000  0000000000000000 ( 676)                 .FILL x0000
(3577) 0000  0000000000000000 ( 676)                 .FILL x0000
(3578) 0000  0000000000000000 ( 676)                 .FILL x0000
(3579) 0000  0000000000000000 ( 676)                 .FILL x0000
(357A) 0000  0000000000000000 ( 676)                 .FILL x0000
(357B) 0000  0000000000000000 ( 676)                 .FILL x0000
(357C) 0000  0000000000000000 ( 676)                 .FILL x0000
(357D) 0000  0000000000000000 ( 676)                 .FILL x0000
(357E) 0000  0000000000000000 ( 676)                 .FILL x0000
(357F) 0000  0000000000000000 ( 676)                 .FILL x0000
(3580) 0000  0000000000000000 ( 676)                 .FILL x0000
(3581) 0000  0000000000000000 ( 676)                 .FILL x0000
(3582) 0000  0000000000000000 ( 676)                 .FILL x0000
(3583) 0000  0000000000000000 ( 676)                 .FILL x0000
(3584) 0000  0000000000000000 ( 676)                 .FILL x0000
(3585) 0000  0000000000000000 ( 676)                 .FILL x0000
(3586) 0000  0000000000000000 ( 676)                 .FILL x0000
(3587) 0000  0000000000000000 ( 676)                 .FILL x0000
(3588) 0000  0000000000000000 ( 676)                 .FILL x0000
(3589) 0000  0000000000000000 ( 677)                 .FILL x0000
(358A) 0000  0000000000000000 ( 677)                 .FILL x0000
(358B) 0000  0000000000000000 ( 677)                 .FILL x0000
(358C) 0000  0000000000000000 ( 677)                 .FILL x0000
(358D) 0000  0000000000000000 ( 677)                 .FILL x0000
(358E) 0000  0000000000000000 ( 677)                 .FILL x0000
(358F) 0000  0000000000000000 ( 677)                 .FILL x0000
(3590) 0000  0000000000000000 ( 677)                 .FILL x0000
(3591) 0000  0000000000000000 ( 677)                 .FILL x0000
(3592) 0000  0000000000000000 ( 677)                 .FILL x0000
(3593) 0000  0000000000000000 ( 677)                 .FILL x0000
(3594) 0000  0000000000000000 ( 677)                 .FILL x0000
(3595) 0000  0000000000000000 ( 677)                 .FILL x0000
(3596) 0000  0000000000000000 ( 677)                 .FILL x0000
(3597) 0000  0000000000000000 ( 677)                 .FILL x0000
(3598) 0000  0000000000000000 ( 677)                 .FILL x0000
(3599) 0000  0000000000000000 ( 677)                 .FILL x0000
(359A) 0000  0000000000000000 ( 677)                 .FILL x0000
(359B) 0000  0000000000000000 ( 677)                 .FILL x0000
(359C) 0000  0000000000000000 ( 677)                 .FILL x0000
(359D) 0000  0000000000000000 ( 677)                 .FILL x0000
(359E) 0000  0000000000000000 ( 677)                 .FILL x0000
(359F) 0000  0000000000000000 ( 677)                 .FILL x0000
(35A0) 0000  0000000000000000 ( 677)                 .FILL x0000
(35A1) 0000  0000000000000000 ( 677)                 .FILL x0000
(35A2) 0000  0000000000000000 ( 677)                 .FILL x0000
(35A3) 0000  0000000000000000 ( 677)                 .FILL x0000
(35A4) 0000  0000000000000000 ( 677)                 .FILL x0000
(35A5) 0000  0000000000000000 ( 677)                 .FILL x0000
(35A6) 0000  0000000000000000 ( 677)                 .FILL x0000
(35A7) 0000  0000000000000000 ( 677)                 .FILL x0000
(35A8) 0000  0000000000000000 ( 677)                 .FILL x0000
(35A9) 0000  0000000000000000 ( 677)                 .FILL x0000
(35AA) 0000  0000000000000000 ( 677)                 .FILL x0000
(35AB) 0000  0000000000000000 ( 677)                 .FILL x0000
(35AC) 0000  0000000000000000 ( 677)                 .FILL x0000
(35AD) 0000  0000000000000000 ( 677)                 .FILL x0000
(35AE) 0000  0000000000000000 ( 677)                 .FILL x0000
(35AF) 0000  0000000000000000 ( 677)                 .FILL x0000
(35B0) 0000  0000000000000000 ( 677)                 .FILL x0000
(35B1) 0000  0000000000000000 ( 677)                 .FILL x0000
(35B2) 0000  0000000000000000 ( 677)                 .FILL x0000
(35B3) 0000  0000000000000000 ( 677)                 .FILL x0000
(35B4) 0000  0000000000000000 ( 677)                 .FILL x0000
(35B5) 0000  0000000000000000 ( 677)                 .FILL x0000
(35B6) 0000  0000000000000000 ( 677)                 .FILL x0000
(35B7) 0000  0000000000000000 ( 677)                 .FILL x0000
(35B8) 0000  0000000000000000 ( 677)                 .FILL x0000
(35B9) 0000  0000000000000000 ( 678) STACK           .FILL x0000
