(0000) 3000  0011000000000000 (   1)                 .ORIG x3000
(3000) 2803  0010100000000011 (   2)                 LD    R4 x3004
(3001) 2A03  0010101000000011 (   3)                 LD    R5 x3005
(3002) 2C03  0010110000000011 (   4)                 LD    R6 x3006
(3003) 0E03  0000111000000011 (   5)                 BRNZP Fnmain
(3004) 349B  0011010010011011 (   6)                 .FILL x349B
(3005) 3447  0011010001000111 (   7)                 .FILL x3447
(3006) 344B  0011010001001011 (   8)                 .FILL x344B
(3007) 13A1  0001001110100001 (  10) Fnmain          ADD   R1 R6 #1
(3008) 7301  0111001100000001 (  11)                 STR   R1 R4 #1
(3009) 2201  0010001000000001 (  13)                 LD    R1 x300B
(300A) 0E01  0000111000000001 (  14)                 BRNZP LBL0
(300B) 0000  0000000000000000 (  15)                 .FILL x0000
(300C) 7302  0111001100000010 (  16) LBL0            STR   R1 R4 #2
(300D) 6502  0110010100000010 (  17)                 LDR   R2 R4 #2
(300E) 6301  0110001100000001 (  18)                 LDR   R1 R4 #1
(300F) 1242  0001001001000010 (  19)                 ADD   R1 R1 R2
(3010) 7301  0111001100000001 (  19)                 STR   R1 R4 #1
(3011) 2201  0010001000000001 (  21)                 LD    R1 x3013
(3012) 0E01  0000111000000001 (  22)                 BRNZP LBL1
(3013) 0000  0000000000000000 (  23)                 .FILL x0000
(3014) 7302  0111001100000010 (  24) LBL1            STR   R1 R4 #2
(3015) 6502  0110010100000010 (  25)                 LDR   R2 R4 #2
(3016) 6301  0110001100000001 (  26)                 LDR   R1 R4 #1
(3017) 7440  0111010001000000 (  27)                 STR   R2 R1 #0
(3018) 7501  0111010100000001 (  28)                 STR   R2 R4 #1
(3019) 13A1  0001001110100001 (  30)                 ADD   R1 R6 #1
(301A) 7301  0111001100000001 (  31)                 STR   R1 R4 #1
(301B) 2201  0010001000000001 (  33)                 LD    R1 x301D
(301C) 0E01  0000111000000001 (  34)                 BRNZP LBL2
(301D) 0001  0000000000000001 (  35)                 .FILL x0001
(301E) 7302  0111001100000010 (  36) LBL2            STR   R1 R4 #2
(301F) 6502  0110010100000010 (  37)                 LDR   R2 R4 #2
(3020) 6301  0110001100000001 (  38)                 LDR   R1 R4 #1
(3021) 1242  0001001001000010 (  39)                 ADD   R1 R1 R2
(3022) 7301  0111001100000001 (  39)                 STR   R1 R4 #1
(3023) 2201  0010001000000001 (  41)                 LD    R1 x3025
(3024) 0E01  0000111000000001 (  42)                 BRNZP LBL3
(3025) 0001  0000000000000001 (  43)                 .FILL x0001
(3026) 7302  0111001100000010 (  44) LBL3            STR   R1 R4 #2
(3027) 6502  0110010100000010 (  45)                 LDR   R2 R4 #2
(3028) 6301  0110001100000001 (  46)                 LDR   R1 R4 #1
(3029) 7440  0111010001000000 (  47)                 STR   R2 R1 #0
(302A) 7501  0111010100000001 (  48)                 STR   R2 R4 #1
(302B) 2201  0010001000000001 (  50)                 LD    R1 x302D
(302C) 0E01  0000111000000001 (  51)                 BRNZP LBL6
(302D) 0002  0000000000000010 (  52)                 .FILL x0002
(302E) 7301  0111001100000001 (  53) LBL6            STR   R1 R4 #1
(302F) 6301  0110001100000001 (  54)                 LDR   R1 R4 #1
(3030) 733E  0111001100111110 (  55)                 STR   R1 R4 #-2
(3031) 5020  0101000000100000 (  56)                 AND   R0 R0 #0
(3032) 133E  0001001100111110 (  58) LBL5            ADD   R1 R4 #-2
(3033) 7301  0111001100000001 (  59)                 STR   R1 R4 #1
(3034) 6F01  0110111100000001 (  61)                 LDR   R7 R4 #1
(3035) 6FC0  0110111111000000 (  62)                 LDR   R7 R7 #0
(3036) 7F01  0111111100000001 (  63)                 STR   R7 R4 #1
(3037) 2201  0010001000000001 (  65)                 LD    R1 x3039
(3038) 0E01  0000111000000001 (  66)                 BRNZP LBL7
(3039) 000A  0000000000001010 (  67)                 .FILL x000A
(303A) 7302  0111001100000010 (  68) LBL7            STR   R1 R4 #2
(303B) 6502  0110010100000010 (  69)                 LDR   R2 R4 #2
(303C) 6301  0110001100000001 (  70)                 LDR   R1 R4 #1
(303D) 94BF  1001010010111111 (  71)                 NOT   R2 R2
(303E) 14A1  0001010010100001 (  72)                 ADD   R2 R2 #1
(303F) 5020  0101000000100000 (  73)                 AND   R0 R0 #0
(3040) 1242  0001001001000010 (  74)                 ADD   R1 R1 R2
(3041) 0401  0000010000000001 (  75)                 BRZ   LBL8
(3042) 1021  0001000000100001 (  76)                 ADD   R0 R0 #1
(3043) 7101  0111000100000001 (  77) LBL8            STR   R0 R4 #1
(3044) 6101  0110000100000001 (  79)                 LDR   R0 R4 #1
(3045) 0455  0000010001010101 (  80)                 BRZ   LBL4
(3046) 13A1  0001001110100001 (  81)                 ADD   R1 R6 #1
(3047) 7301  0111001100000001 (  82)                 STR   R1 R4 #1
(3048) 133E  0001001100111110 (  84)                 ADD   R1 R4 #-2
(3049) 7302  0111001100000010 (  85)                 STR   R1 R4 #2
(304A) 6F02  0110111100000010 (  87)                 LDR   R7 R4 #2
(304B) 6FC0  0110111111000000 (  88)                 LDR   R7 R7 #0
(304C) 7F02  0111111100000010 (  89)                 STR   R7 R4 #2
(304D) 6502  0110010100000010 (  91)                 LDR   R2 R4 #2
(304E) 6301  0110001100000001 (  92)                 LDR   R1 R4 #1
(304F) 1242  0001001001000010 (  93)                 ADD   R1 R1 R2
(3050) 7301  0111001100000001 (  93)                 STR   R1 R4 #1
(3051) 13A1  0001001110100001 (  95)                 ADD   R1 R6 #1
(3052) 7302  0111001100000010 (  96)                 STR   R1 R4 #2
(3053) 133E  0001001100111110 (  98)                 ADD   R1 R4 #-2
(3054) 7303  0111001100000011 (  99)                 STR   R1 R4 #3
(3055) 6F03  0110111100000011 ( 101)                 LDR   R7 R4 #3
(3056) 6FC0  0110111111000000 ( 102)                 LDR   R7 R7 #0
(3057) 7F03  0111111100000011 ( 103)                 STR   R7 R4 #3
(3058) 2201  0010001000000001 ( 105)                 LD    R1 x305A
(3059) 0E01  0000111000000001 ( 106)                 BRNZP LBL9
(305A) 0001  0000000000000001 ( 107)                 .FILL x0001
(305B) 7304  0111001100000100 ( 108) LBL9            STR   R1 R4 #4
(305C) 6504  0110010100000100 ( 109)                 LDR   R2 R4 #4
(305D) 6303  0110001100000011 ( 110)                 LDR   R1 R4 #3
(305E) 94BF  1001010010111111 ( 111)                 NOT   R2 R2
(305F) 14A1  0001010010100001 ( 112)                 ADD   R2 R2 #1
(3060) 1242  0001001001000010 ( 113)                 ADD   R1 R1 R2
(3061) 7303  0111001100000011 ( 114)                 STR   R1 R4 #3
(3062) 6503  0110010100000011 ( 116)                 LDR   R2 R4 #3
(3063) 6302  0110001100000010 ( 117)                 LDR   R1 R4 #2
(3064) 1242  0001001001000010 ( 118)                 ADD   R1 R1 R2
(3065) 7302  0111001100000010 ( 118)                 STR   R1 R4 #2
(3066) 6F02  0110111100000010 ( 120)                 LDR   R7 R4 #2
(3067) 6FC0  0110111111000000 ( 121)                 LDR   R7 R7 #0
(3068) 7F02  0111111100000010 ( 122)                 STR   R7 R4 #2
(3069) 13A1  0001001110100001 ( 124)                 ADD   R1 R6 #1
(306A) 7303  0111001100000011 ( 125)                 STR   R1 R4 #3
(306B) 133E  0001001100111110 ( 127)                 ADD   R1 R4 #-2
(306C) 7304  0111001100000100 ( 128)                 STR   R1 R4 #4
(306D) 6F04  0110111100000100 ( 130)                 LDR   R7 R4 #4
(306E) 6FC0  0110111111000000 ( 131)                 LDR   R7 R7 #0
(306F) 7F04  0111111100000100 ( 132)                 STR   R7 R4 #4
(3070) 2201  0010001000000001 ( 134)                 LD    R1 x3072
(3071) 0E01  0000111000000001 ( 135)                 BRNZP LBL10
(3072) 0002  0000000000000010 ( 136)                 .FILL x0002
(3073) 7305  0111001100000101 ( 137) LBL10           STR   R1 R4 #5
(3074) 6505  0110010100000101 ( 138)                 LDR   R2 R4 #5
(3075) 6304  0110001100000100 ( 139)                 LDR   R1 R4 #4
(3076) 94BF  1001010010111111 ( 140)                 NOT   R2 R2
(3077) 14A1  0001010010100001 ( 141)                 ADD   R2 R2 #1
(3078) 1242  0001001001000010 ( 142)                 ADD   R1 R1 R2
(3079) 7304  0111001100000100 ( 143)                 STR   R1 R4 #4
(307A) 6504  0110010100000100 ( 145)                 LDR   R2 R4 #4
(307B) 6303  0110001100000011 ( 146)                 LDR   R1 R4 #3
(307C) 1242  0001001001000010 ( 147)                 ADD   R1 R1 R2
(307D) 7303  0111001100000011 ( 147)                 STR   R1 R4 #3
(307E) 6F03  0110111100000011 ( 149)                 LDR   R7 R4 #3
(307F) 6FC0  0110111111000000 ( 150)                 LDR   R7 R7 #0
(3080) 7F03  0111111100000011 ( 151)                 STR   R7 R4 #3
(3081) 6503  0110010100000011 ( 153)                 LDR   R2 R4 #3
(3082) 6302  0110001100000010 ( 154)                 LDR   R1 R4 #2
(3083) 1242  0001001001000010 ( 155)                 ADD   R1 R1 R2
(3084) 7302  0111001100000010 ( 156)                 STR   R1 R4 #2
(3085) 6502  0110010100000010 ( 158)                 LDR   R2 R4 #2
(3086) 6301  0110001100000001 ( 159)                 LDR   R1 R4 #1
(3087) 7440  0111010001000000 ( 160)                 STR   R2 R1 #0
(3088) 7501  0111010100000001 ( 161)                 STR   R2 R4 #1
(3089) 6101  0110000100000001 ( 163)                 LDR   R0 R4 #1
(308A) 6FBD  0110111110111101 ( 164)                 LDR   R7 R6 #-3
(308B) 41C0  0100000111000000 ( 165)                 JSRR  R7
(308C) E201  1110001000000001 ( 166)                 LEA   R1 x308E
(308D) 0E02  0000111000000010 ( 167)                 BRNZP LBL11
(308E) 000A  0000000000001010 ( 168)                 .FILL x000A
(308F) 0000  0000000000000000 ( 168)                 .FILL x0000
(3090) 7301  0111001100000001 ( 169) LBL11           STR   R1 R4 #1
(3091) 6101  0110000100000001 ( 170)                 LDR   R0 R4 #1
(3092) F022  1111000000100010 ( 171)                 TRAP  x22
(3093) 133E  0001001100111110 ( 172)                 ADD   R1 R4 #-2
(3094) 7301  0111001100000001 ( 173)                 STR   R1 R4 #1
(3095) 6301  0110001100000001 ( 175)                 LDR   R1 R4 #1
(3096) 6440  0110010001000000 ( 176)                 LDR   R2 R1 #0
(3097) 14A1  0001010010100001 ( 177)                 ADD   R2 R2 #1
(3098) 7501  0111010100000001 ( 178)                 STR   R2 R4 #1
(3099) 7440  0111010001000000 ( 180)                 STR   R2 R1 #0
(309A) 0F97  0000111110010111 ( 181)                 BRNZP LBL5
(309B) 5020  0101000000100000 ( 183) LBL4            AND   R0 R0 #0
(309C) F025  1111000000100101 ( 184) Qmain           TRAP  x25
(309D) 3E31  0011111000110001 ( 186) CSCANI          ST    R7 CIOR7
(309E) 3231  0011001000110001 ( 187)                 ST    R1 CIOR1
(309F) 3431  0011010000110001 ( 188)                 ST    R2 CIOR2
(30A0) 3631  0011011000110001 ( 189)                 ST    R3 CIOR3
(30A1) 2232  0010001000110010 ( 190)                 LD    R1 CSCANBEGINPTR
(30A2) 2E32  0010111000110010 ( 191)                 LD    R7 CSCANENDPTR
(30A3) 9FFF  1001111111111111 ( 192)                 NOT   R7 R7
(30A4) 1FE1  0001111111100001 ( 193)                 ADD   R7 R7 #1
(30A5) 1FC1  0001111111000001 ( 194)                 ADD   R7 R7 R1
(30A6) 0A02  0000101000000010 ( 195)                 BRNP  CSCANIGETI
(30A7) 482E  0100100000101110 ( 196)                 JSR   CSCAN
(30A8) 222B  0010001000101011 ( 197)                 LD    R1 CSCANBEGINPTR
(30A9) 5020  0101000000100000 ( 198) CSCANIGETI      AND   R0 R0 #0
(30AA) 2413  0010010000010011 ( 199)                 LD    R2 CLRANGE
(30AB) 6E40  0110111001000000 ( 200) CGETILOOP       LDR   R7 R1 #0
(30AC) 1FC2  0001111111000010 ( 201)                 ADD   R7 R7 R2
(30AD) 080A  0000100000001010 ( 202)                 BRN   CGETIFINISH
(30AE) 17F7  0001011111110111 ( 203)                 ADD   R3 R7 #-9
(30AF) 0208  0000001000001000 ( 204)                 BRP   CGETIFINISH
(30B0) 1FC0  0001111111000000 ( 205)                 ADD   R7 R7 R0
(30B1) 1FC0  0001111111000000 ( 206)                 ADD   R7 R7 R0
(30B2) 1000  0001000000000000 ( 207)                 ADD   R0 R0 R0
(30B3) 1000  0001000000000000 ( 208)                 ADD   R0 R0 R0
(30B4) 1000  0001000000000000 ( 209)                 ADD   R0 R0 R0
(30B5) 1007  0001000000000111 ( 210)                 ADD   R0 R0 R7
(30B6) 1261  0001001001100001 ( 211)                 ADD   R1 R1 #1
(30B7) 0FF3  0000111111110011 ( 212)                 BRNZP CGETILOOP
(30B8) 321B  0011001000011011 ( 213) CGETIFINISH     ST    R1 CSCANBEGINPTR
(30B9) 2E15  0010111000010101 ( 214)                 LD    R7 CIOR7
(30BA) 2215  0010001000010101 ( 215)                 LD    R1 CIOR1
(30BB) 2415  0010010000010101 ( 216)                 LD    R2 CIOR2
(30BC) 2615  0010011000010101 ( 217)                 LD    R3 CIOR3
(30BD) C1C0  1100000111000000 ( 218)                 RET   
(30BE) FFD0  1111111111010000 ( 219) CLRANGE         .FILL xFFD0
(30BF) 3E0F  0011111000001111 ( 220) CSCANC          ST    R7 CIOR7
(30C0) 320F  0011001000001111 ( 221)                 ST    R1 CIOR1
(30C1) 2212  0010001000010010 ( 222)                 LD    R1 CSCANBEGINPTR
(30C2) 2E12  0010111000010010 ( 223)                 LD    R7 CSCANENDPTR
(30C3) 9FFF  1001111111111111 ( 224)                 NOT   R7 R7
(30C4) 1FE1  0001111111100001 ( 225)                 ADD   R7 R7 #1
(30C5) 1FC1  0001111111000001 ( 226)                 ADD   R7 R7 R1
(30C6) 0A02  0000101000000010 ( 227)                 BRNP  CSCANCGETC
(30C7) 480E  0100100000001110 ( 228)                 JSR   CSCAN
(30C8) 220B  0010001000001011 ( 229)                 LD    R1 CSCANBEGINPTR
(30C9) 6040  0110000001000000 ( 230) CSCANCGETC      LDR   R0 R1 #0
(30CA) 1261  0001001001100001 ( 231)                 ADD   R1 R1 #1
(30CB) 3208  0011001000001000 ( 232)                 ST    R1 CSCANBEGINPTR
(30CC) 2E02  0010111000000010 ( 233)                 LD    R7 CIOR7
(30CD) 2202  0010001000000010 ( 234)                 LD    R1 CIOR1
(30CE) C1C0  1100000111000000 ( 235)                 RET   
(30CF) 0000  0000000000000000 ( 237) CIOR7           .FILL x0000
(30D0) 0000  0000000000000000 ( 238) CIOR1           .FILL x0000
(30D1) 0000  0000000000000000 ( 239) CIOR2           .FILL x0000
(30D2) 0000  0000000000000000 ( 240) CIOR3           .FILL x0000
(30D3) 30F1  0011000011110001 ( 240) CSCANPTR        .FILL x30F1
(30D4) 30F1  0011000011110001 ( 241) CSCANBEGINPTR   .FILL x30F1
(30D5) 30F1  0011000011110001 ( 242) CSCANENDPTR     .FILL x30F1
(30D6) 3E18  0011111000011000 ( 243) CSCAN           ST    R7 CSCANR7
(30D7) 3218  0011001000011000 ( 244)                 ST    R1 CSCANR1
(30D8) 23FA  0010001111111010 ( 245)                 LD    R1 CSCANPTR
(30D9) A013  1010000000010011 ( 246) CWAIT           LDI   R0 CCANSCAN
(30DA) 07FE  0000011111111110 ( 247)                 BRZP  CWAIT
(30DB) A012  1010000000010010 ( 248)                 LDI   R0 CSRCPTR
(30DC) 1E36  0001111000110110 ( 249)                 ADD   R7 R0 #-10
(30DD) 0404  0000010000000100 ( 250)                 BRZ   CSCANGET
(30DE) F021  1111000000100001 ( 251)                 TRAP  x21
(30DF) 7040  0111000001000000 ( 252)                 STR   R0 R1 #0
(30E0) 1261  0001001001100001 ( 253)                 ADD   R1 R1 #1
(30E1) 0FF7  0000111111110111 ( 254)                 BRNZP CWAIT
(30E2) 5FE0  0101111111100000 ( 255) CSCANGET        AND   R7 R7 #0
(30E3) 7E40  0111111001000000 ( 256)                 STR   R7 R1 #0
(30E4) 33F0  0011001111110000 ( 257)                 ST    R1 CSCANENDPTR
(30E5) 23ED  0010001111101101 ( 258)                 LD    R1 CSCANPTR
(30E6) 33ED  0011001111101101 ( 259)                 ST    R1 CSCANBEGINPTR
(30E7) 5020  0101000000100000 ( 260)                 AND   R0 R0 #0
(30E8) 102A  0001000000101010 ( 261)                 ADD   R0 R0 #10
(30E9) F021  1111000000100001 ( 262)                 TRAP  x21
(30EA) 2E04  0010111000000100 ( 263)                 LD    R7 CSCANR7
(30EB) 2204  0010001000000100 ( 264)                 LD    R1 CSCANR1
(30EC) C1C0  1100000111000000 ( 265)                 RET   
(30ED) FE00  1111111000000000 ( 266) CCANSCAN        .FILL xFE00
(30EE) FE02  1111111000000010 ( 267) CSRCPTR         .FILL xFE02
(30EF) 0000  0000000000000000 ( 269) CSCANR7         .FILL x0000
(30F0) 0000  0000000000000000 ( 270) CSCANR1         .FILL x0000
(30F1) 0000  0000000000000000 ( 271) CSCANBUF        .FILL x0000
(30F2) 0000  0000000000000000 ( 271)                 .FILL x0000
(30F3) 0000  0000000000000000 ( 271)                 .FILL x0000
(30F4) 0000  0000000000000000 ( 271)                 .FILL x0000
(30F5) 0000  0000000000000000 ( 271)                 .FILL x0000
(30F6) 0000  0000000000000000 ( 271)                 .FILL x0000
(30F7) 0000  0000000000000000 ( 271)                 .FILL x0000
(30F8) 0000  0000000000000000 ( 271)                 .FILL x0000
(30F9) 0000  0000000000000000 ( 271)                 .FILL x0000
(30FA) 0000  0000000000000000 ( 271)                 .FILL x0000
(30FB) 0000  0000000000000000 ( 271)                 .FILL x0000
(30FC) 0000  0000000000000000 ( 271)                 .FILL x0000
(30FD) 0000  0000000000000000 ( 271)                 .FILL x0000
(30FE) 0000  0000000000000000 ( 271)                 .FILL x0000
(30FF) 0000  0000000000000000 ( 271)                 .FILL x0000
(3100) 0000  0000000000000000 ( 271)                 .FILL x0000
(3101) 0000  0000000000000000 ( 271)                 .FILL x0000
(3102) 0000  0000000000000000 ( 271)                 .FILL x0000
(3103) 0000  0000000000000000 ( 271)                 .FILL x0000
(3104) 0000  0000000000000000 ( 271)                 .FILL x0000
(3105) 0000  0000000000000000 ( 271)                 .FILL x0000
(3106) 0000  0000000000000000 ( 271)                 .FILL x0000
(3107) 0000  0000000000000000 ( 271)                 .FILL x0000
(3108) 0000  0000000000000000 ( 271)                 .FILL x0000
(3109) 0000  0000000000000000 ( 271)                 .FILL x0000
(310A) 0000  0000000000000000 ( 271)                 .FILL x0000
(310B) 0000  0000000000000000 ( 271)                 .FILL x0000
(310C) 0000  0000000000000000 ( 271)                 .FILL x0000
(310D) 0000  0000000000000000 ( 271)                 .FILL x0000
(310E) 0000  0000000000000000 ( 271)                 .FILL x0000
(310F) 0000  0000000000000000 ( 271)                 .FILL x0000
(3110) 0000  0000000000000000 ( 271)                 .FILL x0000
(3111) 0000  0000000000000000 ( 271)                 .FILL x0000
(3112) 0000  0000000000000000 ( 271)                 .FILL x0000
(3113) 0000  0000000000000000 ( 271)                 .FILL x0000
(3114) 0000  0000000000000000 ( 271)                 .FILL x0000
(3115) 0000  0000000000000000 ( 271)                 .FILL x0000
(3116) 0000  0000000000000000 ( 271)                 .FILL x0000
(3117) 0000  0000000000000000 ( 271)                 .FILL x0000
(3118) 0000  0000000000000000 ( 271)                 .FILL x0000
(3119) 0000  0000000000000000 ( 271)                 .FILL x0000
(311A) 0000  0000000000000000 ( 271)                 .FILL x0000
(311B) 0000  0000000000000000 ( 271)                 .FILL x0000
(311C) 0000  0000000000000000 ( 271)                 .FILL x0000
(311D) 0000  0000000000000000 ( 271)                 .FILL x0000
(311E) 0000  0000000000000000 ( 271)                 .FILL x0000
(311F) 0000  0000000000000000 ( 271)                 .FILL x0000
(3120) 0000  0000000000000000 ( 271)                 .FILL x0000
(3121) 0000  0000000000000000 ( 271)                 .FILL x0000
(3122) 0000  0000000000000000 ( 271)                 .FILL x0000
(3123) 0000  0000000000000000 ( 271)                 .FILL x0000
(3124) 0000  0000000000000000 ( 271)                 .FILL x0000
(3125) 0000  0000000000000000 ( 271)                 .FILL x0000
(3126) 0000  0000000000000000 ( 271)                 .FILL x0000
(3127) 0000  0000000000000000 ( 271)                 .FILL x0000
(3128) 0000  0000000000000000 ( 271)                 .FILL x0000
(3129) 0000  0000000000000000 ( 271)                 .FILL x0000
(312A) 0000  0000000000000000 ( 271)                 .FILL x0000
(312B) 0000  0000000000000000 ( 271)                 .FILL x0000
(312C) 0000  0000000000000000 ( 271)                 .FILL x0000
(312D) 0000  0000000000000000 ( 271)                 .FILL x0000
(312E) 0000  0000000000000000 ( 271)                 .FILL x0000
(312F) 0000  0000000000000000 ( 271)                 .FILL x0000
(3130) 0000  0000000000000000 ( 271)                 .FILL x0000
(3131) 0000  0000000000000000 ( 271)                 .FILL x0000
(3132) 0000  0000000000000000 ( 271)                 .FILL x0000
(3133) 0000  0000000000000000 ( 271)                 .FILL x0000
(3134) 0000  0000000000000000 ( 271)                 .FILL x0000
(3135) 0000  0000000000000000 ( 271)                 .FILL x0000
(3136) 0000  0000000000000000 ( 271)                 .FILL x0000
(3137) 0000  0000000000000000 ( 271)                 .FILL x0000
(3138) 0000  0000000000000000 ( 271)                 .FILL x0000
(3139) 0000  0000000000000000 ( 271)                 .FILL x0000
(313A) 0000  0000000000000000 ( 271)                 .FILL x0000
(313B) 0000  0000000000000000 ( 271)                 .FILL x0000
(313C) 0000  0000000000000000 ( 271)                 .FILL x0000
(313D) 0000  0000000000000000 ( 271)                 .FILL x0000
(313E) 0000  0000000000000000 ( 271)                 .FILL x0000
(313F) 0000  0000000000000000 ( 271)                 .FILL x0000
(3140) 0000  0000000000000000 ( 271)                 .FILL x0000
(3141) 0000  0000000000000000 ( 271)                 .FILL x0000
(3142) 0000  0000000000000000 ( 271)                 .FILL x0000
(3143) 0000  0000000000000000 ( 271)                 .FILL x0000
(3144) 0000  0000000000000000 ( 271)                 .FILL x0000
(3145) 0000  0000000000000000 ( 271)                 .FILL x0000
(3146) 0000  0000000000000000 ( 271)                 .FILL x0000
(3147) 0000  0000000000000000 ( 271)                 .FILL x0000
(3148) 0000  0000000000000000 ( 271)                 .FILL x0000
(3149) 0000  0000000000000000 ( 271)                 .FILL x0000
(314A) 0000  0000000000000000 ( 271)                 .FILL x0000
(314B) 0000  0000000000000000 ( 271)                 .FILL x0000
(314C) 0000  0000000000000000 ( 271)                 .FILL x0000
(314D) 0000  0000000000000000 ( 271)                 .FILL x0000
(314E) 0000  0000000000000000 ( 271)                 .FILL x0000
(314F) 0000  0000000000000000 ( 271)                 .FILL x0000
(3150) 0000  0000000000000000 ( 271)                 .FILL x0000
(3151) 0000  0000000000000000 ( 271)                 .FILL x0000
(3152) 0000  0000000000000000 ( 271)                 .FILL x0000
(3153) 0000  0000000000000000 ( 271)                 .FILL x0000
(3154) 0000  0000000000000000 ( 271)                 .FILL x0000
(3155) 0000  0000000000000000 ( 271)                 .FILL x0000
(3156) 0000  0000000000000000 ( 271)                 .FILL x0000
(3157) 0000  0000000000000000 ( 271)                 .FILL x0000
(3158) 0000  0000000000000000 ( 271)                 .FILL x0000
(3159) 0000  0000000000000000 ( 271)                 .FILL x0000
(315A) 0000  0000000000000000 ( 271)                 .FILL x0000
(315B) 0000  0000000000000000 ( 271)                 .FILL x0000
(315C) 0000  0000000000000000 ( 271)                 .FILL x0000
(315D) 0000  0000000000000000 ( 271)                 .FILL x0000
(315E) 0000  0000000000000000 ( 271)                 .FILL x0000
(315F) 0000  0000000000000000 ( 271)                 .FILL x0000
(3160) 0000  0000000000000000 ( 271)                 .FILL x0000
(3161) 0000  0000000000000000 ( 271)                 .FILL x0000
(3162) 0000  0000000000000000 ( 271)                 .FILL x0000
(3163) 0000  0000000000000000 ( 271)                 .FILL x0000
(3164) 0000  0000000000000000 ( 271)                 .FILL x0000
(3165) 0000  0000000000000000 ( 271)                 .FILL x0000
(3166) 0000  0000000000000000 ( 271)                 .FILL x0000
(3167) 0000  0000000000000000 ( 271)                 .FILL x0000
(3168) 0000  0000000000000000 ( 271)                 .FILL x0000
(3169) 0000  0000000000000000 ( 271)                 .FILL x0000
(316A) 0000  0000000000000000 ( 271)                 .FILL x0000
(316B) 0000  0000000000000000 ( 271)                 .FILL x0000
(316C) 0000  0000000000000000 ( 271)                 .FILL x0000
(316D) 0000  0000000000000000 ( 271)                 .FILL x0000
(316E) 0000  0000000000000000 ( 271)                 .FILL x0000
(316F) 0000  0000000000000000 ( 271)                 .FILL x0000
(3170) 0000  0000000000000000 ( 271)                 .FILL x0000
(3171) 0000  0000000000000000 ( 271)                 .FILL x0000
(3172) 0000  0000000000000000 ( 271)                 .FILL x0000
(3173) 0000  0000000000000000 ( 271)                 .FILL x0000
(3174) 0000  0000000000000000 ( 271)                 .FILL x0000
(3175) 0000  0000000000000000 ( 271)                 .FILL x0000
(3176) 0000  0000000000000000 ( 271)                 .FILL x0000
(3177) 0000  0000000000000000 ( 271)                 .FILL x0000
(3178) 0000  0000000000000000 ( 271)                 .FILL x0000
(3179) 0000  0000000000000000 ( 271)                 .FILL x0000
(317A) 0000  0000000000000000 ( 271)                 .FILL x0000
(317B) 0000  0000000000000000 ( 271)                 .FILL x0000
(317C) 0000  0000000000000000 ( 271)                 .FILL x0000
(317D) 0000  0000000000000000 ( 271)                 .FILL x0000
(317E) 0000  0000000000000000 ( 271)                 .FILL x0000
(317F) 0000  0000000000000000 ( 271)                 .FILL x0000
(3180) 0000  0000000000000000 ( 271)                 .FILL x0000
(3181) 0000  0000000000000000 ( 271)                 .FILL x0000
(3182) 0000  0000000000000000 ( 271)                 .FILL x0000
(3183) 0000  0000000000000000 ( 271)                 .FILL x0000
(3184) 0000  0000000000000000 ( 271)                 .FILL x0000
(3185) 0000  0000000000000000 ( 271)                 .FILL x0000
(3186) 0000  0000000000000000 ( 271)                 .FILL x0000
(3187) 0000  0000000000000000 ( 271)                 .FILL x0000
(3188) 0000  0000000000000000 ( 271)                 .FILL x0000
(3189) 0000  0000000000000000 ( 271)                 .FILL x0000
(318A) 0000  0000000000000000 ( 271)                 .FILL x0000
(318B) 0000  0000000000000000 ( 271)                 .FILL x0000
(318C) 0000  0000000000000000 ( 271)                 .FILL x0000
(318D) 0000  0000000000000000 ( 271)                 .FILL x0000
(318E) 0000  0000000000000000 ( 271)                 .FILL x0000
(318F) 0000  0000000000000000 ( 271)                 .FILL x0000
(3190) 0000  0000000000000000 ( 271)                 .FILL x0000
(3191) 0000  0000000000000000 ( 271)                 .FILL x0000
(3192) 0000  0000000000000000 ( 271)                 .FILL x0000
(3193) 0000  0000000000000000 ( 271)                 .FILL x0000
(3194) 0000  0000000000000000 ( 271)                 .FILL x0000
(3195) 0000  0000000000000000 ( 271)                 .FILL x0000
(3196) 0000  0000000000000000 ( 271)                 .FILL x0000
(3197) 0000  0000000000000000 ( 271)                 .FILL x0000
(3198) 0000  0000000000000000 ( 271)                 .FILL x0000
(3199) 0000  0000000000000000 ( 271)                 .FILL x0000
(319A) 0000  0000000000000000 ( 271)                 .FILL x0000
(319B) 0000  0000000000000000 ( 271)                 .FILL x0000
(319C) 0000  0000000000000000 ( 271)                 .FILL x0000
(319D) 0000  0000000000000000 ( 271)                 .FILL x0000
(319E) 0000  0000000000000000 ( 271)                 .FILL x0000
(319F) 0000  0000000000000000 ( 271)                 .FILL x0000
(31A0) 0000  0000000000000000 ( 271)                 .FILL x0000
(31A1) 0000  0000000000000000 ( 271)                 .FILL x0000
(31A2) 0000  0000000000000000 ( 271)                 .FILL x0000
(31A3) 0000  0000000000000000 ( 271)                 .FILL x0000
(31A4) 0000  0000000000000000 ( 271)                 .FILL x0000
(31A5) 0000  0000000000000000 ( 271)                 .FILL x0000
(31A6) 0000  0000000000000000 ( 271)                 .FILL x0000
(31A7) 0000  0000000000000000 ( 271)                 .FILL x0000
(31A8) 0000  0000000000000000 ( 271)                 .FILL x0000
(31A9) 0000  0000000000000000 ( 271)                 .FILL x0000
(31AA) 0000  0000000000000000 ( 271)                 .FILL x0000
(31AB) 0000  0000000000000000 ( 271)                 .FILL x0000
(31AC) 0000  0000000000000000 ( 271)                 .FILL x0000
(31AD) 0000  0000000000000000 ( 271)                 .FILL x0000
(31AE) 0000  0000000000000000 ( 271)                 .FILL x0000
(31AF) 0000  0000000000000000 ( 271)                 .FILL x0000
(31B0) 0000  0000000000000000 ( 271)                 .FILL x0000
(31B1) 0000  0000000000000000 ( 271)                 .FILL x0000
(31B2) 0000  0000000000000000 ( 271)                 .FILL x0000
(31B3) 0000  0000000000000000 ( 271)                 .FILL x0000
(31B4) 0000  0000000000000000 ( 271)                 .FILL x0000
(31B5) 0000  0000000000000000 ( 271)                 .FILL x0000
(31B6) 0000  0000000000000000 ( 271)                 .FILL x0000
(31B7) 0000  0000000000000000 ( 271)                 .FILL x0000
(31B8) 0000  0000000000000000 ( 271)                 .FILL x0000
(31B9) 0000  0000000000000000 ( 271)                 .FILL x0000
(31BA) 0000  0000000000000000 ( 271)                 .FILL x0000
(31BB) 0000  0000000000000000 ( 271)                 .FILL x0000
(31BC) 0000  0000000000000000 ( 271)                 .FILL x0000
(31BD) 0000  0000000000000000 ( 271)                 .FILL x0000
(31BE) 0000  0000000000000000 ( 271)                 .FILL x0000
(31BF) 0000  0000000000000000 ( 271)                 .FILL x0000
(31C0) 0000  0000000000000000 ( 271)                 .FILL x0000
(31C1) 0000  0000000000000000 ( 271)                 .FILL x0000
(31C2) 0000  0000000000000000 ( 271)                 .FILL x0000
(31C3) 0000  0000000000000000 ( 271)                 .FILL x0000
(31C4) 0000  0000000000000000 ( 271)                 .FILL x0000
(31C5) 0000  0000000000000000 ( 271)                 .FILL x0000
(31C6) 0000  0000000000000000 ( 271)                 .FILL x0000
(31C7) 0000  0000000000000000 ( 271)                 .FILL x0000
(31C8) 0000  0000000000000000 ( 271)                 .FILL x0000
(31C9) 0000  0000000000000000 ( 271)                 .FILL x0000
(31CA) 0000  0000000000000000 ( 271)                 .FILL x0000
(31CB) 0000  0000000000000000 ( 271)                 .FILL x0000
(31CC) 0000  0000000000000000 ( 271)                 .FILL x0000
(31CD) 0000  0000000000000000 ( 271)                 .FILL x0000
(31CE) 0000  0000000000000000 ( 271)                 .FILL x0000
(31CF) 0000  0000000000000000 ( 271)                 .FILL x0000
(31D0) 0000  0000000000000000 ( 271)                 .FILL x0000
(31D1) 0000  0000000000000000 ( 271)                 .FILL x0000
(31D2) 0000  0000000000000000 ( 271)                 .FILL x0000
(31D3) 0000  0000000000000000 ( 271)                 .FILL x0000
(31D4) 0000  0000000000000000 ( 271)                 .FILL x0000
(31D5) 0000  0000000000000000 ( 271)                 .FILL x0000
(31D6) 0000  0000000000000000 ( 271)                 .FILL x0000
(31D7) 0000  0000000000000000 ( 271)                 .FILL x0000
(31D8) 0000  0000000000000000 ( 271)                 .FILL x0000
(31D9) 0000  0000000000000000 ( 271)                 .FILL x0000
(31DA) 0000  0000000000000000 ( 271)                 .FILL x0000
(31DB) 0000  0000000000000000 ( 271)                 .FILL x0000
(31DC) 0000  0000000000000000 ( 271)                 .FILL x0000
(31DD) 0000  0000000000000000 ( 271)                 .FILL x0000
(31DE) 0000  0000000000000000 ( 271)                 .FILL x0000
(31DF) 0000  0000000000000000 ( 271)                 .FILL x0000
(31E0) 0000  0000000000000000 ( 271)                 .FILL x0000
(31E1) 0000  0000000000000000 ( 271)                 .FILL x0000
(31E2) 0000  0000000000000000 ( 271)                 .FILL x0000
(31E3) 0000  0000000000000000 ( 271)                 .FILL x0000
(31E4) 0000  0000000000000000 ( 271)                 .FILL x0000
(31E5) 0000  0000000000000000 ( 271)                 .FILL x0000
(31E6) 0000  0000000000000000 ( 271)                 .FILL x0000
(31E7) 0000  0000000000000000 ( 271)                 .FILL x0000
(31E8) 0000  0000000000000000 ( 271)                 .FILL x0000
(31E9) 0000  0000000000000000 ( 271)                 .FILL x0000
(31EA) 0000  0000000000000000 ( 271)                 .FILL x0000
(31EB) 0000  0000000000000000 ( 271)                 .FILL x0000
(31EC) 0000  0000000000000000 ( 271)                 .FILL x0000
(31ED) 0000  0000000000000000 ( 271)                 .FILL x0000
(31EE) 0000  0000000000000000 ( 271)                 .FILL x0000
(31EF) 0000  0000000000000000 ( 271)                 .FILL x0000
(31F0) 0000  0000000000000000 ( 271)                 .FILL x0000
(31F1) 0000  0000000000000000 ( 271)                 .FILL x0000
(31F2) 0000  0000000000000000 ( 271)                 .FILL x0000
(31F3) 0000  0000000000000000 ( 271)                 .FILL x0000
(31F4) 0000  0000000000000000 ( 271)                 .FILL x0000
(31F5) 0000  0000000000000000 ( 271)                 .FILL x0000
(31F6) 0000  0000000000000000 ( 271)                 .FILL x0000
(31F7) 0000  0000000000000000 ( 271)                 .FILL x0000
(31F8) 0000  0000000000000000 ( 271)                 .FILL x0000
(31F9) 0000  0000000000000000 ( 271)                 .FILL x0000
(31FA) 0000  0000000000000000 ( 271)                 .FILL x0000
(31FB) 0000  0000000000000000 ( 271)                 .FILL x0000
(31FC) 0000  0000000000000000 ( 271)                 .FILL x0000
(31FD) 0000  0000000000000000 ( 271)                 .FILL x0000
(31FE) 0000  0000000000000000 ( 271)                 .FILL x0000
(31FF) 0000  0000000000000000 ( 271)                 .FILL x0000
(3200) 0000  0000000000000000 ( 271)                 .FILL x0000
(3201) 0000  0000000000000000 ( 271)                 .FILL x0000
(3202) 0000  0000000000000000 ( 271)                 .FILL x0000
(3203) 0000  0000000000000000 ( 271)                 .FILL x0000
(3204) 0000  0000000000000000 ( 271)                 .FILL x0000
(3205) 0000  0000000000000000 ( 271)                 .FILL x0000
(3206) 0000  0000000000000000 ( 271)                 .FILL x0000
(3207) 0000  0000000000000000 ( 271)                 .FILL x0000
(3208) 0000  0000000000000000 ( 271)                 .FILL x0000
(3209) 0000  0000000000000000 ( 271)                 .FILL x0000
(320A) 0000  0000000000000000 ( 271)                 .FILL x0000
(320B) 0000  0000000000000000 ( 271)                 .FILL x0000
(320C) 0000  0000000000000000 ( 271)                 .FILL x0000
(320D) 0000  0000000000000000 ( 271)                 .FILL x0000
(320E) 0000  0000000000000000 ( 271)                 .FILL x0000
(320F) 0000  0000000000000000 ( 271)                 .FILL x0000
(3210) 0000  0000000000000000 ( 271)                 .FILL x0000
(3211) 0000  0000000000000000 ( 271)                 .FILL x0000
(3212) 0000  0000000000000000 ( 271)                 .FILL x0000
(3213) 0000  0000000000000000 ( 271)                 .FILL x0000
(3214) 0000  0000000000000000 ( 271)                 .FILL x0000
(3215) 0000  0000000000000000 ( 271)                 .FILL x0000
(3216) 0000  0000000000000000 ( 271)                 .FILL x0000
(3217) 0000  0000000000000000 ( 271)                 .FILL x0000
(3218) 0000  0000000000000000 ( 271)                 .FILL x0000
(3219) 0000  0000000000000000 ( 271)                 .FILL x0000
(321A) 0000  0000000000000000 ( 271)                 .FILL x0000
(321B) 0000  0000000000000000 ( 271)                 .FILL x0000
(321C) 0000  0000000000000000 ( 271)                 .FILL x0000
(321D) 0000  0000000000000000 ( 271)                 .FILL x0000
(321E) 0000  0000000000000000 ( 271)                 .FILL x0000
(321F) 0000  0000000000000000 ( 271)                 .FILL x0000
(3220) 0000  0000000000000000 ( 271)                 .FILL x0000
(3221) 0000  0000000000000000 ( 271)                 .FILL x0000
(3222) 0000  0000000000000000 ( 271)                 .FILL x0000
(3223) 0000  0000000000000000 ( 271)                 .FILL x0000
(3224) 0000  0000000000000000 ( 271)                 .FILL x0000
(3225) 0000  0000000000000000 ( 271)                 .FILL x0000
(3226) 0000  0000000000000000 ( 271)                 .FILL x0000
(3227) 0000  0000000000000000 ( 271)                 .FILL x0000
(3228) 0000  0000000000000000 ( 271)                 .FILL x0000
(3229) 0000  0000000000000000 ( 271)                 .FILL x0000
(322A) 0000  0000000000000000 ( 271)                 .FILL x0000
(322B) 0000  0000000000000000 ( 271)                 .FILL x0000
(322C) 0000  0000000000000000 ( 271)                 .FILL x0000
(322D) 0000  0000000000000000 ( 271)                 .FILL x0000
(322E) 0000  0000000000000000 ( 271)                 .FILL x0000
(322F) 0000  0000000000000000 ( 271)                 .FILL x0000
(3230) 0000  0000000000000000 ( 271)                 .FILL x0000
(3231) 0000  0000000000000000 ( 271)                 .FILL x0000
(3232) 0000  0000000000000000 ( 271)                 .FILL x0000
(3233) 0000  0000000000000000 ( 271)                 .FILL x0000
(3234) 0000  0000000000000000 ( 271)                 .FILL x0000
(3235) 0000  0000000000000000 ( 271)                 .FILL x0000
(3236) 0000  0000000000000000 ( 271)                 .FILL x0000
(3237) 0000  0000000000000000 ( 271)                 .FILL x0000
(3238) 0000  0000000000000000 ( 271)                 .FILL x0000
(3239) 0000  0000000000000000 ( 271)                 .FILL x0000
(323A) 0000  0000000000000000 ( 271)                 .FILL x0000
(323B) 0000  0000000000000000 ( 271)                 .FILL x0000
(323C) 0000  0000000000000000 ( 271)                 .FILL x0000
(323D) 0000  0000000000000000 ( 271)                 .FILL x0000
(323E) 0000  0000000000000000 ( 271)                 .FILL x0000
(323F) 0000  0000000000000000 ( 271)                 .FILL x0000
(3240) 0000  0000000000000000 ( 271)                 .FILL x0000
(3241) 0000  0000000000000000 ( 271)                 .FILL x0000
(3242) 0000  0000000000000000 ( 271)                 .FILL x0000
(3243) 0000  0000000000000000 ( 271)                 .FILL x0000
(3244) 0000  0000000000000000 ( 271)                 .FILL x0000
(3245) 0000  0000000000000000 ( 271)                 .FILL x0000
(3246) 0000  0000000000000000 ( 271)                 .FILL x0000
(3247) 0000  0000000000000000 ( 271)                 .FILL x0000
(3248) 0000  0000000000000000 ( 271)                 .FILL x0000
(3249) 0000  0000000000000000 ( 271)                 .FILL x0000
(324A) 0000  0000000000000000 ( 271)                 .FILL x0000
(324B) 0000  0000000000000000 ( 271)                 .FILL x0000
(324C) 0000  0000000000000000 ( 271)                 .FILL x0000
(324D) 0000  0000000000000000 ( 271)                 .FILL x0000
(324E) 0000  0000000000000000 ( 271)                 .FILL x0000
(324F) 0000  0000000000000000 ( 271)                 .FILL x0000
(3250) 0000  0000000000000000 ( 271)                 .FILL x0000
(3251) 0000  0000000000000000 ( 271)                 .FILL x0000
(3252) 0000  0000000000000000 ( 271)                 .FILL x0000
(3253) 0000  0000000000000000 ( 271)                 .FILL x0000
(3254) 0000  0000000000000000 ( 271)                 .FILL x0000
(3255) 0000  0000000000000000 ( 271)                 .FILL x0000
(3256) 0000  0000000000000000 ( 271)                 .FILL x0000
(3257) 0000  0000000000000000 ( 271)                 .FILL x0000
(3258) 0000  0000000000000000 ( 271)                 .FILL x0000
(3259) 0000  0000000000000000 ( 271)                 .FILL x0000
(325A) 0000  0000000000000000 ( 271)                 .FILL x0000
(325B) 0000  0000000000000000 ( 271)                 .FILL x0000
(325C) 0000  0000000000000000 ( 271)                 .FILL x0000
(325D) 0000  0000000000000000 ( 271)                 .FILL x0000
(325E) 0000  0000000000000000 ( 271)                 .FILL x0000
(325F) 0000  0000000000000000 ( 271)                 .FILL x0000
(3260) 0000  0000000000000000 ( 271)                 .FILL x0000
(3261) 0000  0000000000000000 ( 271)                 .FILL x0000
(3262) 0000  0000000000000000 ( 271)                 .FILL x0000
(3263) 0000  0000000000000000 ( 271)                 .FILL x0000
(3264) 0000  0000000000000000 ( 271)                 .FILL x0000
(3265) 0000  0000000000000000 ( 271)                 .FILL x0000
(3266) 0000  0000000000000000 ( 271)                 .FILL x0000
(3267) 0000  0000000000000000 ( 271)                 .FILL x0000
(3268) 0000  0000000000000000 ( 271)                 .FILL x0000
(3269) 0000  0000000000000000 ( 271)                 .FILL x0000
(326A) 0000  0000000000000000 ( 271)                 .FILL x0000
(326B) 0000  0000000000000000 ( 271)                 .FILL x0000
(326C) 0000  0000000000000000 ( 271)                 .FILL x0000
(326D) 0000  0000000000000000 ( 271)                 .FILL x0000
(326E) 0000  0000000000000000 ( 271)                 .FILL x0000
(326F) 0000  0000000000000000 ( 271)                 .FILL x0000
(3270) 0000  0000000000000000 ( 271)                 .FILL x0000
(3271) 0000  0000000000000000 ( 271)                 .FILL x0000
(3272) 0000  0000000000000000 ( 271)                 .FILL x0000
(3273) 0000  0000000000000000 ( 271)                 .FILL x0000
(3274) 0000  0000000000000000 ( 271)                 .FILL x0000
(3275) 0000  0000000000000000 ( 271)                 .FILL x0000
(3276) 0000  0000000000000000 ( 271)                 .FILL x0000
(3277) 0000  0000000000000000 ( 271)                 .FILL x0000
(3278) 0000  0000000000000000 ( 271)                 .FILL x0000
(3279) 0000  0000000000000000 ( 271)                 .FILL x0000
(327A) 0000  0000000000000000 ( 271)                 .FILL x0000
(327B) 0000  0000000000000000 ( 271)                 .FILL x0000
(327C) 0000  0000000000000000 ( 271)                 .FILL x0000
(327D) 0000  0000000000000000 ( 271)                 .FILL x0000
(327E) 0000  0000000000000000 ( 271)                 .FILL x0000
(327F) 0000  0000000000000000 ( 271)                 .FILL x0000
(3280) 0000  0000000000000000 ( 271)                 .FILL x0000
(3281) 0000  0000000000000000 ( 271)                 .FILL x0000
(3282) 0000  0000000000000000 ( 271)                 .FILL x0000
(3283) 0000  0000000000000000 ( 271)                 .FILL x0000
(3284) 0000  0000000000000000 ( 271)                 .FILL x0000
(3285) 0000  0000000000000000 ( 271)                 .FILL x0000
(3286) 0000  0000000000000000 ( 271)                 .FILL x0000
(3287) 0000  0000000000000000 ( 271)                 .FILL x0000
(3288) 0000  0000000000000000 ( 271)                 .FILL x0000
(3289) 0000  0000000000000000 ( 271)                 .FILL x0000
(328A) 0000  0000000000000000 ( 271)                 .FILL x0000
(328B) 0000  0000000000000000 ( 271)                 .FILL x0000
(328C) 0000  0000000000000000 ( 271)                 .FILL x0000
(328D) 0000  0000000000000000 ( 271)                 .FILL x0000
(328E) 0000  0000000000000000 ( 271)                 .FILL x0000
(328F) 0000  0000000000000000 ( 271)                 .FILL x0000
(3290) 0000  0000000000000000 ( 271)                 .FILL x0000
(3291) 0000  0000000000000000 ( 271)                 .FILL x0000
(3292) 0000  0000000000000000 ( 271)                 .FILL x0000
(3293) 0000  0000000000000000 ( 271)                 .FILL x0000
(3294) 0000  0000000000000000 ( 271)                 .FILL x0000
(3295) 0000  0000000000000000 ( 271)                 .FILL x0000
(3296) 0000  0000000000000000 ( 271)                 .FILL x0000
(3297) 0000  0000000000000000 ( 271)                 .FILL x0000
(3298) 0000  0000000000000000 ( 271)                 .FILL x0000
(3299) 0000  0000000000000000 ( 271)                 .FILL x0000
(329A) 0000  0000000000000000 ( 271)                 .FILL x0000
(329B) 0000  0000000000000000 ( 271)                 .FILL x0000
(329C) 0000  0000000000000000 ( 271)                 .FILL x0000
(329D) 0000  0000000000000000 ( 271)                 .FILL x0000
(329E) 0000  0000000000000000 ( 271)                 .FILL x0000
(329F) 0000  0000000000000000 ( 271)                 .FILL x0000
(32A0) 0000  0000000000000000 ( 271)                 .FILL x0000
(32A1) 0000  0000000000000000 ( 271)                 .FILL x0000
(32A2) 0000  0000000000000000 ( 271)                 .FILL x0000
(32A3) 0000  0000000000000000 ( 271)                 .FILL x0000
(32A4) 0000  0000000000000000 ( 271)                 .FILL x0000
(32A5) 0000  0000000000000000 ( 271)                 .FILL x0000
(32A6) 0000  0000000000000000 ( 271)                 .FILL x0000
(32A7) 0000  0000000000000000 ( 271)                 .FILL x0000
(32A8) 0000  0000000000000000 ( 271)                 .FILL x0000
(32A9) 0000  0000000000000000 ( 271)                 .FILL x0000
(32AA) 0000  0000000000000000 ( 271)                 .FILL x0000
(32AB) 0000  0000000000000000 ( 271)                 .FILL x0000
(32AC) 0000  0000000000000000 ( 271)                 .FILL x0000
(32AD) 0000  0000000000000000 ( 271)                 .FILL x0000
(32AE) 0000  0000000000000000 ( 271)                 .FILL x0000
(32AF) 0000  0000000000000000 ( 271)                 .FILL x0000
(32B0) 0000  0000000000000000 ( 271)                 .FILL x0000
(32B1) 0000  0000000000000000 ( 271)                 .FILL x0000
(32B2) 0000  0000000000000000 ( 271)                 .FILL x0000
(32B3) 0000  0000000000000000 ( 271)                 .FILL x0000
(32B4) 0000  0000000000000000 ( 271)                 .FILL x0000
(32B5) 0000  0000000000000000 ( 271)                 .FILL x0000
(32B6) 0000  0000000000000000 ( 271)                 .FILL x0000
(32B7) 0000  0000000000000000 ( 271)                 .FILL x0000
(32B8) 0000  0000000000000000 ( 271)                 .FILL x0000
(32B9) 0000  0000000000000000 ( 271)                 .FILL x0000
(32BA) 0000  0000000000000000 ( 271)                 .FILL x0000
(32BB) 0000  0000000000000000 ( 271)                 .FILL x0000
(32BC) 0000  0000000000000000 ( 271)                 .FILL x0000
(32BD) 0000  0000000000000000 ( 271)                 .FILL x0000
(32BE) 0000  0000000000000000 ( 271)                 .FILL x0000
(32BF) 0000  0000000000000000 ( 271)                 .FILL x0000
(32C0) 0000  0000000000000000 ( 271)                 .FILL x0000
(32C1) 0000  0000000000000000 ( 271)                 .FILL x0000
(32C2) 0000  0000000000000000 ( 271)                 .FILL x0000
(32C3) 0000  0000000000000000 ( 271)                 .FILL x0000
(32C4) 0000  0000000000000000 ( 271)                 .FILL x0000
(32C5) 0000  0000000000000000 ( 271)                 .FILL x0000
(32C6) 0000  0000000000000000 ( 271)                 .FILL x0000
(32C7) 0000  0000000000000000 ( 271)                 .FILL x0000
(32C8) 0000  0000000000000000 ( 271)                 .FILL x0000
(32C9) 0000  0000000000000000 ( 271)                 .FILL x0000
(32CA) 0000  0000000000000000 ( 271)                 .FILL x0000
(32CB) 0000  0000000000000000 ( 271)                 .FILL x0000
(32CC) 0000  0000000000000000 ( 271)                 .FILL x0000
(32CD) 0000  0000000000000000 ( 271)                 .FILL x0000
(32CE) 0000  0000000000000000 ( 271)                 .FILL x0000
(32CF) 0000  0000000000000000 ( 271)                 .FILL x0000
(32D0) 0000  0000000000000000 ( 271)                 .FILL x0000
(32D1) 0000  0000000000000000 ( 271)                 .FILL x0000
(32D2) 0000  0000000000000000 ( 271)                 .FILL x0000
(32D3) 0000  0000000000000000 ( 271)                 .FILL x0000
(32D4) 0000  0000000000000000 ( 271)                 .FILL x0000
(32D5) 0000  0000000000000000 ( 271)                 .FILL x0000
(32D6) 0000  0000000000000000 ( 271)                 .FILL x0000
(32D7) 0000  0000000000000000 ( 271)                 .FILL x0000
(32D8) 0000  0000000000000000 ( 271)                 .FILL x0000
(32D9) 0000  0000000000000000 ( 271)                 .FILL x0000
(32DA) 0000  0000000000000000 ( 271)                 .FILL x0000
(32DB) 0000  0000000000000000 ( 271)                 .FILL x0000
(32DC) 0000  0000000000000000 ( 271)                 .FILL x0000
(32DD) 0000  0000000000000000 ( 271)                 .FILL x0000
(32DE) 0000  0000000000000000 ( 271)                 .FILL x0000
(32DF) 0000  0000000000000000 ( 271)                 .FILL x0000
(32E0) 0000  0000000000000000 ( 271)                 .FILL x0000
(32E1) 0000  0000000000000000 ( 271)                 .FILL x0000
(32E2) 0000  0000000000000000 ( 271)                 .FILL x0000
(32E3) 0000  0000000000000000 ( 271)                 .FILL x0000
(32E4) 0000  0000000000000000 ( 271)                 .FILL x0000
(32E5) 0000  0000000000000000 ( 271)                 .FILL x0000
(32E6) 0000  0000000000000000 ( 271)                 .FILL x0000
(32E7) 0000  0000000000000000 ( 271)                 .FILL x0000
(32E8) 0000  0000000000000000 ( 271)                 .FILL x0000
(32E9) 0000  0000000000000000 ( 271)                 .FILL x0000
(32EA) 0000  0000000000000000 ( 271)                 .FILL x0000
(32EB) 0000  0000000000000000 ( 271)                 .FILL x0000
(32EC) 0000  0000000000000000 ( 271)                 .FILL x0000
(32ED) 0000  0000000000000000 ( 271)                 .FILL x0000
(32EE) 0000  0000000000000000 ( 271)                 .FILL x0000
(32EF) 0000  0000000000000000 ( 271)                 .FILL x0000
(32F0) 0000  0000000000000000 ( 271)                 .FILL x0000
(32F1) 0000  0000000000000000 ( 271)                 .FILL x0000
(32F2) 0000  0000000000000000 ( 271)                 .FILL x0000
(32F3) 0000  0000000000000000 ( 271)                 .FILL x0000
(32F4) 0000  0000000000000000 ( 271)                 .FILL x0000
(32F5) 0000  0000000000000000 ( 271)                 .FILL x0000
(32F6) 0000  0000000000000000 ( 271)                 .FILL x0000
(32F7) 0000  0000000000000000 ( 271)                 .FILL x0000
(32F8) 0000  0000000000000000 ( 271)                 .FILL x0000
(32F9) 0000  0000000000000000 ( 271)                 .FILL x0000
(32FA) 0000  0000000000000000 ( 271)                 .FILL x0000
(32FB) 0000  0000000000000000 ( 271)                 .FILL x0000
(32FC) 0000  0000000000000000 ( 271)                 .FILL x0000
(32FD) 0000  0000000000000000 ( 271)                 .FILL x0000
(32FE) 0000  0000000000000000 ( 271)                 .FILL x0000
(32FF) 0000  0000000000000000 ( 271)                 .FILL x0000
(3300) 0000  0000000000000000 ( 271)                 .FILL x0000
(3301) 0000  0000000000000000 ( 271)                 .FILL x0000
(3302) 0000  0000000000000000 ( 271)                 .FILL x0000
(3303) 0000  0000000000000000 ( 271)                 .FILL x0000
(3304) 0000  0000000000000000 ( 271)                 .FILL x0000
(3305) 0000  0000000000000000 ( 271)                 .FILL x0000
(3306) 0000  0000000000000000 ( 271)                 .FILL x0000
(3307) 0000  0000000000000000 ( 271)                 .FILL x0000
(3308) 0000  0000000000000000 ( 271)                 .FILL x0000
(3309) 0000  0000000000000000 ( 271)                 .FILL x0000
(330A) 0000  0000000000000000 ( 271)                 .FILL x0000
(330B) 0000  0000000000000000 ( 271)                 .FILL x0000
(330C) 0000  0000000000000000 ( 271)                 .FILL x0000
(330D) 0000  0000000000000000 ( 271)                 .FILL x0000
(330E) 0000  0000000000000000 ( 271)                 .FILL x0000
(330F) 0000  0000000000000000 ( 271)                 .FILL x0000
(3310) 0000  0000000000000000 ( 271)                 .FILL x0000
(3311) 0000  0000000000000000 ( 271)                 .FILL x0000
(3312) 0000  0000000000000000 ( 271)                 .FILL x0000
(3313) 0000  0000000000000000 ( 271)                 .FILL x0000
(3314) 0000  0000000000000000 ( 271)                 .FILL x0000
(3315) 0000  0000000000000000 ( 271)                 .FILL x0000
(3316) 0000  0000000000000000 ( 271)                 .FILL x0000
(3317) 0000  0000000000000000 ( 271)                 .FILL x0000
(3318) 0000  0000000000000000 ( 271)                 .FILL x0000
(3319) 0000  0000000000000000 ( 271)                 .FILL x0000
(331A) 0000  0000000000000000 ( 271)                 .FILL x0000
(331B) 0000  0000000000000000 ( 271)                 .FILL x0000
(331C) 0000  0000000000000000 ( 271)                 .FILL x0000
(331D) 0000  0000000000000000 ( 271)                 .FILL x0000
(331E) 0000  0000000000000000 ( 271)                 .FILL x0000
(331F) 0000  0000000000000000 ( 271)                 .FILL x0000
(3320) 0000  0000000000000000 ( 271)                 .FILL x0000
(3321) 0000  0000000000000000 ( 271)                 .FILL x0000
(3322) 0000  0000000000000000 ( 271)                 .FILL x0000
(3323) 0000  0000000000000000 ( 271)                 .FILL x0000
(3324) 0000  0000000000000000 ( 271)                 .FILL x0000
(3325) 0000  0000000000000000 ( 271)                 .FILL x0000
(3326) 0000  0000000000000000 ( 271)                 .FILL x0000
(3327) 0000  0000000000000000 ( 271)                 .FILL x0000
(3328) 0000  0000000000000000 ( 271)                 .FILL x0000
(3329) 0000  0000000000000000 ( 271)                 .FILL x0000
(332A) 0000  0000000000000000 ( 271)                 .FILL x0000
(332B) 0000  0000000000000000 ( 271)                 .FILL x0000
(332C) 0000  0000000000000000 ( 271)                 .FILL x0000
(332D) 0000  0000000000000000 ( 271)                 .FILL x0000
(332E) 0000  0000000000000000 ( 271)                 .FILL x0000
(332F) 0000  0000000000000000 ( 271)                 .FILL x0000
(3330) 0000  0000000000000000 ( 271)                 .FILL x0000
(3331) 0000  0000000000000000 ( 271)                 .FILL x0000
(3332) 0000  0000000000000000 ( 271)                 .FILL x0000
(3333) 0000  0000000000000000 ( 271)                 .FILL x0000
(3334) 0000  0000000000000000 ( 271)                 .FILL x0000
(3335) 0000  0000000000000000 ( 271)                 .FILL x0000
(3336) 0000  0000000000000000 ( 271)                 .FILL x0000
(3337) 0000  0000000000000000 ( 271)                 .FILL x0000
(3338) 0000  0000000000000000 ( 271)                 .FILL x0000
(3339) 0000  0000000000000000 ( 271)                 .FILL x0000
(333A) 0000  0000000000000000 ( 271)                 .FILL x0000
(333B) 0000  0000000000000000 ( 271)                 .FILL x0000
(333C) 0000  0000000000000000 ( 271)                 .FILL x0000
(333D) 0000  0000000000000000 ( 271)                 .FILL x0000
(333E) 0000  0000000000000000 ( 271)                 .FILL x0000
(333F) 0000  0000000000000000 ( 271)                 .FILL x0000
(3340) 0000  0000000000000000 ( 271)                 .FILL x0000
(3341) 0000  0000000000000000 ( 271)                 .FILL x0000
(3342) 0000  0000000000000000 ( 271)                 .FILL x0000
(3343) 0000  0000000000000000 ( 271)                 .FILL x0000
(3344) 0000  0000000000000000 ( 271)                 .FILL x0000
(3345) 0000  0000000000000000 ( 271)                 .FILL x0000
(3346) 0000  0000000000000000 ( 271)                 .FILL x0000
(3347) 0000  0000000000000000 ( 271)                 .FILL x0000
(3348) 0000  0000000000000000 ( 271)                 .FILL x0000
(3349) 0000  0000000000000000 ( 271)                 .FILL x0000
(334A) 0000  0000000000000000 ( 271)                 .FILL x0000
(334B) 0000  0000000000000000 ( 271)                 .FILL x0000
(334C) 0000  0000000000000000 ( 271)                 .FILL x0000
(334D) 0000  0000000000000000 ( 271)                 .FILL x0000
(334E) 0000  0000000000000000 ( 271)                 .FILL x0000
(334F) 0000  0000000000000000 ( 271)                 .FILL x0000
(3350) 0000  0000000000000000 ( 271)                 .FILL x0000
(3351) 0000  0000000000000000 ( 271)                 .FILL x0000
(3352) 0000  0000000000000000 ( 271)                 .FILL x0000
(3353) 0000  0000000000000000 ( 271)                 .FILL x0000
(3354) 0000  0000000000000000 ( 271)                 .FILL x0000
(3355) 0000  0000000000000000 ( 271)                 .FILL x0000
(3356) 0000  0000000000000000 ( 271)                 .FILL x0000
(3357) 0000  0000000000000000 ( 271)                 .FILL x0000
(3358) 0000  0000000000000000 ( 271)                 .FILL x0000
(3359) 0000  0000000000000000 ( 271)                 .FILL x0000
(335A) 0000  0000000000000000 ( 271)                 .FILL x0000
(335B) 0000  0000000000000000 ( 271)                 .FILL x0000
(335C) 0000  0000000000000000 ( 271)                 .FILL x0000
(335D) 0000  0000000000000000 ( 271)                 .FILL x0000
(335E) 0000  0000000000000000 ( 271)                 .FILL x0000
(335F) 0000  0000000000000000 ( 271)                 .FILL x0000
(3360) 0000  0000000000000000 ( 271)                 .FILL x0000
(3361) 0000  0000000000000000 ( 271)                 .FILL x0000
(3362) 0000  0000000000000000 ( 271)                 .FILL x0000
(3363) 0000  0000000000000000 ( 271)                 .FILL x0000
(3364) 0000  0000000000000000 ( 271)                 .FILL x0000
(3365) 0000  0000000000000000 ( 271)                 .FILL x0000
(3366) 0000  0000000000000000 ( 271)                 .FILL x0000
(3367) 0000  0000000000000000 ( 271)                 .FILL x0000
(3368) 0000  0000000000000000 ( 271)                 .FILL x0000
(3369) 0000  0000000000000000 ( 271)                 .FILL x0000
(336A) 0000  0000000000000000 ( 271)                 .FILL x0000
(336B) 0000  0000000000000000 ( 271)                 .FILL x0000
(336C) 0000  0000000000000000 ( 271)                 .FILL x0000
(336D) 0000  0000000000000000 ( 271)                 .FILL x0000
(336E) 0000  0000000000000000 ( 271)                 .FILL x0000
(336F) 0000  0000000000000000 ( 271)                 .FILL x0000
(3370) 0000  0000000000000000 ( 271)                 .FILL x0000
(3371) 0000  0000000000000000 ( 271)                 .FILL x0000
(3372) 0000  0000000000000000 ( 271)                 .FILL x0000
(3373) 0000  0000000000000000 ( 271)                 .FILL x0000
(3374) 0000  0000000000000000 ( 271)                 .FILL x0000
(3375) 0000  0000000000000000 ( 271)                 .FILL x0000
(3376) 0000  0000000000000000 ( 271)                 .FILL x0000
(3377) 0000  0000000000000000 ( 271)                 .FILL x0000
(3378) 0000  0000000000000000 ( 271)                 .FILL x0000
(3379) 0000  0000000000000000 ( 271)                 .FILL x0000
(337A) 0000  0000000000000000 ( 271)                 .FILL x0000
(337B) 0000  0000000000000000 ( 271)                 .FILL x0000
(337C) 0000  0000000000000000 ( 271)                 .FILL x0000
(337D) 0000  0000000000000000 ( 271)                 .FILL x0000
(337E) 0000  0000000000000000 ( 271)                 .FILL x0000
(337F) 0000  0000000000000000 ( 271)                 .FILL x0000
(3380) 0000  0000000000000000 ( 271)                 .FILL x0000
(3381) 0000  0000000000000000 ( 271)                 .FILL x0000
(3382) 0000  0000000000000000 ( 271)                 .FILL x0000
(3383) 0000  0000000000000000 ( 271)                 .FILL x0000
(3384) 0000  0000000000000000 ( 271)                 .FILL x0000
(3385) 0000  0000000000000000 ( 271)                 .FILL x0000
(3386) 0000  0000000000000000 ( 271)                 .FILL x0000
(3387) 0000  0000000000000000 ( 271)                 .FILL x0000
(3388) 0000  0000000000000000 ( 271)                 .FILL x0000
(3389) 0000  0000000000000000 ( 271)                 .FILL x0000
(338A) 0000  0000000000000000 ( 271)                 .FILL x0000
(338B) 0000  0000000000000000 ( 271)                 .FILL x0000
(338C) 0000  0000000000000000 ( 271)                 .FILL x0000
(338D) 0000  0000000000000000 ( 271)                 .FILL x0000
(338E) 0000  0000000000000000 ( 271)                 .FILL x0000
(338F) 0000  0000000000000000 ( 271)                 .FILL x0000
(3390) 0000  0000000000000000 ( 271)                 .FILL x0000
(3391) 0000  0000000000000000 ( 271)                 .FILL x0000
(3392) 0000  0000000000000000 ( 271)                 .FILL x0000
(3393) 0000  0000000000000000 ( 271)                 .FILL x0000
(3394) 0000  0000000000000000 ( 271)                 .FILL x0000
(3395) 0000  0000000000000000 ( 271)                 .FILL x0000
(3396) 0000  0000000000000000 ( 271)                 .FILL x0000
(3397) 0000  0000000000000000 ( 271)                 .FILL x0000
(3398) 0000  0000000000000000 ( 271)                 .FILL x0000
(3399) 0000  0000000000000000 ( 271)                 .FILL x0000
(339A) 0000  0000000000000000 ( 271)                 .FILL x0000
(339B) 0000  0000000000000000 ( 271)                 .FILL x0000
(339C) 0000  0000000000000000 ( 271)                 .FILL x0000
(339D) 0000  0000000000000000 ( 271)                 .FILL x0000
(339E) 0000  0000000000000000 ( 271)                 .FILL x0000
(339F) 0000  0000000000000000 ( 271)                 .FILL x0000
(33A0) 0000  0000000000000000 ( 271)                 .FILL x0000
(33A1) 0000  0000000000000000 ( 271)                 .FILL x0000
(33A2) 0000  0000000000000000 ( 271)                 .FILL x0000
(33A3) 0000  0000000000000000 ( 271)                 .FILL x0000
(33A4) 0000  0000000000000000 ( 271)                 .FILL x0000
(33A5) 0000  0000000000000000 ( 271)                 .FILL x0000
(33A6) 0000  0000000000000000 ( 271)                 .FILL x0000
(33A7) 0000  0000000000000000 ( 271)                 .FILL x0000
(33A8) 0000  0000000000000000 ( 271)                 .FILL x0000
(33A9) 0000  0000000000000000 ( 271)                 .FILL x0000
(33AA) 0000  0000000000000000 ( 271)                 .FILL x0000
(33AB) 0000  0000000000000000 ( 271)                 .FILL x0000
(33AC) 0000  0000000000000000 ( 271)                 .FILL x0000
(33AD) 0000  0000000000000000 ( 271)                 .FILL x0000
(33AE) 0000  0000000000000000 ( 271)                 .FILL x0000
(33AF) 0000  0000000000000000 ( 271)                 .FILL x0000
(33B0) 0000  0000000000000000 ( 271)                 .FILL x0000
(33B1) 0000  0000000000000000 ( 271)                 .FILL x0000
(33B2) 0000  0000000000000000 ( 271)                 .FILL x0000
(33B3) 0000  0000000000000000 ( 271)                 .FILL x0000
(33B4) 0000  0000000000000000 ( 271)                 .FILL x0000
(33B5) 0000  0000000000000000 ( 271)                 .FILL x0000
(33B6) 0000  0000000000000000 ( 271)                 .FILL x0000
(33B7) 0000  0000000000000000 ( 271)                 .FILL x0000
(33B8) 0000  0000000000000000 ( 271)                 .FILL x0000
(33B9) 0000  0000000000000000 ( 271)                 .FILL x0000
(33BA) 0000  0000000000000000 ( 271)                 .FILL x0000
(33BB) 0000  0000000000000000 ( 271)                 .FILL x0000
(33BC) 0000  0000000000000000 ( 271)                 .FILL x0000
(33BD) 0000  0000000000000000 ( 271)                 .FILL x0000
(33BE) 0000  0000000000000000 ( 271)                 .FILL x0000
(33BF) 0000  0000000000000000 ( 271)                 .FILL x0000
(33C0) 0000  0000000000000000 ( 271)                 .FILL x0000
(33C1) 0000  0000000000000000 ( 271)                 .FILL x0000
(33C2) 0000  0000000000000000 ( 271)                 .FILL x0000
(33C3) 0000  0000000000000000 ( 271)                 .FILL x0000
(33C4) 0000  0000000000000000 ( 271)                 .FILL x0000
(33C5) 0000  0000000000000000 ( 271)                 .FILL x0000
(33C6) 0000  0000000000000000 ( 271)                 .FILL x0000
(33C7) 0000  0000000000000000 ( 271)                 .FILL x0000
(33C8) 0000  0000000000000000 ( 271)                 .FILL x0000
(33C9) 0000  0000000000000000 ( 271)                 .FILL x0000
(33CA) 0000  0000000000000000 ( 271)                 .FILL x0000
(33CB) 0000  0000000000000000 ( 271)                 .FILL x0000
(33CC) 0000  0000000000000000 ( 271)                 .FILL x0000
(33CD) 0000  0000000000000000 ( 271)                 .FILL x0000
(33CE) 0000  0000000000000000 ( 271)                 .FILL x0000
(33CF) 0000  0000000000000000 ( 271)                 .FILL x0000
(33D0) 0000  0000000000000000 ( 271)                 .FILL x0000
(33D1) 0000  0000000000000000 ( 271)                 .FILL x0000
(33D2) 0000  0000000000000000 ( 271)                 .FILL x0000
(33D3) 0000  0000000000000000 ( 271)                 .FILL x0000
(33D4) 0000  0000000000000000 ( 271)                 .FILL x0000
(33D5) 0000  0000000000000000 ( 271)                 .FILL x0000
(33D6) 0000  0000000000000000 ( 271)                 .FILL x0000
(33D7) 0000  0000000000000000 ( 271)                 .FILL x0000
(33D8) 0000  0000000000000000 ( 271)                 .FILL x0000
(33D9) 0000  0000000000000000 ( 271)                 .FILL x0000
(33DA) 0000  0000000000000000 ( 271)                 .FILL x0000
(33DB) 0000  0000000000000000 ( 271)                 .FILL x0000
(33DC) 0000  0000000000000000 ( 271)                 .FILL x0000
(33DD) 0000  0000000000000000 ( 271)                 .FILL x0000
(33DE) 0000  0000000000000000 ( 271)                 .FILL x0000
(33DF) 0000  0000000000000000 ( 271)                 .FILL x0000
(33E0) 0000  0000000000000000 ( 271)                 .FILL x0000
(33E1) 0000  0000000000000000 ( 271)                 .FILL x0000
(33E2) 0000  0000000000000000 ( 271)                 .FILL x0000
(33E3) 0000  0000000000000000 ( 271)                 .FILL x0000
(33E4) 0000  0000000000000000 ( 271)                 .FILL x0000
(33E5) 0000  0000000000000000 ( 271)                 .FILL x0000
(33E6) 0000  0000000000000000 ( 271)                 .FILL x0000
(33E7) 0000  0000000000000000 ( 271)                 .FILL x0000
(33E8) 0000  0000000000000000 ( 271)                 .FILL x0000
(33E9) 0000  0000000000000000 ( 271)                 .FILL x0000
(33EA) 0000  0000000000000000 ( 271)                 .FILL x0000
(33EB) 0000  0000000000000000 ( 271)                 .FILL x0000
(33EC) 0000  0000000000000000 ( 271)                 .FILL x0000
(33ED) 0000  0000000000000000 ( 271)                 .FILL x0000
(33EE) 0000  0000000000000000 ( 271)                 .FILL x0000
(33EF) 0000  0000000000000000 ( 271)                 .FILL x0000
(33F0) 0000  0000000000000000 ( 271)                 .FILL x0000
(33F1) 0000  0000000000000000 ( 271)                 .FILL x0000
(33F2) 3E47  0011111001000111 ( 271) CPRINTI         ST    R7 CPRR7
(33F3) 3247  0011001001000111 ( 272)                 ST    R1 CPRR1
(33F4) 3447  0011010001000111 ( 273)                 ST    R2 CPRR2
(33F5) 54A0  0101010010100000 ( 274)                 AND   R2 R2 #0
(33F6) 1220  0001001000100000 ( 275)                 ADD   R1 R0 #0
(33F7) 0208  0000001000001000 ( 276)                 BRP   CPPRINT4
(33F8) 0803  0000100000000011 ( 277)                 BRN   CPPRINTREV
(33F9) 2043  0010000001000011 ( 278)                 LD    R0 CIBASCII
(33FA) F021  1111000000100001 ( 279)                 TRAP  x21
(33FB) 0E3A  0000111000111010 ( 280)                 BRNZP CPPRINTFINISH
(33FC) 927F  1001001001111111 ( 281) CPPRINTREV      NOT   R1 R1
(33FD) 2040  0010000001000000 ( 282)                 LD    R0 CIBSGN
(33FE) F021  1111000000100001 ( 283)                 TRAP  x21
(33FF) 1261  0001001001100001 ( 284)                 ADD   R1 R1 #1
(3400) 5020  0101000000100000 ( 285) CPPRINT4        AND   R0 R0 #0
(3401) 2E3D  0010111000111101 ( 286)                 LD    R7 CIBIT4
(3402) 13C1  0001001111000001 ( 287) CPPRINT4N       ADD   R1 R7 R1
(3403) 0802  0000100000000010 ( 288)                 BRN   CPPRINT3
(3404) 1021  0001000000100001 ( 289)                 ADD   R0 R0 #1
(3405) 0FFC  0000111111111100 ( 290)                 BRNZP CPPRINT4N
(3406) 2E3C  0010111000111100 ( 291) CPPRINT3        LD    R7 CIRBIT4
(3407) 1247  0001001001000111 ( 292)                 ADD   R1 R1 R7
(3408) 1420  0001010000100000 ( 293)                 ADD   R2 R0 #0
(3409) 0C03  0000110000000011 ( 294)                 BRNZ  CPPRINT3Y
(340A) 2E32  0010111000110010 ( 295)                 LD    R7 CIBASCII
(340B) 1007  0001000000000111 ( 296)                 ADD   R0 R0 R7
(340C) F021  1111000000100001 ( 297)                 TRAP  x21
(340D) 2E32  0010111000110010 ( 298) CPPRINT3Y       LD    R7 CIBIT3
(340E) 5020  0101000000100000 ( 299)                 AND   R0 R0 #0
(340F) 13C1  0001001111000001 ( 300) CPPRINT3N       ADD   R1 R7 R1
(3410) 0802  0000100000000010 ( 301)                 BRN   CPPRINT2
(3411) 1021  0001000000100001 ( 302)                 ADD   R0 R0 #1
(3412) 0FFC  0000111111111100 ( 303)                 BRNZP CPPRINT3N
(3413) 2E30  0010111000110000 ( 304) CPPRINT2        LD    R7 CIRBIT3
(3414) 1247  0001001001000111 ( 305)                 ADD   R1 R1 R7
(3415) 1420  0001010000100000 ( 306)                 ADD   R2 R0 #0
(3416) 0C03  0000110000000011 ( 307)                 BRNZ  CPPRINT2Y
(3417) 2E25  0010111000100101 ( 308)                 LD    R7 CIBASCII
(3418) 1007  0001000000000111 ( 309)                 ADD   R0 R0 R7
(3419) F021  1111000000100001 ( 310)                 TRAP  x21
(341A) 2E26  0010111000100110 ( 311) CPPRINT2Y       LD    R7 CIBIT2
(341B) 5020  0101000000100000 ( 312)                 AND   R0 R0 #0
(341C) 13C1  0001001111000001 ( 313) CPPRINT2N       ADD   R1 R7 R1
(341D) 0802  0000100000000010 ( 314)                 BRN   CPPRINT1
(341E) 1021  0001000000100001 ( 315)                 ADD   R0 R0 #1
(341F) 0FFC  0000111111111100 ( 316)                 BRNZP CPPRINT2N
(3420) 2E24  0010111000100100 ( 317) CPPRINT1        LD    R7 CIRBIT2
(3421) 1247  0001001001000111 ( 318)                 ADD   R1 R1 R7
(3422) 1420  0001010000100000 ( 319)                 ADD   R2 R0 #0
(3423) 0C03  0000110000000011 ( 320)                 BRNZ  CPPRINT1Y
(3424) 2E18  0010111000011000 ( 321)                 LD    R7 CIBASCII
(3425) 1007  0001000000000111 ( 322)                 ADD   R0 R0 R7
(3426) F021  1111000000100001 ( 323)                 TRAP  x21
(3427) 2E1A  0010111000011010 ( 324) CPPRINT1Y       LD    R7 CIBIT1
(3428) 5020  0101000000100000 ( 325)                 AND   R0 R0 #0
(3429) 13C1  0001001111000001 ( 326) CPPRINT1N       ADD   R1 R7 R1
(342A) 0802  0000100000000010 ( 327)                 BRN   CPPRINT0
(342B) 1021  0001000000100001 ( 328)                 ADD   R0 R0 #1
(342C) 0FFC  0000111111111100 ( 329)                 BRNZP CPPRINT1N
(342D) 126A  0001001001101010 ( 330) CPPRINT0        ADD   R1 R1 #10
(342E) 1420  0001010000100000 ( 331)                 ADD   R2 R0 #0
(342F) 0C03  0000110000000011 ( 332)                 BRNZ  CPP0
(3430) 2E0C  0010111000001100 ( 333)                 LD    R7 CIBASCII
(3431) 1007  0001000000000111 ( 334)                 ADD   R0 R0 R7
(3432) F021  1111000000100001 ( 335)                 TRAP  x21
(3433) 2E09  0010111000001001 ( 336) CPP0            LD    R7 CIBASCII
(3434) 1047  0001000001000111 ( 337)                 ADD   R0 R1 R7
(3435) F021  1111000000100001 ( 338)                 TRAP  x21
(3436) 2E03  0010111000000011 ( 339) CPPRINTFINISH   LD    R7 CPRR7
(3437) 2203  0010001000000011 ( 340)                 LD    R1 CPRR1
(3438) 2403  0010010000000011 ( 341)                 LD    R2 CPRR2
(3439) C1C0  1100000111000000 ( 342)                 RET   
(343A) 0000  0000000000000000 ( 344) CPRR7           .FILL x0000
(343B) 0000  0000000000000000 ( 345) CPRR1           .FILL x0000
(343C) 0000  0000000000000000 ( 346) CPRR2           .FILL x0000
(343D) 0030  0000000000110000 ( 346) CIBASCII        .FILL x0030
(343E) 002D  0000000000101101 ( 347) CIBSGN          .FILL x002D
(343F) D8F0  1101100011110000 ( 348) CIBIT4          .FILL xD8F0
(3440) FC18  1111110000011000 ( 349) CIBIT3          .FILL xFC18
(3441) FF9C  1111111110011100 ( 350) CIBIT2          .FILL xFF9C
(3442) FFF6  1111111111110110 ( 351) CIBIT1          .FILL xFFF6
(3443) 2710  0010011100010000 ( 352) CIRBIT4         .FILL x2710
(3444) 03E8  0000001111101000 ( 353) CIRBIT3         .FILL x03E8
(3445) 0064  0000000001100100 ( 354) CIRBIT2         .FILL x0064
(3446) 000A  0000000000001010 ( 355) CIRBIT1         .FILL x000A
(3447) 3007  0011000000000111 ( 357) FUNCTION        .FILL x3007
(3448) 33F2  0011001111110010 ( 358)                 .FILL x33F2
(3449) 309D  0011000010011101 ( 359)                 .FILL x309D
(344A) 30BF  0011000010111111 ( 360)                 .FILL x30BF
(344B) 0000  0000000000000000 ( 362) STATIC          .FILL x0000
(344C) 0000  0000000000000000 ( 362)                 .FILL x0000
(344D) 0000  0000000000000000 ( 362)                 .FILL x0000
(344E) 0000  0000000000000000 ( 362)                 .FILL x0000
(344F) 0000  0000000000000000 ( 362)                 .FILL x0000
(3450) 0000  0000000000000000 ( 362)                 .FILL x0000
(3451) 0000  0000000000000000 ( 362)                 .FILL x0000
(3452) 0000  0000000000000000 ( 362)                 .FILL x0000
(3453) 0000  0000000000000000 ( 362)                 .FILL x0000
(3454) 0000  0000000000000000 ( 362)                 .FILL x0000
(3455) 0000  0000000000000000 ( 362)                 .FILL x0000
(3456) 0000  0000000000000000 ( 362)                 .FILL x0000
(3457) 0000  0000000000000000 ( 362)                 .FILL x0000
(3458) 0000  0000000000000000 ( 362)                 .FILL x0000
(3459) 0000  0000000000000000 ( 362)                 .FILL x0000
(345A) 0000  0000000000000000 ( 362)                 .FILL x0000
(345B) 0000  0000000000000000 ( 362)                 .FILL x0000
(345C) 0000  0000000000000000 ( 362)                 .FILL x0000
(345D) 0000  0000000000000000 ( 362)                 .FILL x0000
(345E) 0000  0000000000000000 ( 362)                 .FILL x0000
(345F) 0000  0000000000000000 ( 362)                 .FILL x0000
(3460) 0000  0000000000000000 ( 362)                 .FILL x0000
(3461) 0000  0000000000000000 ( 362)                 .FILL x0000
(3462) 0000  0000000000000000 ( 362)                 .FILL x0000
(3463) 0000  0000000000000000 ( 362)                 .FILL x0000
(3464) 0000  0000000000000000 ( 362)                 .FILL x0000
(3465) 0000  0000000000000000 ( 362)                 .FILL x0000
(3466) 0000  0000000000000000 ( 362)                 .FILL x0000
(3467) 0000  0000000000000000 ( 362)                 .FILL x0000
(3468) 0000  0000000000000000 ( 362)                 .FILL x0000
(3469) 0000  0000000000000000 ( 362)                 .FILL x0000
(346A) 0000  0000000000000000 ( 362)                 .FILL x0000
(346B) 0000  0000000000000000 ( 363)                 .FILL x0000
(346C) 0000  0000000000000000 ( 363)                 .FILL x0000
(346D) 0000  0000000000000000 ( 363)                 .FILL x0000
(346E) 0000  0000000000000000 ( 363)                 .FILL x0000
(346F) 0000  0000000000000000 ( 363)                 .FILL x0000
(3470) 0000  0000000000000000 ( 363)                 .FILL x0000
(3471) 0000  0000000000000000 ( 363)                 .FILL x0000
(3472) 0000  0000000000000000 ( 363)                 .FILL x0000
(3473) 0000  0000000000000000 ( 363)                 .FILL x0000
(3474) 0000  0000000000000000 ( 363)                 .FILL x0000
(3475) 0000  0000000000000000 ( 363)                 .FILL x0000
(3476) 0000  0000000000000000 ( 363)                 .FILL x0000
(3477) 0000  0000000000000000 ( 363)                 .FILL x0000
(3478) 0000  0000000000000000 ( 363)                 .FILL x0000
(3479) 0000  0000000000000000 ( 363)                 .FILL x0000
(347A) 0000  0000000000000000 ( 363)                 .FILL x0000
(347B) 0000  0000000000000000 ( 363)                 .FILL x0000
(347C) 0000  0000000000000000 ( 363)                 .FILL x0000
(347D) 0000  0000000000000000 ( 363)                 .FILL x0000
(347E) 0000  0000000000000000 ( 363)                 .FILL x0000
(347F) 0000  0000000000000000 ( 363)                 .FILL x0000
(3480) 0000  0000000000000000 ( 363)                 .FILL x0000
(3481) 0000  0000000000000000 ( 363)                 .FILL x0000
(3482) 0000  0000000000000000 ( 363)                 .FILL x0000
(3483) 0000  0000000000000000 ( 363)                 .FILL x0000
(3484) 0000  0000000000000000 ( 363)                 .FILL x0000
(3485) 0000  0000000000000000 ( 363)                 .FILL x0000
(3486) 0000  0000000000000000 ( 363)                 .FILL x0000
(3487) 0000  0000000000000000 ( 363)                 .FILL x0000
(3488) 0000  0000000000000000 ( 363)                 .FILL x0000
(3489) 0000  0000000000000000 ( 363)                 .FILL x0000
(348A) 0000  0000000000000000 ( 363)                 .FILL x0000
(348B) 0000  0000000000000000 ( 363)                 .FILL x0000
(348C) 0000  0000000000000000 ( 363)                 .FILL x0000
(348D) 0000  0000000000000000 ( 363)                 .FILL x0000
(348E) 0000  0000000000000000 ( 363)                 .FILL x0000
(348F) 0000  0000000000000000 ( 363)                 .FILL x0000
(3490) 0000  0000000000000000 ( 363)                 .FILL x0000
(3491) 0000  0000000000000000 ( 363)                 .FILL x0000
(3492) 0000  0000000000000000 ( 363)                 .FILL x0000
(3493) 0000  0000000000000000 ( 363)                 .FILL x0000
(3494) 0000  0000000000000000 ( 363)                 .FILL x0000
(3495) 0000  0000000000000000 ( 363)                 .FILL x0000
(3496) 0000  0000000000000000 ( 363)                 .FILL x0000
(3497) 0000  0000000000000000 ( 363)                 .FILL x0000
(3498) 0000  0000000000000000 ( 363)                 .FILL x0000
(3499) 0000  0000000000000000 ( 363)                 .FILL x0000
(349A) 0000  0000000000000000 ( 363)                 .FILL x0000
(349B) 0000  0000000000000000 ( 364) STACK           .FILL x0000
